2023-05-12 15:40:25,999 [INFO] Activator:176 - 


2023-05-12 15:40:26,012 [INFO] Activator:177 - !SESSION log4j initialized
2023-05-12 15:40:34,792 [INFO] LogOutputStream:77 - [STDOUT_REDIRECT] 
2023-05-12 15:40:59,733 [ERROR] LogOutputStream:75 - [STDERR_REDIRECT] SLF4J: Failed to load class "org.slf4j.impl.StaticLoggerBinder".
2023-05-12 15:40:59,736 [ERROR] LogOutputStream:75 - [STDERR_REDIRECT] SLF4J: Defaulting to no-operation (NOP) logger implementation
2023-05-12 15:40:59,736 [ERROR] LogOutputStream:75 - [STDERR_REDIRECT] SLF4J: See http://www.slf4j.org/codes.html#StaticLoggerBinder for further details.
2023-05-12 17:13:08,647 [INFO] ApplicationProperties:184 - Using Application install path: C:\ST\STM32CubeIDE_1.8.0\STM32CubeIDE\plugins\com.st.stm32cube.common.mx_6.8.1.202304191431
2023-05-12 17:13:08,664 [INFO] DbMcusXml:78 - Set database path to: C:\ST\STM32CubeIDE_1.8.0\STM32CubeIDE\plugins\com.st.stm32cube.common.mx_6.8.1.202304191431\\db\/mcu/
2023-05-12 17:13:08,664 [INFO] ApiDb:274 - Set plugin database path to: C:\ST\STM32CubeIDE_1.8.0\STM32CubeIDE\plugins\com.st.stm32cube.common.mx_6.8.1.202304191431\\db\/plugins/boardmanager/
2023-05-12 17:13:08,664 [WARN] ApiDb:259 - Overriding images path with different value:  => C:\ST\STM32CubeIDE_1.8.0\STM32CubeIDE\plugins\com.st.stm32cube.common.mx_6.8.1.202304191431\\db\/plugins/mcufinder/images/
2023-05-12 17:13:08,681 [INFO] ApiDb:250 - Set database path to: C:\Users\sbrot\.stmcufinder\plugins\mcufinder//mcu/
2023-05-12 17:13:08,681 [INFO] DbMcusAds:125 - Set database path to: C:\Users\sbrot\.stmcufinder\plugins\mcufinder//mcu/
2023-05-12 17:13:08,736 [INFO] CrossReferenceDbSqlite:203 - Set database path to: C:\Users\sbrot\.stmcufinder\plugins\mcufinder//mcu/cs/
2023-05-12 17:13:08,842 [INFO] DbMcusXml:78 - Set database path to: C:\ST\STM32CubeIDE_1.8.0\STM32CubeIDE\plugins\com.st.stm32cube.common.mx_6.8.1.202304191431\\db\/mcu/
2023-05-12 17:13:08,842 [INFO] ApiDb:274 - Set plugin database path to: C:\ST\STM32CubeIDE_1.8.0\STM32CubeIDE\plugins\com.st.stm32cube.common.mx_6.8.1.202304191431\\db\/plugins/boardmanager/
2023-05-12 17:13:08,842 [INFO] ApiDb:261 - Set plugin images path to: C:\ST\STM32CubeIDE_1.8.0\STM32CubeIDE\plugins\com.st.stm32cube.common.mx_6.8.1.202304191431\\db\/plugins/mcufinder/images/
2023-05-12 17:13:08,851 [WARN] DbFile:41 - Overriding database path with different value: C:\Users\sbrot\.stmcufinder\plugins\mcufinder/ => C:\Users\sbrot\.stmcufinder\plugins\mcufinder
2023-05-12 17:13:08,851 [INFO] ApiDb:250 - Set database path to: C:\Users\sbrot\.stmcufinder\plugins\mcufinder//mcu/
2023-05-12 17:13:08,851 [WARN] DbFile:41 - Overriding database path with different value: C:\Users\sbrot\.stmcufinder\plugins\mcufinder/ => C:\Users\sbrot\.stmcufinder\plugins\mcufinder
2023-05-12 17:13:08,851 [INFO] DbMcusAds:125 - Set database path to: C:\Users\sbrot\.stmcufinder\plugins\mcufinder//mcu/
2023-05-12 17:13:08,851 [WARN] DbFile:41 - Overriding database path with different value: C:\Users\sbrot\.stmcufinder\plugins\mcufinder/ => C:\Users\sbrot\.stmcufinder\plugins\mcufinder
2023-05-12 17:13:08,851 [WARN] DbFile:41 - Overriding database path with different value: C:\Users\sbrot\.stmcufinder\plugins\mcufinder/ => C:\Users\sbrot\.stmcufinder\plugins\mcufinder
2023-05-12 17:13:08,851 [INFO] CrossReferenceDbSqlite:203 - Set database path to: C:\Users\sbrot\.stmcufinder\plugins\mcufinder//mcu/cs/
2023-05-12 17:13:08,931 [INFO] MainPanel:253 - HeapMemory: 435159040
2023-05-12 17:13:09,094 [INFO] DbMcusXml:78 - Set database path to: C:\ST\STM32CubeIDE_1.8.0\STM32CubeIDE\plugins\com.st.stm32cube.common.mx_6.8.1.202304191431\\db\/mcu/
2023-05-12 17:13:09,094 [INFO] ApiDb:274 - Set plugin database path to: C:\ST\STM32CubeIDE_1.8.0\STM32CubeIDE\plugins\com.st.stm32cube.common.mx_6.8.1.202304191431\\db\/plugins/boardmanager/
2023-05-12 17:13:09,094 [INFO] ApiDb:261 - Set plugin images path to: C:\ST\STM32CubeIDE_1.8.0\STM32CubeIDE\plugins\com.st.stm32cube.common.mx_6.8.1.202304191431\\db\/plugins/mcufinder/images/
2023-05-12 17:13:09,104 [WARN] DbFile:41 - Overriding database path with different value: C:\Users\sbrot\.stmcufinder\plugins\mcufinder/ => C:\Users\sbrot\.stmcufinder\plugins\mcufinder
2023-05-12 17:13:09,104 [INFO] ApiDb:250 - Set database path to: C:\Users\sbrot\.stmcufinder\plugins\mcufinder//mcu/
2023-05-12 17:13:09,104 [WARN] DbFile:41 - Overriding database path with different value: C:\Users\sbrot\.stmcufinder\plugins\mcufinder/ => C:\Users\sbrot\.stmcufinder\plugins\mcufinder
2023-05-12 17:13:09,104 [INFO] DbMcusAds:125 - Set database path to: C:\Users\sbrot\.stmcufinder\plugins\mcufinder//mcu/
2023-05-12 17:13:09,104 [WARN] DbFile:41 - Overriding database path with different value: C:\Users\sbrot\.stmcufinder\plugins\mcufinder/ => C:\Users\sbrot\.stmcufinder\plugins\mcufinder
2023-05-12 17:13:09,105 [WARN] DbFile:41 - Overriding database path with different value: C:\Users\sbrot\.stmcufinder\plugins\mcufinder/ => C:\Users\sbrot\.stmcufinder\plugins\mcufinder
2023-05-12 17:13:09,105 [INFO] CrossReferenceDbSqlite:203 - Set database path to: C:\Users\sbrot\.stmcufinder\plugins\mcufinder//mcu/cs/
2023-05-12 17:13:09,120 [INFO] ApplicationProperties:184 - Using Application install path: C:\ST\STM32CubeIDE_1.8.0\STM32CubeIDE\plugins\com.st.stm32cube.common.mx_6.8.1.202304191431
2023-05-12 17:13:09,120 [INFO] PluginManage:196 - Search for loadable plugins [exclusion list=, ]
2023-05-12 17:13:09,120 [INFO] PluginManage:310 - Check plugin analytics
2023-05-12 17:13:09,360 [INFO] AnalyticsPlugin:253 - Accepted Software Licenses: 
2023-05-12 17:13:09,361 [INFO] AnalyticsPlugin:255 - Accepted CMSIS Pack Licenses: 
2023-05-12 17:13:09,361 [INFO] AnalyticsPlugin:257 - Accepted Firmware Licenses: 
2023-05-12 17:13:09,361 [INFO] PluginManage:359 - Loaded plugin analytics (category:tool,tabindex:-1)
2023-05-12 17:13:09,373 [INFO] PluginManage:310 - Check plugin cadmodel
2023-05-12 17:13:09,388 [INFO] CADModel:105 - Init CAD model plugin
2023-05-12 17:13:09,388 [INFO] PluginManage:359 - Loaded plugin cadmodel (category:power,tabindex:5)
2023-05-12 17:13:09,388 [INFO] PluginManage:310 - Check plugin clock
2023-05-12 17:13:09,420 [INFO] PluginManage:359 - Loaded plugin clock (category:base,tabindex:2)
2023-05-12 17:13:09,420 [INFO] PluginManage:310 - Check plugin ddr
2023-05-12 17:13:09,420 [INFO] PluginManage:359 - Loaded plugin ddr (category:tool,tabindex:6)
2023-05-12 17:13:09,420 [INFO] PluginManage:310 - Check plugin filemanager
2023-05-12 17:13:09,579 [INFO] PluginManage:359 - Loaded plugin filemanager (category:base,tabindex:10)
2023-05-12 17:13:09,579 [INFO] PluginManage:310 - Check plugin ipmanager
2023-05-12 17:13:09,595 [INFO] PluginManage:359 - Loaded plugin ipmanager (category:base,tabindex:5)
2023-05-12 17:13:09,595 [INFO] PluginManage:310 - Check plugin lpbam
2023-05-12 17:13:09,615 [INFO] PluginManage:359 - Loaded plugin lpbam (category:base,tabindex:0)
2023-05-12 17:13:09,615 [INFO] PluginManage:310 - Check plugin pinoutandconfiguration
2023-05-12 17:13:09,626 [INFO] PluginManage:359 - Loaded plugin pinoutandconfiguration (category:base,tabindex:1)
2023-05-12 17:13:09,626 [INFO] PluginManage:310 - Check plugin pinoutconfig
2023-05-12 17:13:09,783 [WARN] SupportedApi:132 - Cannot load RTOS API schema: s4s-elt-must-match.1: The content of 'definitions' must match (annotation?, (simpleType | complexType)?, (unique | key | keyref)*)). A problem was found starting at: attribute.
2023-05-12 17:13:09,971 [INFO] PluginManage:359 - Loaded plugin pinoutconfig (category:base,tabindex:0)
2023-05-12 17:13:09,971 [INFO] PluginManage:310 - Check plugin power
2023-05-12 17:13:09,987 [INFO] PluginManage:359 - Loaded plugin power (category:power,tabindex:4)
2023-05-12 17:13:09,987 [INFO] PluginManage:310 - Check plugin projectmanager
2023-05-12 17:13:10,017 [INFO] PluginManage:359 - Loaded plugin projectmanager (category:projectmanager,tabindex:3)
2023-05-12 17:13:10,017 [INFO] PluginManage:310 - Check plugin thirdparty
2023-05-12 17:13:10,285 [WARN] IntegrityCheckThread:84 - waiting for thirdparty lock release [integrity check]
2023-05-12 17:13:10,285 [INFO] IntegrityCheckThread:86 - entering critical section [integrity check]
2023-05-12 17:13:10,285 [INFO] PluginManage:359 - Loaded plugin thirdparty (category:base,tabindex:-1)
2023-05-12 17:13:10,285 [INFO] PluginManage:310 - Check plugin tools
2023-05-12 17:13:10,295 [INFO] ThirdPartyUpdaterWithRetryManager:70 - Updater plugin not ready yet. [1/15]
2023-05-12 17:13:10,320 [INFO] PluginManage:359 - Loaded plugin tools (category:base,tabindex:7)
2023-05-12 17:13:10,320 [INFO] PluginManage:310 - Check plugin tutovideos
2023-05-12 17:13:10,631 [INFO] PluginManage:359 - Loaded plugin tutovideos (category:base,tabindex:-1)
2023-05-12 17:13:10,631 [INFO] PluginManage:310 - Check plugin updater
2023-05-12 17:13:10,655 [INFO] PluginManage:359 - Loaded plugin updater (category:base,tabindex:12)
2023-05-12 17:13:10,655 [INFO] PluginManage:283 - PluginManage : Loaded plugins [15]
2023-05-12 17:13:11,008 [INFO] PinOutPanel:1499 - setPackage(No Configuration,No Configuration)
2023-05-12 17:13:11,102 [INFO] CADModel:165 - CPN selected for project level
2023-05-12 17:13:11,102 [INFO] CADModel:114 - Register for checkConnection events
2023-05-12 17:13:11,134 [INFO] IPUIPlugin:80 - create IPUIPlugin
2023-05-12 17:13:11,134 [INFO] PluginManager:220 - loadIPPluginJar : add adc
2023-05-12 17:13:11,165 [INFO] IPUIPlugin:80 - create IPUIPlugin
2023-05-12 17:13:11,165 [INFO] PluginManager:220 - loadIPPluginJar : add aes
2023-05-12 17:13:11,212 [INFO] IPUIPlugin:80 - create IPUIPlugin
2023-05-12 17:13:11,212 [INFO] PluginManager:220 - loadIPPluginJar : add can
2023-05-12 17:13:11,228 [INFO] IPUIPlugin:80 - create IPUIPlugin
2023-05-12 17:13:11,228 [INFO] PluginManager:220 - loadIPPluginJar : add comp
2023-05-12 17:13:11,259 [INFO] IPUIPlugin:80 - create IPUIPlugin
2023-05-12 17:13:11,259 [INFO] PluginManager:220 - loadIPPluginJar : add cryp
2023-05-12 17:13:11,290 [INFO] IPUIPlugin:80 - create IPUIPlugin
2023-05-12 17:13:11,290 [INFO] PluginManager:220 - loadIPPluginJar : add dfsdm
2023-05-12 17:13:11,306 [INFO] IPUIPlugin:80 - create IPUIPlugin
2023-05-12 17:13:11,313 [INFO] PluginManager:220 - loadIPPluginJar : add dma
2023-05-12 17:13:11,353 [INFO] IPUIPlugin:80 - create IPUIPlugin
2023-05-12 17:13:11,353 [INFO] PluginManager:220 - loadIPPluginJar : add dma3
2023-05-12 17:13:11,374 [INFO] IPUIPlugin:80 - create IPUIPlugin
2023-05-12 17:13:11,374 [INFO] PluginManager:220 - loadIPPluginJar : add fatfs
2023-05-12 17:13:11,420 [INFO] IPUIPlugin:80 - create IPUIPlugin
2023-05-12 17:13:11,420 [INFO] PluginManager:220 - loadIPPluginJar : add fmc
2023-05-12 17:13:11,440 [INFO] IPUIPlugin:80 - create IPUIPlugin
2023-05-12 17:13:11,440 [INFO] PluginManager:220 - loadIPPluginJar : add freertos
2023-05-12 17:13:11,458 [INFO] IPUIPlugin:80 - create IPUIPlugin
2023-05-12 17:13:11,458 [INFO] PluginManager:220 - loadIPPluginJar : add genericplugin
2023-05-12 17:13:11,547 [INFO] IPUIPlugin:80 - create IPUIPlugin
2023-05-12 17:13:11,547 [INFO] PluginManager:220 - loadIPPluginJar : add gfxmmu
2023-05-12 17:13:11,669 [INFO] IPUIPlugin:80 - create IPUIPlugin
2023-05-12 17:13:11,669 [INFO] PluginManager:220 - loadIPPluginJar : add gic
2023-05-12 17:13:11,684 [INFO] IPUIPlugin:80 - create IPUIPlugin
2023-05-12 17:13:11,684 [INFO] PluginManager:220 - loadIPPluginJar : add gpio
2023-05-12 17:13:11,763 [INFO] IPUIPlugin:80 - create IPUIPlugin
2023-05-12 17:13:11,763 [INFO] PluginManager:220 - loadIPPluginJar : add gtzc
2023-05-12 17:13:11,794 [INFO] IPUIPlugin:80 - create IPUIPlugin
2023-05-12 17:13:11,794 [INFO] PluginManager:220 - loadIPPluginJar : add hash
2023-05-12 17:13:11,841 [INFO] IPUIPlugin:80 - create IPUIPlugin
2023-05-12 17:13:11,841 [INFO] PluginManager:220 - loadIPPluginJar : add i2c
2023-05-12 17:13:11,873 [INFO] IPUIPlugin:80 - create IPUIPlugin
2023-05-12 17:13:11,873 [INFO] PluginManager:220 - loadIPPluginJar : add i2s
2023-05-12 17:13:11,920 [INFO] IPUIPlugin:80 - create IPUIPlugin
2023-05-12 17:13:11,920 [INFO] PluginManager:220 - loadIPPluginJar : add i3c
2023-05-12 17:13:12,014 [INFO] IPUIPlugin:80 - create IPUIPlugin
2023-05-12 17:13:12,014 [INFO] PluginManager:220 - loadIPPluginJar : add ipddr
2023-05-12 17:13:12,093 [INFO] IPUIPlugin:80 - create IPUIPlugin
2023-05-12 17:13:12,093 [INFO] PluginManager:220 - loadIPPluginJar : add linkedlist
2023-05-12 17:13:12,124 [INFO] IPUIPlugin:80 - create IPUIPlugin
2023-05-12 17:13:12,124 [INFO] PluginManager:220 - loadIPPluginJar : add lorawan
2023-05-12 17:13:12,156 [INFO] IPUIPlugin:80 - create IPUIPlugin
2023-05-12 17:13:12,156 [INFO] PluginManager:220 - loadIPPluginJar : add ltdc
2023-05-12 17:13:12,171 [INFO] IPUIPlugin:80 - create IPUIPlugin
2023-05-12 17:13:12,171 [INFO] PluginManager:220 - loadIPPluginJar : add mdma
2023-05-12 17:13:12,187 [INFO] IPUIPlugin:80 - create IPUIPlugin
2023-05-12 17:13:12,187 [INFO] PluginManager:220 - loadIPPluginJar : add nvic
2023-05-12 17:13:12,221 [INFO] IPUIPlugin:80 - create IPUIPlugin
2023-05-12 17:13:12,221 [INFO] PluginManager:220 - loadIPPluginJar : add opamp
2023-05-12 17:13:12,282 [INFO] IPUIPlugin:80 - create IPUIPlugin
2023-05-12 17:13:12,282 [INFO] PluginManager:220 - loadIPPluginJar : add openamp
2023-05-12 17:13:12,321 [INFO] IPUIPlugin:80 - create IPUIPlugin
2023-05-12 17:13:12,321 [INFO] PluginManager:220 - loadIPPluginJar : add pdm2pcm
2023-05-12 17:13:12,330 [INFO] IPUIPlugin:80 - create IPUIPlugin
2023-05-12 17:13:12,345 [INFO] PluginManager:220 - loadIPPluginJar : add plateformsettings
2023-05-12 17:13:12,361 [INFO] IPUIPlugin:80 - create IPUIPlugin
2023-05-12 17:13:12,361 [INFO] PluginManager:220 - loadIPPluginJar : add quadspi
2023-05-12 17:13:12,377 [INFO] IPUIPlugin:80 - create IPUIPlugin
2023-05-12 17:13:12,377 [INFO] PluginManager:220 - loadIPPluginJar : add resmgrutility
2023-05-12 17:13:12,424 [INFO] IPUIPlugin:80 - create IPUIPlugin
2023-05-12 17:13:12,424 [INFO] PluginManager:220 - loadIPPluginJar : add sai
2023-05-12 17:13:12,455 [INFO] IPUIPlugin:80 - create IPUIPlugin
2023-05-12 17:13:12,455 [INFO] PluginManager:220 - loadIPPluginJar : add spi
2023-05-12 17:13:12,502 [INFO] IPUIPlugin:80 - create IPUIPlugin
2023-05-12 17:13:12,502 [INFO] PluginManager:220 - loadIPPluginJar : add stm32_wpan
2023-05-12 17:13:12,534 [INFO] IPUIPlugin:80 - create IPUIPlugin
2023-05-12 17:13:12,534 [INFO] PluginManager:220 - loadIPPluginJar : add tim
2023-05-12 17:13:12,581 [INFO] IPUIPlugin:80 - create IPUIPlugin
2023-05-12 17:13:12,581 [INFO] PluginManager:220 - loadIPPluginJar : add touchsensing
2023-05-12 17:13:12,612 [INFO] IPUIPlugin:80 - create IPUIPlugin
2023-05-12 17:13:12,612 [INFO] PluginManager:220 - loadIPPluginJar : add tracer_emb
2023-05-12 17:13:12,628 [INFO] IPUIPlugin:80 - create IPUIPlugin
2023-05-12 17:13:12,628 [INFO] PluginManager:220 - loadIPPluginJar : add ts
2023-05-12 17:13:12,644 [INFO] IPUIPlugin:80 - create IPUIPlugin
2023-05-12 17:13:12,644 [INFO] PluginManager:220 - loadIPPluginJar : add tsc
2023-05-12 17:13:12,675 [INFO] IPUIPlugin:80 - create IPUIPlugin
2023-05-12 17:13:12,675 [INFO] PluginManager:220 - loadIPPluginJar : add ucpd
2023-05-12 17:13:12,706 [INFO] IPUIPlugin:80 - create IPUIPlugin
2023-05-12 17:13:12,706 [INFO] PluginManager:220 - loadIPPluginJar : add usart
2023-05-12 17:13:12,753 [INFO] IPUIPlugin:80 - create IPUIPlugin
2023-05-12 17:13:12,753 [INFO] PluginManager:220 - loadIPPluginJar : add usbx
2023-05-12 17:13:12,895 [INFO] CADModel:165 - CPN selected for project level
2023-05-12 17:13:12,895 [INFO] CADModel:114 - Register for checkConnection events
2023-05-12 17:13:12,895 [FATAL] Updater:308 - Updater called before beeing initialized
2023-05-12 17:13:12,895 [ERROR] CADModel:125 - Updater not yet initialized, retry later 
2023-05-12 17:13:13,129 [INFO] CADModel:165 - CPN selected for project level
2023-05-12 17:13:13,129 [INFO] CADModel:114 - Register for checkConnection events
2023-05-12 17:13:13,129 [FATAL] Updater:308 - Updater called before beeing initialized
2023-05-12 17:13:13,129 [ERROR] CADModel:125 - Updater not yet initialized, retry later 
2023-05-12 17:13:13,129 [FATAL] Updater:308 - Updater called before beeing initialized
2023-05-12 17:13:13,303 [INFO] ThirdPartyUpdaterWithRetryManager:70 - Updater plugin not ready yet. [2/15]
2023-05-12 17:13:13,367 [FATAL] Updater:308 - Updater called before beeing initialized
2023-05-12 17:13:13,386 [INFO] DbMcusAds:53 - JSON generation date=Tue Mar 07 09:50:55 CET 2023 (1678179055335)
2023-05-12 17:13:13,386 [FATAL] Updater:308 - Updater called before beeing initialized
2023-05-12 17:13:13,446 [WARN] DetailPanel:346 - Failed to get advertising image, set to default
2023-05-12 17:13:13,541 [FATAL] Updater:308 - Updater called before beeing initialized
2023-05-12 17:13:13,541 [FATAL] Updater:308 - Updater called before beeing initialized
2023-05-12 17:13:13,541 [FATAL] Updater:308 - Updater called before beeing initialized
2023-05-12 17:13:13,541 [WARN] DetailPanel:346 - Failed to get advertising image, set to default
2023-05-12 17:13:13,541 [FATAL] Updater:308 - Updater called before beeing initialized
2023-05-12 17:13:13,622 [ERROR] Updater:1120 - MainUpdater not yet initialized. External WinMGr cannot be set.
2023-05-12 17:13:13,636 [INFO] Updater:1056 - Updater Version found : 6.8.1
2023-05-12 17:13:13,652 [INFO] ApplicationProperties:184 - Using Application install path: C:\ST\STM32CubeIDE_1.8.0\STM32CubeIDE\plugins\com.st.stm32cube.common.mx_6.8.1.202304191431
2023-05-12 17:13:13,935 [INFO] MainUpdater:2854 - connection check result : 10
2023-05-12 17:13:13,938 [INFO] MainUpdater:283 - Updater Check For Update Now.
2023-05-12 17:13:13,939 [INFO] MicroXplorer:498 - Change Database Version : DB.6.0.81
2023-05-12 17:13:14,115 [INFO] CheckServerUpdateThread:120 - End of CheckServer Thread
2023-05-12 17:13:14,156 [INFO] MainUpdater:2854 - connection check result : 10
2023-05-12 17:13:14,198 [INFO] MainUpdater:2854 - connection check result : 10
2023-05-12 17:13:14,362 [INFO] MicroXplorer:468 - Change Database Path : 
2023-05-12 17:13:14,364 [INFO] MicroXplorer:498 - Change Database Version : DB.6.0.81
2023-05-12 17:13:14,364 [WARN] ThirdParty:871 - waiting for thirdparty lock release [close project]
2023-05-12 17:13:16,452 [WARN] PackLoader:240 - Cannot read IP mode file for STMicroelectronics.X-CUBE-GNSS1.6.0.0
2023-05-12 17:13:16,493 [WARN] PackLoader:240 - Cannot read IP mode file for STMicroelectronics.X-CUBE-AZRTOS-F4.1.1.0
2023-05-12 17:13:16,511 [WARN] PackLoader:240 - Cannot read IP mode file for STMicroelectronics.X-CUBE-SMBUS.2.1.0
2023-05-12 17:13:16,540 [WARN] PackLoader:240 - Cannot read IP mode file for STMicroelectronics.X-CUBE-AZRTOS-F7.1.1.0
2023-05-12 17:13:16,590 [WARN] PackLoader:240 - Cannot read IP mode file for STMicroelectronics.X-CUBE-MEMS1.9.6.0
2023-05-12 17:13:16,714 [WARN] PackLoader:240 - Cannot read IP mode file for STMicroelectronics.X-CUBE-BLE1.6.2.4
2023-05-12 17:13:16,728 [WARN] PackLoader:240 - Cannot read IP mode file for emotas.I-CUBE-CANOPEN.1.1.3
2023-05-12 17:13:16,742 [WARN] PackLoader:240 - Cannot read IP mode file for STMicroelectronics.X-CUBE-BLEMGR.2.0.0
2023-05-12 17:13:16,772 [WARN] ConditionMgr:438 - getConditionDescription Invalid condition id : UX DEVICE CLASS RTOS Condition cause : null
2023-05-12 17:13:16,772 [WARN] ConditionMgr:438 - getConditionDescription Invalid condition id : UX DEVICE CLASS RTOS Condition cause : null
2023-05-12 17:13:16,772 [WARN] PackLoader:240 - Cannot read IP mode file for STMicroelectronics.X-CUBE-AZRTOS-H7.3.1.0
2023-05-12 17:13:16,772 [WARN] ConditionMgr:1039 - genDependencies : Invalid condition id : UX DEVICE CLASS RTOS Condition cause : null
2023-05-12 17:13:16,772 [WARN] ConditionMgr:1039 - genDependencies : Invalid condition id : UX DEVICE CLASS RTOS Condition cause : null
2023-05-12 17:13:16,772 [WARN] ConditionMgr:1039 - genDependencies : Invalid condition id : UX DEVICE CLASS RTOS Condition cause : null
2023-05-12 17:13:16,772 [WARN] ConditionMgr:1039 - genDependencies : Invalid condition id : UX DEVICE CLASS RTOS Condition cause : null
2023-05-12 17:13:16,772 [WARN] ConditionMgr:1039 - genDependencies : Invalid condition id : UX DEVICE CLASS RTOS Condition cause : null
2023-05-12 17:13:16,792 [WARN] PackLoader:240 - Cannot read IP mode file for STMicroelectronics.X-CUBE-DISPLAY.3.0.0
2023-05-12 17:13:16,805 [WARN] PackLoader:240 - Cannot read IP mode file for wolfSSL.I-CUBE-wolfSSL.5.5.4
2023-05-12 17:13:16,816 [WARN] PackLoader:240 - Cannot read IP mode file for STMicroelectronics.X-CUBE-NFC7.1.0.0
2023-05-12 17:13:16,832 [WARN] PackLoader:240 - Cannot read IP mode file for STMicroelectronics.X-CUBE-EEPRMA1.4.1.0
2023-05-12 17:13:16,848 [WARN] PackLoader:240 - Cannot read IP mode file for WES.I-CUBE-Cesium.1.3.0
2023-05-12 17:13:16,861 [WARN] PackLoader:240 - Cannot read IP mode file for STMicroelectronics.X-CUBE-SFXS2LP1.4.0.0
2023-05-12 17:13:16,870 [WARN] PackLoader:240 - Cannot read IP mode file for STMicroelectronics.X-CUBE-BLE2.3.3.0
2023-05-12 17:13:16,881 [WARN] PackLoader:240 - Cannot read IP mode file for STMicroelectronics.X-CUBE-TOF1.3.2.0
2023-05-12 17:13:16,951 [WARN] PackLoader:240 - Cannot read IP mode file for STMicroelectronics.X-CUBE-AZRTOS-H7.3.0.0
2023-05-12 17:13:16,963 [WARN] PackLoader:240 - Cannot read IP mode file for STMicroelectronics.X-CUBE-ISPU.1.1.0
2023-05-12 17:13:16,979 [WARN] PackLoader:240 - Cannot read IP mode file for RoweBots.I-CUBE-UNISONRTOS.5.5.0-4
2023-05-12 17:13:16,992 [WARN] PackLoader:240 - Cannot read IP mode file for STMicroelectronics.X-CUBE-AI.8.0.0
2023-05-12 17:13:17,003 [WARN] PackLoader:240 - Cannot read IP mode file for STMicroelectronics.X-CUBE-FREERTOS.1.0.0
2023-05-12 17:13:17,013 [WARN] PackLoader:240 - Cannot read IP mode file for STMicroelectronics.X-CUBE-FREERTOS.1.0.1
2023-05-12 17:13:17,022 [WARN] PackLoader:240 - Cannot read IP mode file for STMicroelectronics.X-CUBE-TOUCHGFX.4.21.1
2023-05-12 17:13:17,031 [WARN] PackLoader:240 - Cannot read IP mode file for STMicroelectronics.X-CUBE-TOUCHGFX.4.21.3
2023-05-12 17:13:17,056 [WARN] PackLoader:240 - Cannot read IP mode file for STMicroelectronics.X-CUBE-ALGOBUILD.1.3.0
2023-05-12 17:13:17,081 [WARN] PackLoader:240 - Cannot read IP mode file for STMicroelectronics.X-CUBE-AZRTOS-L5.1.1.0
2023-05-12 17:13:17,109 [WARN] PackLoader:240 - Cannot read IP mode file for STMicroelectronics.X-CUBE-AZRTOS-G0.1.1.0
2023-05-12 17:13:17,126 [WARN] PackLoader:240 - Cannot read IP mode file for STMicroelectronics.X-CUBE-SUBG2.5.0.0
2023-05-12 17:13:17,133 [WARN] PackLoader:240 - Cannot read IP mode file for STMicroelectronics.X-CUBE-NFC4.3.0.0
2023-05-12 17:13:17,164 [WARN] PackLoader:240 - Cannot read IP mode file for STMicroelectronics.X-CUBE-AZRTOS-G4.2.0.0
2023-05-12 17:13:17,180 [WARN] PackLoader:240 - Cannot read IP mode file for STMicroelectronics.X-CUBE-TOF1.3.3.0
2023-05-12 17:13:17,196 [WARN] PackLoader:240 - Cannot read IP mode file for STMicroelectronics.FP-ATR-ASTRA1.1.1.1
2023-05-12 17:13:17,220 [WARN] PackLoader:240 - Cannot read IP mode file for STMicroelectronics.X-CUBE-AZRTOS-G4.1.0.0
2023-05-12 17:13:17,231 [WARN] PackLoader:240 - Cannot read IP mode file for STMicroelectronics.FP-ATR-SIGFOX1.3.2.0
2023-05-12 17:13:17,255 [WARN] PackLoader:240 - Cannot read IP mode file for STMicroelectronics.X-CUBE-AZRTOS-L4.1.0.0
2023-05-12 17:13:17,272 [WARN] PackLoader:240 - Cannot read IP mode file for STMicroelectronics.X-CUBE-AZRTOS-WL.1.0.0
2023-05-12 17:13:17,285 [WARN] PackLoader:240 - Cannot read IP mode file for portGmbH.I-Cube-SoM-uGOAL.1.1.0
2023-05-12 17:13:17,297 [WARN] PackLoader:240 - Cannot read IP mode file for STMicroelectronics.X-CUBE-ALS.1.0.1
2023-05-12 17:13:17,331 [WARN] PackLoader:240 - Cannot read IP mode file for STMicroelectronics.X-CUBE-MEMS1.9.5.0
2023-05-12 17:13:17,451 [WARN] PackLoader:240 - Cannot read IP mode file for STMicroelectronics.X-CUBE-AZRTOS-WB.1.1.0
2023-05-12 17:13:17,492 [WARN] PackLoader:240 - Cannot read IP mode file for SEGGER.I-CUBE-embOS.1.3.1
2023-05-12 17:13:17,529 [WARN] PackLoader:240 - Cannot read IP mode file for STMicroelectronics.FP-ATR-ASTRA1.2.0.0
2023-05-12 17:13:17,530 [INFO] ThirdParty:978 - Integrity check success = true
2023-05-12 17:13:17,530 [INFO] IntegrityCheckThread:100 - exiting critical section [integrity check]
2023-05-12 17:13:17,530 [INFO] IntegrityCheckThread:103 - End integrity checks thread
2023-05-12 17:13:17,530 [INFO] ThirdParty:873 - entering critical section [close project]
2023-05-12 17:13:17,532 [INFO] ThirdParty:883 - exiting critical section [close project]
2023-05-12 17:13:17,548 [INFO] PinOutPanel:1499 - setPackage(No Configuration,No Configuration)
2023-05-12 17:13:17,566 [INFO] UtilMem:75 - Begin LoadConfig() Used Memory: 337911072 Bytes (435159040)
2023-05-12 17:13:17,570 [INFO] MicroXplorer:468 - Change Database Path : C:/Users/sbrot/.stm32cubemx/databases/DB.6.0.40/db/
2023-05-12 17:13:17,570 [INFO] MicroXplorer:498 - Change Database Version : DB.6.0.40
2023-05-12 17:13:20,635 [INFO] OpenFileManager:308 - Change cursor
2023-05-12 17:13:20,716 [INFO] Mcu:1937 - Initializing MCU STM32F411R(C-E)Tx STM32F411RETx STM32F411RET6
2023-05-12 17:13:22,308 [INFO] Context:659 - Trying to add GPIOservice into a context  which must be forbidden
2023-05-12 17:13:22,984 [INFO] RtosManager:555 - Registered RTOS mode: class=CMSIS, group=RTOS, mode=CMSIS_V1, owner=FREERTOS
2023-05-12 17:13:22,984 [INFO] RtosManager:555 - Registered RTOS mode: class=CMSIS, group=RTOS2, mode=CMSIS_V2, owner=FREERTOS
2023-05-12 17:13:22,987 [INFO] RtosManager:555 - Registered RTOS mode: class=RTOS, group=Core, mode=CMSIS_V1, owner=FREERTOS
2023-05-12 17:13:22,987 [INFO] RtosManager:555 - Registered RTOS mode: class=RTOS, group=Core, mode=CMSIS_V2, owner=FREERTOS
2023-05-12 17:13:22,988 [WARN] ModelIntegratedComponent:184 - Missing modes for component STMicroelectronics:FreeRTOS:0.0.1:STMicroelectronics:RTOS:FreeRTOS:Core:::10.2.0:
2023-05-12 17:13:22,994 [WARN] ModelIntegratedComponent:182 - Modes not found for component STMicroelectronics:USB_HOST:1.0.0:STMicroelectronics:USB::USB Host:Audio HS::1.0:USB_HOST_1_0_RESTRICTED_HS
2023-05-12 17:13:22,994 [WARN] ModelIntegratedComponent:188 - Modes not found for component STMicroelectronics:USB_HOST:1.0.0:STMicroelectronics:USB::USB Host:Audio HS::1.0:USB_HOST_1_0_RESTRICTED_HS
2023-05-12 17:13:22,995 [WARN] ModelIntegratedComponent:182 - Modes not found for component STMicroelectronics:USB_HOST:1.0.0:STMicroelectronics:USB::USB Host:CDC HS::1.0:USB_HOST_1_0_RESTRICTED_HS
2023-05-12 17:13:22,995 [WARN] ModelIntegratedComponent:188 - Modes not found for component STMicroelectronics:USB_HOST:1.0.0:STMicroelectronics:USB::USB Host:CDC HS::1.0:USB_HOST_1_0_RESTRICTED_HS
2023-05-12 17:13:22,995 [WARN] ModelIntegratedComponent:182 - Modes not found for component STMicroelectronics:USB_HOST:1.0.0:STMicroelectronics:USB::USB Host:MSC HS::1.0:USB_HOST_1_0_RESTRICTED_HS
2023-05-12 17:13:22,995 [WARN] ModelIntegratedComponent:188 - Modes not found for component STMicroelectronics:USB_HOST:1.0.0:STMicroelectronics:USB::USB Host:MSC HS::1.0:USB_HOST_1_0_RESTRICTED_HS
2023-05-12 17:13:22,995 [WARN] ModelIntegratedComponent:182 - Modes not found for component STMicroelectronics:USB_HOST:1.0.0:STMicroelectronics:USB::USB Host:HID HS::1.0:USB_HOST_1_0_RESTRICTED_HS
2023-05-12 17:13:22,995 [WARN] ModelIntegratedComponent:188 - Modes not found for component STMicroelectronics:USB_HOST:1.0.0:STMicroelectronics:USB::USB Host:HID HS::1.0:USB_HOST_1_0_RESTRICTED_HS
2023-05-12 17:13:22,995 [WARN] ModelIntegratedComponent:182 - Modes not found for component STMicroelectronics:USB_HOST:1.0.0:STMicroelectronics:USB::USB Host:MTP HS::1.0:USB_HOST_1_0_RESTRICTED_HS
2023-05-12 17:13:22,995 [WARN] ModelIntegratedComponent:188 - Modes not found for component STMicroelectronics:USB_HOST:1.0.0:STMicroelectronics:USB::USB Host:MTP HS::1.0:USB_HOST_1_0_RESTRICTED_HS
2023-05-12 17:13:23,016 [WARN] ModelIntegratedComponent:63 - No mode defined for component null
2023-05-12 17:13:23,016 [WARN] ModelIntegratedComponent:63 - No mode defined for component null
2023-05-12 17:13:23,016 [WARN] ModelIntegratedComponent:63 - No mode defined for component null
2023-05-12 17:13:23,016 [WARN] ModelIntegratedComponent:63 - No mode defined for component null
2023-05-12 17:13:23,017 [WARN] ModelIntegratedComponent:63 - No mode defined for component null
2023-05-12 17:13:23,017 [WARN] ModelIntegratedComponent:63 - No mode defined for component null
2023-05-12 17:13:23,017 [WARN] ModelIntegratedComponent:63 - No mode defined for component null
2023-05-12 17:13:23,017 [WARN] ModelIntegratedComponent:63 - No mode defined for component null
2023-05-12 17:13:23,018 [WARN] ModelIntegratedComponent:63 - No mode defined for component null
2023-05-12 17:13:23,018 [WARN] ModelIntegratedComponent:63 - No mode defined for component null
2023-05-12 17:13:23,018 [WARN] ModelIntegratedComponent:63 - No mode defined for component null
2023-05-12 17:13:23,018 [WARN] ModelIntegratedComponent:63 - No mode defined for component null
2023-05-12 17:13:23,018 [WARN] ModelIntegratedComponent:63 - No mode defined for component null
2023-05-12 17:13:23,018 [WARN] ModelIntegratedComponent:63 - No mode defined for component null
2023-05-12 17:13:23,018 [WARN] ModelIntegratedComponent:63 - No mode defined for component null
2023-05-12 17:13:23,018 [WARN] ModelIntegratedComponent:63 - No mode defined for component null
2023-05-12 17:13:23,018 [WARN] ModelIntegratedComponent:63 - No mode defined for component null
2023-05-12 17:13:23,018 [WARN] ModelIntegratedComponent:63 - No mode defined for component null
2023-05-12 17:13:23,021 [WARN] ModelIntegratedComponent:63 - No mode defined for component null
2023-05-12 17:13:23,021 [WARN] ModelIntegratedComponent:63 - No mode defined for component null
2023-05-12 17:13:23,021 [WARN] ModelIntegratedComponent:63 - No mode defined for component null
2023-05-12 17:13:23,021 [WARN] ModelIntegratedComponent:63 - No mode defined for component null
2023-05-12 17:13:23,021 [WARN] ModelIntegratedComponent:63 - No mode defined for component null
2023-05-12 17:13:23,021 [WARN] ModelIntegratedComponent:63 - No mode defined for component null
2023-05-12 17:13:23,021 [WARN] ModelIntegratedComponent:63 - No mode defined for component null
2023-05-12 17:13:23,023 [WARN] ModelIntegratedComponent:63 - No mode defined for component null
2023-05-12 17:13:23,023 [WARN] ModelIntegratedComponent:63 - No mode defined for component null
2023-05-12 17:13:23,023 [WARN] ModelIntegratedComponent:63 - No mode defined for component null
2023-05-12 17:13:23,023 [WARN] ModelIntegratedComponent:63 - No mode defined for component null
2023-05-12 17:13:23,023 [WARN] ModelIntegratedComponent:63 - No mode defined for component null
2023-05-12 17:13:23,023 [WARN] ModelIntegratedComponent:63 - No mode defined for component null
2023-05-12 17:13:23,024 [WARN] ModelIntegratedComponent:63 - No mode defined for component null
2023-05-12 17:13:23,024 [WARN] ModelIntegratedComponent:63 - No mode defined for component null
2023-05-12 17:13:23,093 [WARN] ModelIntegratedComponent:182 - Modes not found for component STMicroelectronics:USB_DEVICE:1.0.0:STMicroelectronics:USB::USB Device:Audio HS::1.0:USB_DEVICE_1_0_RESTRICTED_HS
2023-05-12 17:13:23,093 [WARN] ModelIntegratedComponent:188 - Modes not found for component STMicroelectronics:USB_DEVICE:1.0.0:STMicroelectronics:USB::USB Device:Audio HS::1.0:USB_DEVICE_1_0_RESTRICTED_HS
2023-05-12 17:13:23,093 [WARN] ModelIntegratedComponent:182 - Modes not found for component STMicroelectronics:USB_DEVICE:1.0.0:STMicroelectronics:USB::USB Device:CDC HS::1.0:USB_DEVICE_1_0_RESTRICTED_HS
2023-05-12 17:13:23,093 [WARN] ModelIntegratedComponent:188 - Modes not found for component STMicroelectronics:USB_DEVICE:1.0.0:STMicroelectronics:USB::USB Device:CDC HS::1.0:USB_DEVICE_1_0_RESTRICTED_HS
2023-05-12 17:13:23,093 [WARN] ModelIntegratedComponent:182 - Modes not found for component STMicroelectronics:USB_DEVICE:1.0.0:STMicroelectronics:USB::USB Device:DFU HS::1.0:USB_DEVICE_1_0_RESTRICTED_HS
2023-05-12 17:13:23,097 [WARN] ModelIntegratedComponent:188 - Modes not found for component STMicroelectronics:USB_DEVICE:1.0.0:STMicroelectronics:USB::USB Device:DFU HS::1.0:USB_DEVICE_1_0_RESTRICTED_HS
2023-05-12 17:13:23,097 [WARN] ModelIntegratedComponent:182 - Modes not found for component STMicroelectronics:USB_DEVICE:1.0.0:STMicroelectronics:USB::USB Device:HID HS::1.0:USB_DEVICE_1_0_RESTRICTED_HS
2023-05-12 17:13:23,097 [WARN] ModelIntegratedComponent:188 - Modes not found for component STMicroelectronics:USB_DEVICE:1.0.0:STMicroelectronics:USB::USB Device:HID HS::1.0:USB_DEVICE_1_0_RESTRICTED_HS
2023-05-12 17:13:23,097 [WARN] ModelIntegratedComponent:182 - Modes not found for component STMicroelectronics:USB_DEVICE:1.0.0:STMicroelectronics:USB::USB Device:Custom HID HS::1.0:USB_DEVICE_1_0_RESTRICTED_HS
2023-05-12 17:13:23,098 [WARN] ModelIntegratedComponent:188 - Modes not found for component STMicroelectronics:USB_DEVICE:1.0.0:STMicroelectronics:USB::USB Device:Custom HID HS::1.0:USB_DEVICE_1_0_RESTRICTED_HS
2023-05-12 17:13:23,098 [WARN] ModelIntegratedComponent:182 - Modes not found for component STMicroelectronics:USB_DEVICE:1.0.0:STMicroelectronics:USB::USB Device:MSC HS::1.0:USB_DEVICE_1_0_RESTRICTED_HS
2023-05-12 17:13:23,098 [WARN] ModelIntegratedComponent:188 - Modes not found for component STMicroelectronics:USB_DEVICE:1.0.0:STMicroelectronics:USB::USB Device:MSC HS::1.0:USB_DEVICE_1_0_RESTRICTED_HS
2023-05-12 17:13:23,120 [INFO] ThirdPartyModel:298 - Start build external matchings
2023-05-12 17:13:23,437 [INFO] ThirdPartyModel:316 - End build external matchings
2023-05-12 17:13:23,456 [INFO] RtosManager:919 - Current active RTOS is FREERTOS [Cortex-M4NS]
2023-05-12 17:13:23,486 [INFO] ImportTextPane:194 - (OptionalMessage_ERROR) IP (RCC) : Parameter (48MHZClocksFreq_Value) has invalid value (84000000)
2023-05-12 17:13:23,489 [INFO] ImportTextPane:194 - (OptionalMessage_ERROR) IP (RCC) : Parameter (FLatency) has Id (AdvancedSettings) currently not set
2023-05-12 17:13:23,489 [INFO] ImportTextPane:194 - (OptionalMessage_ERROR) IP (RCC) : Parameter (RTCHSEDivFreq_Value) has invalid value (4000000)
2023-05-12 17:13:23,810 [INFO] UtilMem:75 - End LoadConfig() Used Memory: 318348608 Bytes (435159040)
2023-05-12 17:13:23,921 [INFO] ApiDb:581 - Connected to CubeFinder SQLite database (C:\Users\sbrot\.stmcufinder\plugins\mcufinder\mcu\cube-finder-db.db)
2023-05-12 17:13:24,014 [INFO] ApiDb:668 - CubeFinder database Data Model version=2.1
2023-05-12 17:13:24,016 [INFO] ApiDb:669 - CubeFinder database Configuration version=3.0.35
2023-05-12 17:13:24,016 [INFO] ApiDb:670 - CubeFinder database generation date=2023-04-03 (1680511692)
2023-05-12 17:13:24,016 [INFO] ApiDb:671 - CubeFinder database FW Pack versions=[FP-ATR-ASTRA1_V2.0.0, STM32Cube_FW_C0_V1.0.1, STM32Cube_FW_F0_V1.11.4, STM32Cube_FW_F3_V1.11.4, STM32Cube_FW_F4_V1.27.1, STM32Cube_FW_F7_V1.17.0, STM32Cube_FW_G0_V1.6.1, STM32Cube_FW_G4_V1.5.1, STM32Cube_FW_H5_V0.5.1, STM32Cube_FW_H5_V1.0.0, STM32Cube_FW_H7_V1.11.0, STM32Cube_FW_L0_V1.12.2, STM32Cube_FW_L5_V1.5.0, STM32Cube_FW_U5_V1.2.0, STM32Cube_FW_WBA_V1.0.0, STM32Cube_FW_WBA_V1.0.0RC1, STM32Cube_FW_WBA_V1.0.0RC3, STM32Cube_FW_WB_V1.15.0RC1, STM32Cube_FW_WB_V1.16.0, STM32Cube_FW_WB_V1.16.0RC2, STM32Cube_FW_WL_V1.3.0, X-CUBE-ALGOBUILD_V1.3.0, X-CUBE-ALS_V1.0.1, X-CUBE-AZRTOS-F4_V1.1.0, X-CUBE-AZRTOS-F7_V1.1.0, X-CUBE-AZRTOS-G0_V1.1.0, X-CUBE-AZRTOS-G4_V1.0.0, X-CUBE-AZRTOS-H7_V3.0.0, X-CUBE-AZRTOS-L4_V1.0.0, X-CUBE-AZRTOS-L5_V1.1.0, X-CUBE-AZRTOS-WB_V1.1.0, X-CUBE-AZRTOS-WL_V1.0.0, X-CUBE-BLE1_V6.2.4, X-CUBE-BLE2_V3.3.0, X-CUBE-BLEMGR_V1.3.0, X-CUBE-EEPRMA1_V4.1.0, X-CUBE-FREERTOS_V1.0.1, X-CUBE-GNSS1_V6.0.0, X-CUBE-MEMS1_V9.1.0, X-CUBE-MEMS1_V9.4.0, X-CUBE-MEMS1_V9.5.0, X-CUBE-NFC4_V3.0.0, X-CUBE-NFC7_V1.0.0, X-CUBE-SFXS2LP1_V4.0.0, X-CUBE-SUBG2_V5.0.0]
2023-05-12 17:13:26,600 [INFO] ApiDb:240 - Found 297 in-development CPN: [B-G473E-ZEST1S, B-WB1M-WPAN1, B-WL5M-SUBG1, NUCLEO-C031C6, NUCLEO-H503RB, NUCLEO-H563ZI, NUCLEO-U545RE-Q, NUCLEO-U5A5ZJ-Q, NUCLEO-WBA52CG, STEVAL-PROTEUS1, STEVAL-STWINBX1, STM320518-EVAL, STM32C0116-DK, STM32C011D6Y3TR, STM32C011D6Y6TR, STM32C011F4P3, STM32C011F4P6, STM32C011F4U3, STM32C011F4U6TR, STM32C011F6P3, STM32C011F6P6, STM32C011F6U3, STM32C011F6U6TR, STM32C011J4M3, STM32C011J4M6, STM32C011J6M3, STM32C011J6M6, STM32C0316-DK, STM32C031C4T3, STM32C031C4T6, STM32C031C4U3, STM32C031C4U6, STM32C031C6T3, STM32C031C6T6, STM32C031C6U3, STM32C031C6U6, STM32C031F4P3, STM32C031F4P6, STM32C031F6P3, STM32C031F6P6, STM32C031G4U3, STM32C031G4U6, STM32C031G6U3, STM32C031G6U6, STM32C031K4T3, STM32C031K4T6, STM32C031K4U3, STM32C031K4U6, STM32C031K6T3, STM32C031K6T6, STM32C031K6U3, STM32C031K6U6, STM32G071K8TXN, STM32G071K8UXN, STM32G081GBU6N, STM32G081KBT6N, STM32G081KBUXN, STM32G0B1CCT6N, STM32G0B1KCT6, STM32G0B1NEY6TR, STM32G0B1RCT6N, STM32G0C1CCT6, STM32G0C1CCT6N, STM32G0C1CCU6N, STM32G0C1CET6N, STM32G0C1CEU6N, STM32G0C1KCT6, STM32G0C1NEY6TR, STM32G0C1RCI6N, STM32G0C1RCT6N, STM32G0C1REI6N, STM32G0C1RET6N, STM32G0C1VCI6, STM32G0C1VEI6, STM32G471CCT6, STM32G471CCU6, STM32G471CET3, STM32G471CET6, STM32G471CEU3, STM32G471CEU6, STM32G471MCT6, STM32G471MET3, STM32G471MET6, STM32G471MEY6TR, STM32G471QCT6, STM32G471QET3, STM32G471RCT6, STM32G471RET3, STM32G471RET6, STM32G471VCH6, STM32G471VCI6, STM32G471VCT6, STM32G471VEH3, STM32G471VEH6, STM32G471VEI3, STM32G471VEI6, STM32G471VET3, STM32G471VET6, STM32G474CCT6, STM32H503CBT6, STM32H503CBU6, STM32H503EBY6TR, STM32H503KBU6, STM32H503RBT6, STM32H562AGI6, STM32H562AII6, STM32H562IGK6, STM32H562IGT6, STM32H562IIK6, STM32H562IIT6, STM32H562RGT6, STM32H562RGV6, STM32H562RIT6, STM32H562RIV6, STM32H562VGT6, STM32H562VIT6, STM32H562ZGT6, STM32H562ZIT6, STM32H563AGI6, STM32H563AII3Q, STM32H563AII6, STM32H563IGK6, STM32H563IGT6, STM32H563IIK3Q, STM32H563IIK6, STM32H563IIT3Q, STM32H563IIT6, STM32H563MIY3QTR, STM32H563RGT6, STM32H563RGV6, STM32H563RIT6, STM32H563RIV6, STM32H563VGT6, STM32H563VIT3Q, STM32H563VIT6, STM32H563ZGT6, STM32H563ZIT3Q, STM32H563ZIT6, STM32H573AII3Q, STM32H573AII6, STM32H573I-DK, STM32H573IIK3Q, STM32H573IIK6, STM32H573IIT3Q, STM32H573IIT6, STM32H573MIY3QTR, STM32H573RIT6, STM32H573RIV6, STM32H573VIT3Q, STM32H573VIT6, STM32H573ZIT3Q, STM32H573ZIT6, STM32L4R5QGI6STR, STM32MP131AAE3, STM32MP131AAF3, STM32MP131AAG3, STM32MP131CAE3, STM32MP131CAF3, STM32MP131CAG3, STM32MP131DAE7, STM32MP131DAF7, STM32MP131DAG7, STM32MP131FAE7, STM32MP131FAF7, STM32MP131FAG7, STM32MP133AAE3, STM32MP133AAF3, STM32MP133AAG3, STM32MP133CAE3, STM32MP133CAF3, STM32MP133CAG3, STM32MP133DAE7, STM32MP133DAF7, STM32MP133DAG7, STM32MP133FAE7, STM32MP133FAF7, STM32MP133FAG7, STM32MP135AAE3, STM32MP135AAF3, STM32MP135AAG3, STM32MP135CAE3, STM32MP135CAF3, STM32MP135CAG3, STM32MP135DAE7, STM32MP135DAF7, STM32MP135DAG7, STM32MP135F-DK, STM32MP135FAE7, STM32MP135FAF7, STM32MP135FAF7T, STM32MP135FAF7U, STM32MP135FAG7, STM32U535CBT6, STM32U535CBT6Q, STM32U535CBU6, STM32U535CBU6Q, STM32U535CCT6, STM32U535CCT6Q, STM32U535CCU6, STM32U535CCU6Q, STM32U535CET6, STM32U535CET6Q, STM32U535CEU6, STM32U535CEU6Q, STM32U535JEY6QTR, STM32U535NCY6QTR, STM32U535NEY6QTR, STM32U535RBI6, STM32U535RBI6Q, STM32U535RBT6, STM32U535RBT6Q, STM32U535RCI6, STM32U535RCI6Q, STM32U535RCT6, STM32U535RCT6Q, STM32U535REI6, STM32U535REI6Q, STM32U535RET6, STM32U535RET6Q, STM32U535VCI6, STM32U535VCI6Q, STM32U535VCT6, STM32U535VCT6Q, STM32U535VEI6, STM32U535VEI6Q, STM32U535VET6, STM32U535VET6Q, STM32U545CET6, STM32U545CET6Q, STM32U545CEU6, STM32U545CEU6Q, STM32U545JEY6QTR, STM32U545NEY6QTR, STM32U545REI6, STM32U545REI6Q, STM32U545RET6, STM32U545RET6Q, STM32U545VEI6, STM32U545VEI6Q, STM32U545VET6, STM32U545VET6Q, STM32U595AIH6, STM32U595AIH6Q, STM32U595AJH6, STM32U595AJH6Q, STM32U595QII6, STM32U595QII6Q, STM32U595QJI6, STM32U595QJI6Q, STM32U595RIT6, STM32U595RIT6Q, STM32U595RJT6, STM32U595RJT6Q, STM32U595VIT6, STM32U595VIT6Q, STM32U595VJT6, STM32U595VJT6Q, STM32U595ZIT6, STM32U595ZIT6Q, STM32U595ZIY6QTR, STM32U595ZJT6, STM32U595ZJT6Q, STM32U595ZJY6QTR, STM32U599BJY6QTR, STM32U599NIH6Q, STM32U599NJH6Q, STM32U599VIT6Q, STM32U599VJT6, STM32U599VJT6Q, STM32U599ZIT6Q, STM32U599ZIY6QTR, STM32U599ZJT6Q, STM32U599ZJY6QTR, STM32U5A5AJH6, STM32U5A5AJH6Q, STM32U5A5QJI6, STM32U5A5QJI6Q, STM32U5A5RJT6, STM32U5A5RJT6Q, STM32U5A5VJT6, STM32U5A5VJT6Q, STM32U5A5ZJT6, STM32U5A5ZJT6Q, STM32U5A5ZJY6QTR, STM32U5A9BJY6QTR, STM32U5A9J-DK, STM32U5A9NJH6Q, STM32U5A9VJT6Q, STM32U5A9ZJT6Q, STM32U5A9ZJY6QTR, STM32WB1MMCH6, STM32WBA52CEU6, STM32WBA52CEU6T, STM32WBA52CGU6, STM32WBA52CGU6T, STM32WL5MOCH6, STM32WL5MOCH6TR]
2023-05-12 17:13:26,600 [INFO] DbMcus:216 - Found 3775 MCUs, 3775 are supported
2023-05-12 17:13:26,615 [INFO] ApiDb:423 - Load user favorites file C:\Users\sbrot/.stm32cubeide/favorites.mcus.txt: 0 item(s)
2023-05-12 17:13:26,615 [INFO] ApiDb:427 - User favorites MCUs=[]
2023-05-12 17:13:26,615 [INFO] DbMcus:222 - Set 0 / 0 favorites MCUs
2023-05-12 17:13:26,932 [WARN] ThirdParty:833 - waiting for thirdparty lock release [change project]
2023-05-12 17:13:26,932 [INFO] ThirdParty:835 - entering critical section [change project]
2023-05-12 17:13:26,932 [INFO] ThirdParty:1030 - CMSIS Pack Vendor :STMicroelectronics X-CUBE-ISPU 1.1.0
2023-05-12 17:13:26,932 [INFO] ThirdParty:1030 - CMSIS Pack Vendor :RoweBots I-CUBE-UNISONRTOS 5.5.0-4
2023-05-12 17:13:26,932 [INFO] ThirdParty:1030 - CMSIS Pack Vendor :STMicroelectronics X-CUBE-GNSS1 6.0.0
2023-05-12 17:13:26,932 [INFO] ThirdParty:1030 - CMSIS Pack Vendor :STMicroelectronics USB_HOST 2.0.0
2023-05-12 17:13:26,932 [INFO] ThirdParty:1030 - CMSIS Pack Vendor :STMicroelectronics X-CUBE-AZRTOS-F4 1.1.0
2023-05-12 17:13:26,932 [INFO] ThirdParty:1030 - CMSIS Pack Vendor :STMicroelectronics LIBJPEG 8.0.0
2023-05-12 17:13:26,932 [INFO] ThirdParty:1030 - CMSIS Pack Vendor :STMicroelectronics X-CUBE-SMBUS 2.1.0
2023-05-12 17:13:26,932 [INFO] ThirdParty:1030 - CMSIS Pack Vendor :STMicroelectronics USB_DEVICE 3.0.0
2023-05-12 17:13:26,932 [INFO] ThirdParty:1030 - CMSIS Pack Vendor :STMicroelectronics X-CUBE-AI 8.0.0
2023-05-12 17:13:26,932 [INFO] ThirdParty:1030 - CMSIS Pack Vendor :STMicroelectronics X-CUBE-FREERTOS 1.0.0
2023-05-12 17:13:26,932 [INFO] ThirdParty:1030 - CMSIS Pack Vendor :STMicroelectronics X-CUBE-FREERTOS 1.0.1
2023-05-12 17:13:26,932 [INFO] ThirdParty:1030 - CMSIS Pack Vendor :STMicroelectronics X-CUBE-TOUCHGFX 4.21.1
2023-05-12 17:13:26,932 [INFO] ThirdParty:1030 - CMSIS Pack Vendor :STMicroelectronics X-CUBE-TOUCHGFX 4.21.3
2023-05-12 17:13:26,932 [INFO] ThirdParty:1030 - CMSIS Pack Vendor :STMicroelectronics X-CUBE-AZRTOS-F7 1.1.0
2023-05-12 17:13:26,932 [INFO] ThirdParty:1030 - CMSIS Pack Vendor :STMicroelectronics USB_DEVICE 2.0.0
2023-05-12 17:13:26,932 [INFO] ThirdParty:1030 - CMSIS Pack Vendor :STMicroelectronics X-CUBE-MEMS1 9.6.0
2023-05-12 17:13:26,932 [INFO] ThirdParty:1030 - CMSIS Pack Vendor :STMicroelectronics X-CUBE-ALGOBUILD 1.3.0
2023-05-12 17:13:26,932 [INFO] ThirdParty:1030 - CMSIS Pack Vendor :STMicroelectronics X-CUBE-BLE1 6.2.4
2023-05-12 17:13:26,932 [INFO] ThirdParty:1030 - CMSIS Pack Vendor :STMicroelectronics X-CUBE-AZRTOS-L5 1.1.0
2023-05-12 17:13:26,932 [INFO] ThirdParty:1030 - CMSIS Pack Vendor :STMicroelectronics FreeRTOS 0.0.1
2023-05-12 17:13:26,932 [INFO] ThirdParty:1030 - CMSIS Pack Vendor :emotas I-CUBE-CANOPEN 1.1.3
2023-05-12 17:13:26,932 [INFO] ThirdParty:1030 - CMSIS Pack Vendor :STMicroelectronics X-CUBE-AZRTOS-G0 1.1.0
2023-05-12 17:13:26,932 [INFO] ThirdParty:1030 - CMSIS Pack Vendor :STMicroelectronics X-CUBE-BLEMGR 2.0.0
2023-05-12 17:13:26,932 [INFO] ThirdParty:1030 - CMSIS Pack Vendor :STMicroelectronics X-CUBE-SUBG2 5.0.0
2023-05-12 17:13:26,932 [INFO] ThirdParty:1030 - CMSIS Pack Vendor :STMicroelectronics X-CUBE-NFC4 3.0.0
2023-05-12 17:13:26,932 [INFO] ThirdParty:1030 - CMSIS Pack Vendor :STMicroelectronics STM32_WPAN 1.0.0
2023-05-12 17:13:26,932 [INFO] ThirdParty:1030 - CMSIS Pack Vendor :STMicroelectronics lwIP 2.0.3
2023-05-12 17:13:26,932 [INFO] ThirdParty:1030 - CMSIS Pack Vendor :STMicroelectronics USB_HOST 1.0.0
2023-05-12 17:13:26,932 [INFO] ThirdParty:1030 - CMSIS Pack Vendor :STMicroelectronics X-CUBE-AZRTOS-G4 2.0.0
2023-05-12 17:13:26,932 [INFO] ThirdParty:1030 - CMSIS Pack Vendor :STMicroelectronics PDM2PCM 3.1.0
2023-05-12 17:13:26,932 [INFO] ThirdParty:1030 - CMSIS Pack Vendor :STMicroelectronics X-CUBE-AZRTOS-H7 3.1.0
2023-05-12 17:13:26,932 [INFO] ThirdParty:1030 - CMSIS Pack Vendor :STMicroelectronics X-CUBE-TOF1 3.3.0
2023-05-12 17:13:26,932 [INFO] ThirdParty:1030 - CMSIS Pack Vendor :STMicroelectronics FP-ATR-ASTRA1 1.1.1
2023-05-12 17:13:26,932 [INFO] ThirdParty:1030 - CMSIS Pack Vendor :STMicroelectronics PDM2PCM 3.3.0
2023-05-12 17:13:26,932 [INFO] ThirdParty:1030 - CMSIS Pack Vendor :STMicroelectronics X-CUBE-DISPLAY 3.0.0
2023-05-12 17:13:26,932 [INFO] ThirdParty:1030 - CMSIS Pack Vendor :STMicroelectronics X-CUBE-AZRTOS-G4 1.0.0
2023-05-12 17:13:26,936 [INFO] ThirdParty:1030 - CMSIS Pack Vendor :STMicroelectronics FP-ATR-SIGFOX1 3.2.0
2023-05-12 17:13:26,936 [INFO] ThirdParty:1030 - CMSIS Pack Vendor :wolfSSL I-CUBE-wolfSSL 5.5.4
2023-05-12 17:13:26,936 [INFO] ThirdParty:1030 - CMSIS Pack Vendor :STMicroelectronics X-CUBE-AZRTOS-L4 1.0.0
2023-05-12 17:13:26,936 [INFO] ThirdParty:1030 - CMSIS Pack Vendor :STMicroelectronics HAL Drivers 0.0.0
2023-05-12 17:13:26,936 [INFO] ThirdParty:1030 - CMSIS Pack Vendor :STMicroelectronics MBEDTLS 2.16.2
2023-05-12 17:13:26,936 [INFO] ThirdParty:1030 - CMSIS Pack Vendor :STMicroelectronics MBEDTLS 2.14.1
2023-05-12 17:13:26,936 [INFO] ThirdParty:1030 - CMSIS Pack Vendor :STMicroelectronics X-CUBE-NFC7 1.0.0
2023-05-12 17:13:26,936 [INFO] ThirdParty:1030 - CMSIS Pack Vendor :STMicroelectronics X-CUBE-AZRTOS-WL 1.0.0
2023-05-12 17:13:26,936 [INFO] ThirdParty:1030 - CMSIS Pack Vendor :STMicroelectronics X-CUBE-EEPRMA1 4.1.0
2023-05-12 17:13:26,936 [INFO] ThirdParty:1030 - CMSIS Pack Vendor :portGmbH I-Cube-SoM-uGOAL 1.1.0
2023-05-12 17:13:26,936 [INFO] ThirdParty:1030 - CMSIS Pack Vendor :STMicroelectronics X-CUBE-ALS 1.0.1
2023-05-12 17:13:26,936 [INFO] ThirdParty:1030 - CMSIS Pack Vendor :STMicroelectronics X-CUBE-MEMS1 9.5.0
2023-05-12 17:13:26,936 [INFO] ThirdParty:1030 - CMSIS Pack Vendor :STMicroelectronics ThreadX 1.0.0
2023-05-12 17:13:26,936 [INFO] ThirdParty:1030 - CMSIS Pack Vendor :STMicroelectronics X-CUBE-AZRTOS-WB 1.1.0
2023-05-12 17:13:26,936 [INFO] ThirdParty:1030 - CMSIS Pack Vendor :SEGGER I-CUBE-embOS 1.3.1
2023-05-12 17:13:26,936 [INFO] ThirdParty:1030 - CMSIS Pack Vendor :STMicroelectronics USB_DEVICE 1.0.0
2023-05-12 17:13:26,936 [INFO] ThirdParty:1030 - CMSIS Pack Vendor :STMicroelectronics ThreadX 0.0.2
2023-05-12 17:13:26,936 [INFO] ThirdParty:1030 - CMSIS Pack Vendor :WES I-CUBE-Cesium 1.3.0
2023-05-12 17:13:26,936 [INFO] ThirdParty:1030 - CMSIS Pack Vendor :STMicroelectronics FP-ATR-ASTRA1 2.0.0
2023-05-12 17:13:26,936 [INFO] ThirdParty:1030 - CMSIS Pack Vendor :STMicroelectronics lwIP 2.1.2
2023-05-12 17:13:26,936 [INFO] ThirdParty:1030 - CMSIS Pack Vendor :STMicroelectronics X-CUBE-SFXS2LP1 4.0.0
2023-05-12 17:13:26,936 [INFO] ThirdParty:1030 - CMSIS Pack Vendor :STMicroelectronics X-CUBE-BLE2 3.3.0
2023-05-12 17:13:26,936 [INFO] ThirdParty:1030 - CMSIS Pack Vendor :STMicroelectronics X-CUBE-TOF1 3.2.0
2023-05-12 17:13:26,936 [INFO] ThirdParty:1030 - CMSIS Pack Vendor :STMicroelectronics PDM2PCM 3.2.0
2023-05-12 17:13:26,936 [INFO] ThirdParty:1030 - CMSIS Pack Vendor :STMicroelectronics X-CUBE-AZRTOS-H7 3.0.0
2023-05-12 17:13:26,936 [INFO] ThirdParty:841 - exiting critical section [change project]
2023-05-12 17:13:27,354 [INFO] PinOutPanel:1499 - setPackage(No Configuration,No Configuration)
2023-05-12 17:13:27,357 [INFO] PinOutPanel:1499 - setPackage(STM32F411RETx,LQFP64)
2023-05-12 17:13:28,451 [INFO] UtilMem:75 - Before build in PCC Used Memory: 343501136 Bytes (435159040)
2023-05-12 17:13:29,952 [INFO] UtilMem:75 - After build in PCC Used Memory: 335067608 Bytes (435159040)
2023-05-12 17:13:30,161 [INFO] ApiDbMcu:507 - Load IP Config File for FREERTOS
2023-05-12 17:13:30,199 [INFO] IPUIPlugin:80 - create IPUIPlugin
2023-05-12 17:13:30,199 [INFO] IPUIPlugin:80 - create IPUIPlugin
2023-05-12 17:13:30,199 [INFO] IPUIPlugin:80 - create IPUIPlugin
2023-05-12 17:13:30,199 [INFO] IPUIPlugin:80 - create IPUIPlugin
2023-05-12 17:13:30,199 [INFO] IPUIPlugin:80 - create IPUIPlugin
2023-05-12 17:13:30,199 [INFO] IPUIPlugin:80 - create IPUIPlugin
2023-05-12 17:13:30,199 [INFO] IPUIPlugin:80 - create IPUIPlugin
2023-05-12 17:13:30,199 [INFO] IPUIPlugin:80 - create IPUIPlugin
2023-05-12 17:13:30,199 [INFO] IPUIPlugin:80 - create IPUIPlugin
2023-05-12 17:13:30,199 [INFO] IPUIPlugin:80 - create IPUIPlugin
2023-05-12 17:13:30,199 [INFO] IPUIPlugin:80 - create IPUIPlugin
2023-05-12 17:13:30,199 [INFO] IPUIPlugin:80 - create IPUIPlugin
2023-05-12 17:13:30,199 [INFO] IPUIPlugin:80 - create IPUIPlugin
2023-05-12 17:13:30,199 [INFO] IPUIPlugin:80 - create IPUIPlugin
2023-05-12 17:13:30,199 [INFO] IPUIPlugin:80 - create IPUIPlugin
2023-05-12 17:13:30,199 [INFO] IPUIPlugin:80 - create IPUIPlugin
2023-05-12 17:13:30,205 [INFO] IPUIPlugin:80 - create IPUIPlugin
2023-05-12 17:13:30,205 [INFO] IPUIPlugin:80 - create IPUIPlugin
2023-05-12 17:13:30,205 [INFO] IPUIPlugin:80 - create IPUIPlugin
2023-05-12 17:13:30,205 [INFO] IPUIPlugin:80 - create IPUIPlugin
2023-05-12 17:13:30,205 [INFO] IPUIPlugin:80 - create IPUIPlugin
2023-05-12 17:13:30,205 [INFO] IPUIPlugin:80 - create IPUIPlugin
2023-05-12 17:13:30,205 [INFO] IPUIPlugin:80 - create IPUIPlugin
2023-05-12 17:13:30,205 [INFO] IPUIPlugin:80 - create IPUIPlugin
2023-05-12 17:13:30,205 [INFO] IPUIPlugin:80 - create IPUIPlugin
2023-05-12 17:13:30,205 [INFO] IPUIPlugin:80 - create IPUIPlugin
2023-05-12 17:13:30,208 [INFO] IPUIPlugin:80 - create IPUIPlugin
2023-05-12 17:13:30,208 [INFO] IPUIPlugin:80 - create IPUIPlugin
2023-05-12 17:13:30,209 [INFO] IPUIPlugin:80 - create IPUIPlugin
2023-05-12 17:13:30,209 [INFO] IPUIPlugin:80 - create IPUIPlugin
2023-05-12 17:13:30,209 [INFO] IPUIPlugin:80 - create IPUIPlugin
2023-05-12 17:13:30,211 [INFO] IPUIPlugin:80 - create IPUIPlugin
2023-05-12 17:13:30,211 [INFO] IPUIPlugin:80 - create IPUIPlugin
2023-05-12 17:13:30,212 [INFO] IPUIPlugin:80 - create IPUIPlugin
2023-05-12 17:13:30,212 [INFO] IPUIPlugin:80 - create IPUIPlugin
2023-05-12 17:13:30,212 [INFO] IPUIPlugin:80 - create IPUIPlugin
2023-05-12 17:13:30,212 [INFO] IPUIPlugin:80 - create IPUIPlugin
2023-05-12 17:13:30,212 [INFO] IPUIPlugin:80 - create IPUIPlugin
2023-05-12 17:13:30,214 [INFO] IPUIPlugin:80 - create IPUIPlugin
2023-05-12 17:13:30,214 [INFO] IPUIPlugin:80 - create IPUIPlugin
2023-05-12 17:13:30,214 [INFO] IPUIPlugin:80 - create IPUIPlugin
2023-05-12 17:13:30,214 [INFO] IPUIPlugin:80 - create IPUIPlugin
2023-05-12 17:13:30,214 [INFO] IPUIPlugin:80 - create IPUIPlugin
2023-05-12 17:13:30,235 [INFO] ApiDbMcu:507 - Load IP Config File for PDM2PCM
2023-05-12 17:13:30,286 [WARN] FreeRTOS:1023 - Null or empty value: should not occur! (nothing added to the table)
2023-05-12 17:13:30,579 [INFO] CADModel:165 - CPN selected for project levelSTM32F411RET6
2023-05-12 17:13:30,579 [INFO] CADModel:114 - Register for checkConnection events
2023-05-12 17:13:30,585 [INFO] RtosManager:697 - Active RTOS found at IOC load: FREERTOS [Cortex-M4NS]
2023-05-12 17:13:30,640 [INFO] OpenFileManager:328 - Restore cursor
2023-05-12 17:13:37,214 [ERROR] RtosPanel:558 - Can not restore the selected Tab for FREERTOS(A reason can be that the tab is no more available.)
2023-05-12 17:13:38,921 [INFO] TasksAndQueuesTab:757 - Dynamic
2023-05-12 17:13:38,921 [WARN] TasksAndQueuesTab:763 - 128 128
2023-05-12 17:13:38,921 [WARN] TasksAndQueuesTab:775 - max value is: 3840.0
2023-05-12 17:13:38,921 [INFO] TasksAndQueuesTab:757 - Dynamic
2023-05-12 17:13:38,921 [WARN] TasksAndQueuesTab:763 - 128 128
2023-05-12 17:13:38,921 [WARN] TasksAndQueuesTab:775 - max value is: 3840.0
2023-05-12 17:13:40,601 [INFO] EditThreadDialog:704 - RAM SIZE (in KB): 128
2023-05-12 17:13:40,601 [INFO] EditThreadDialog:706 - RAM SIZE (in words): 32768
2023-05-12 17:13:58,766 [INFO] TasksAndQueuesTab:757 - Dynamic
2023-05-12 17:13:58,773 [WARN] TasksAndQueuesTab:763 - 128 128
2023-05-12 17:13:58,773 [WARN] TasksAndQueuesTab:775 - max value is: 3840.0
2023-05-12 17:13:58,773 [INFO] TasksAndQueuesTab:757 - Dynamic
2023-05-12 17:13:58,773 [WARN] TasksAndQueuesTab:763 - 128 128
2023-05-12 17:13:58,773 [WARN] TasksAndQueuesTab:775 - max value is: 3840.0
2023-05-12 17:13:58,773 [INFO] TasksAndQueuesTab:757 - Dynamic
2023-05-12 17:13:58,773 [WARN] TasksAndQueuesTab:763 - 128 128
2023-05-12 17:13:58,773 [WARN] TasksAndQueuesTab:775 - max value is: 3840.0
2023-05-12 17:14:08,110 [INFO] UtilMem:75 - End SaveConfig() Used Memory: 225824808 Bytes (435159040)
2023-05-12 17:14:08,740 [INFO] UtilMem:75 - End SaveConfig() Used Memory: 222239520 Bytes (435159040)
2023-05-12 17:14:14,072 [INFO] BlockDiagram:2759 - set Specific Code input for plugin: NVIC
2023-05-12 17:14:14,072 [INFO] BlockDiagram:2759 - set Specific Code input for plugin: FREERTOS
2023-05-12 17:14:14,072 [INFO] BlockDiagram:2759 - set Specific Code input for plugin: USART
2023-05-12 17:14:14,072 [INFO] BlockDiagram:2759 - set Specific Code input for plugin: SYS
2023-05-12 17:14:14,072 [INFO] BlockDiagram:2759 - set Specific Code input for plugin: GPIO
2023-05-12 17:14:14,072 [INFO] BlockDiagram:2759 - set Specific Code input for plugin: ADC
2023-05-12 17:14:14,072 [INFO] BlockDiagram:2759 - set Specific Code input for plugin: RCC
2023-05-12 17:14:14,072 [INFO] CodeGenerator:793 - code generatio: config db path: C:/Users/sbrot/.stm32cubemx/databases/DB.6.0.40/db/
2023-05-12 17:14:14,455 [INFO] CodeEngine:255 - oldGeneratedFile, C:\Users\sbrot\STM32CubeIDE\workspace_1.8.0\SEU_EN2_SBC_54016341J\MXTmpFiles\license.tmp_save
2023-05-12 17:14:14,851 [INFO] CodeEngine:279 - Generated code: C:\Users\sbrot\STM32CubeIDE\workspace_1.8.0\SEU_EN2_SBC_54016341J\MXTmpFiles\license.tmp
2023-05-12 17:14:14,979 [INFO] CodeEngine:255 - oldGeneratedFile, C:\Users\sbrot\STM32CubeIDE\workspace_1.8.0\SEU_EN2_SBC_54016341J\MXTmpFiles\gpio.tmp_save
2023-05-12 17:14:15,167 [INFO] CodeEngine:279 - Generated code: C:\Users\sbrot\STM32CubeIDE\workspace_1.8.0\SEU_EN2_SBC_54016341J\MXTmpFiles\gpio.tmp
2023-05-12 17:14:15,493 [INFO] Middleware:1439 - No code input for Bsp Dependency
2023-05-12 17:14:15,499 [INFO] CodeEngine:255 - oldGeneratedFile, C:\Users\sbrot\STM32CubeIDE\workspace_1.8.0\SEU_EN2_SBC_54016341J\MXTmpFiles\rtos_inc.tmp_save
2023-05-12 17:14:15,609 [INFO] CodeEngine:279 - Generated code: C:\Users\sbrot\STM32CubeIDE\workspace_1.8.0\SEU_EN2_SBC_54016341J\MXTmpFiles\rtos_inc.tmp
2023-05-12 17:14:15,611 [INFO] CodeEngine:255 - oldGeneratedFile, C:\Users\sbrot\STM32CubeIDE\workspace_1.8.0\SEU_EN2_SBC_54016341J\MXTmpFiles\rtos_kernelInit.tmp_save
2023-05-12 17:14:15,672 [INFO] CodeEngine:279 - Generated code: C:\Users\sbrot\STM32CubeIDE\workspace_1.8.0\SEU_EN2_SBC_54016341J\MXTmpFiles\rtos_kernelInit.tmp
2023-05-12 17:14:15,688 [INFO] CodeEngine:255 - oldGeneratedFile, C:\Users\sbrot\STM32CubeIDE\workspace_1.8.0\SEU_EN2_SBC_54016341J\MXTmpFiles\rtos_kernelStart.tmp_save
2023-05-12 17:14:15,734 [INFO] CodeEngine:279 - Generated code: C:\Users\sbrot\STM32CubeIDE\workspace_1.8.0\SEU_EN2_SBC_54016341J\MXTmpFiles\rtos_kernelStart.tmp
2023-05-12 17:14:15,750 [INFO] CodeEngine:255 - oldGeneratedFile, C:\Users\sbrot\STM32CubeIDE\workspace_1.8.0\SEU_EN2_SBC_54016341J\MXTmpFiles\rtos_typedefs.tmp_save
2023-05-12 17:14:15,814 [INFO] CodeEngine:279 - Generated code: C:\Users\sbrot\STM32CubeIDE\workspace_1.8.0\SEU_EN2_SBC_54016341J\MXTmpFiles\rtos_typedefs.tmp
2023-05-12 17:14:15,830 [INFO] CodeEngine:255 - oldGeneratedFile, C:\Users\sbrot\STM32CubeIDE\workspace_1.8.0\SEU_EN2_SBC_54016341J\MXTmpFiles\rtos_vars.tmp_save
2023-05-12 17:14:15,924 [INFO] CodeEngine:279 - Generated code: C:\Users\sbrot\STM32CubeIDE\workspace_1.8.0\SEU_EN2_SBC_54016341J\MXTmpFiles\rtos_vars.tmp
2023-05-12 17:14:15,924 [INFO] CodeEngine:255 - oldGeneratedFile, C:\Users\sbrot\STM32CubeIDE\workspace_1.8.0\SEU_EN2_SBC_54016341J\MXTmpFiles\rtos_pfp.tmp_save
2023-05-12 17:14:16,019 [INFO] CodeEngine:279 - Generated code: C:\Users\sbrot\STM32CubeIDE\workspace_1.8.0\SEU_EN2_SBC_54016341J\MXTmpFiles\rtos_pfp.tmp
2023-05-12 17:14:16,036 [INFO] CodeEngine:255 - oldGeneratedFile, C:\Users\sbrot\STM32CubeIDE\workspace_1.8.0\SEU_EN2_SBC_54016341J\MXTmpFiles\rtos_obj_creat.tmp_save
2023-05-12 17:14:16,178 [INFO] CodeEngine:279 - Generated code: C:\Users\sbrot\STM32CubeIDE\workspace_1.8.0\SEU_EN2_SBC_54016341J\MXTmpFiles\rtos_obj_creat.tmp
2023-05-12 17:14:16,196 [INFO] CodeEngine:255 - oldGeneratedFile, C:\Users\sbrot\STM32CubeIDE\workspace_1.8.0\SEU_EN2_SBC_54016341J\MXTmpFiles\rtos_default_thread.tmp_save
2023-05-12 17:14:16,266 [INFO] CodeEngine:279 - Generated code: C:\Users\sbrot\STM32CubeIDE\workspace_1.8.0\SEU_EN2_SBC_54016341J\MXTmpFiles\rtos_default_thread.tmp
2023-05-12 17:14:16,272 [INFO] CodeEngine:255 - oldGeneratedFile, C:\Users\sbrot\STM32CubeIDE\workspace_1.8.0\SEU_EN2_SBC_54016341J\MXTmpFiles\rtos_threads.tmp_save
2023-05-12 17:14:16,334 [INFO] CodeEngine:279 - Generated code: C:\Users\sbrot\STM32CubeIDE\workspace_1.8.0\SEU_EN2_SBC_54016341J\MXTmpFiles\rtos_threads.tmp
2023-05-12 17:14:16,350 [INFO] Middleware:1439 - No code input for Bsp Dependency
2023-05-12 17:14:16,359 [INFO] CodeEngine:255 - oldGeneratedFile, C:\Users\sbrot\STM32CubeIDE\workspace_1.8.0\SEU_EN2_SBC_54016341J\MXTmpFiles\rtos_inc.tmp_save
2023-05-12 17:14:16,413 [INFO] CodeEngine:279 - Generated code: C:\Users\sbrot\STM32CubeIDE\workspace_1.8.0\SEU_EN2_SBC_54016341J\MXTmpFiles\rtos_inc.tmp
2023-05-12 17:14:16,420 [INFO] CodeEngine:255 - oldGeneratedFile, C:\Users\sbrot\STM32CubeIDE\workspace_1.8.0\SEU_EN2_SBC_54016341J\MXTmpFiles\rtos_kernelInit.tmp_save
2023-05-12 17:14:16,466 [INFO] CodeEngine:279 - Generated code: C:\Users\sbrot\STM32CubeIDE\workspace_1.8.0\SEU_EN2_SBC_54016341J\MXTmpFiles\rtos_kernelInit.tmp
2023-05-12 17:14:16,483 [INFO] CodeEngine:255 - oldGeneratedFile, C:\Users\sbrot\STM32CubeIDE\workspace_1.8.0\SEU_EN2_SBC_54016341J\MXTmpFiles\rtos_kernelStart.tmp_save
2023-05-12 17:14:16,524 [INFO] CodeEngine:279 - Generated code: C:\Users\sbrot\STM32CubeIDE\workspace_1.8.0\SEU_EN2_SBC_54016341J\MXTmpFiles\rtos_kernelStart.tmp
2023-05-12 17:14:16,540 [INFO] CodeEngine:255 - oldGeneratedFile, C:\Users\sbrot\STM32CubeIDE\workspace_1.8.0\SEU_EN2_SBC_54016341J\MXTmpFiles\rtos_typedefs.tmp_save
2023-05-12 17:14:16,587 [INFO] CodeEngine:279 - Generated code: C:\Users\sbrot\STM32CubeIDE\workspace_1.8.0\SEU_EN2_SBC_54016341J\MXTmpFiles\rtos_typedefs.tmp
2023-05-12 17:14:16,587 [INFO] CodeEngine:255 - oldGeneratedFile, C:\Users\sbrot\STM32CubeIDE\workspace_1.8.0\SEU_EN2_SBC_54016341J\MXTmpFiles\rtos_vars.tmp_save
2023-05-12 17:14:16,658 [INFO] CodeEngine:279 - Generated code: C:\Users\sbrot\STM32CubeIDE\workspace_1.8.0\SEU_EN2_SBC_54016341J\MXTmpFiles\rtos_vars.tmp
2023-05-12 17:14:16,664 [INFO] CodeEngine:255 - oldGeneratedFile, C:\Users\sbrot\STM32CubeIDE\workspace_1.8.0\SEU_EN2_SBC_54016341J\MXTmpFiles\rtos_pfp.tmp_save
2023-05-12 17:14:16,698 [INFO] CodeEngine:279 - Generated code: C:\Users\sbrot\STM32CubeIDE\workspace_1.8.0\SEU_EN2_SBC_54016341J\MXTmpFiles\rtos_pfp.tmp
2023-05-12 17:14:16,713 [INFO] CodeEngine:255 - oldGeneratedFile, C:\Users\sbrot\STM32CubeIDE\workspace_1.8.0\SEU_EN2_SBC_54016341J\MXTmpFiles\rtos_obj_creat.tmp_save
2023-05-12 17:14:16,767 [INFO] CodeEngine:279 - Generated code: C:\Users\sbrot\STM32CubeIDE\workspace_1.8.0\SEU_EN2_SBC_54016341J\MXTmpFiles\rtos_obj_creat.tmp
2023-05-12 17:14:16,767 [INFO] CodeEngine:255 - oldGeneratedFile, C:\Users\sbrot\STM32CubeIDE\workspace_1.8.0\SEU_EN2_SBC_54016341J\MXTmpFiles\rtos_default_thread.tmp_save
2023-05-12 17:14:16,808 [INFO] CodeEngine:279 - Generated code: C:\Users\sbrot\STM32CubeIDE\workspace_1.8.0\SEU_EN2_SBC_54016341J\MXTmpFiles\rtos_default_thread.tmp
2023-05-12 17:14:16,808 [INFO] CodeEngine:255 - oldGeneratedFile, C:\Users\sbrot\STM32CubeIDE\workspace_1.8.0\SEU_EN2_SBC_54016341J\MXTmpFiles\rtos_threads.tmp_save
2023-05-12 17:14:16,855 [INFO] CodeEngine:279 - Generated code: C:\Users\sbrot\STM32CubeIDE\workspace_1.8.0\SEU_EN2_SBC_54016341J\MXTmpFiles\rtos_threads.tmp
2023-05-12 17:14:16,887 [INFO] CodeEngine:255 - oldGeneratedFile, C:\Users\sbrot\STM32CubeIDE\workspace_1.8.0\SEU_EN2_SBC_54016341J\Core\Inc\FreeRTOSConfig.h_save
2023-05-12 17:14:16,981 [INFO] CodeEngine:279 - Generated code: C:\Users\sbrot\STM32CubeIDE\workspace_1.8.0\SEU_EN2_SBC_54016341J\Core\Inc\FreeRTOSConfig.h
2023-05-12 17:14:17,013 [INFO] CodeEngine:255 - oldGeneratedFile, C:\Users\sbrot\STM32CubeIDE\workspace_1.8.0\SEU_EN2_SBC_54016341J\Core\Src\freertos.c_save
2023-05-12 17:14:17,143 [INFO] CodeEngine:279 - Generated code: C:\Users\sbrot\STM32CubeIDE\workspace_1.8.0\SEU_EN2_SBC_54016341J\Core\Src\freertos.c
2023-05-12 17:14:17,171 [INFO] CodeEngine:255 - oldGeneratedFile, C:\Users\sbrot\STM32CubeIDE\workspace_1.8.0\SEU_EN2_SBC_54016341J\Core\Src\stm32f4xx_it.c_save
2023-05-12 17:14:17,329 [INFO] CodeEngine:279 - Generated code: C:\Users\sbrot\STM32CubeIDE\workspace_1.8.0\SEU_EN2_SBC_54016341J\Core\Src\stm32f4xx_it.c
2023-05-12 17:14:17,344 [INFO] CodeEngine:255 - oldGeneratedFile, C:\Users\sbrot\STM32CubeIDE\workspace_1.8.0\SEU_EN2_SBC_54016341J\Core\Inc\stm32f4xx_it.h_save
2023-05-12 17:14:17,408 [INFO] CodeEngine:279 - Generated code: C:\Users\sbrot\STM32CubeIDE\workspace_1.8.0\SEU_EN2_SBC_54016341J\Core\Inc\stm32f4xx_it.h
2023-05-12 17:14:17,439 [INFO] CodeEngine:255 - oldGeneratedFile, C:\Users\sbrot\STM32CubeIDE\workspace_1.8.0\SEU_EN2_SBC_54016341J\Core\Src\stm32f4xx_hal_msp.c_save
2023-05-12 17:14:17,567 [INFO] CodeEngine:279 - Generated code: C:\Users\sbrot\STM32CubeIDE\workspace_1.8.0\SEU_EN2_SBC_54016341J\Core\Src\stm32f4xx_hal_msp.c
2023-05-12 17:14:17,581 [INFO] CodeEngine:255 - oldGeneratedFile, C:\Users\sbrot\STM32CubeIDE\workspace_1.8.0\SEU_EN2_SBC_54016341J\MXTmpFiles\system.tmp_save
2023-05-12 17:14:17,644 [INFO] CodeEngine:279 - Generated code: C:\Users\sbrot\STM32CubeIDE\workspace_1.8.0\SEU_EN2_SBC_54016341J\MXTmpFiles\system.tmp
2023-05-12 17:14:17,675 [INFO] CodeEngine:311 - oldGeneratedFile, C:\Users\sbrot\STM32CubeIDE\workspace_1.8.0\SEU_EN2_SBC_54016341J\Core\Inc\stm32f4xx_hal_conf.h_save
2023-05-12 17:14:17,785 [INFO] CodeEngine:335 - Generated code: C:\Users\sbrot\STM32CubeIDE\workspace_1.8.0\SEU_EN2_SBC_54016341J\Core\Inc\stm32f4xx_hal_conf.h
2023-05-12 17:14:17,868 [INFO] CodeEngine:255 - oldGeneratedFile, C:\Users\sbrot\STM32CubeIDE\workspace_1.8.0\SEU_EN2_SBC_54016341J\Core\Inc\main.h_save
2023-05-12 17:14:17,968 [INFO] CodeEngine:279 - Generated code: C:\Users\sbrot\STM32CubeIDE\workspace_1.8.0\SEU_EN2_SBC_54016341J\Core\Inc\main.h
2023-05-12 17:14:17,990 [INFO] CodeEngine:255 - oldGeneratedFile, C:\Users\sbrot\STM32CubeIDE\workspace_1.8.0\SEU_EN2_SBC_54016341J\Core\Src\main.c_save
2023-05-12 17:14:18,159 [INFO] CodeEngine:279 - Generated code: C:\Users\sbrot\STM32CubeIDE\workspace_1.8.0\SEU_EN2_SBC_54016341J\Core\Src\main.c
2023-05-12 17:14:19,129 [INFO] ProjectBuilder:2996 - Time for Copy HAL[1] : 315mS.
2023-05-12 17:14:19,141 [INFO] ProjectBuilder:4304 - Project Generator version: 3.19.2
2023-05-12 17:14:19,392 [INFO] ConfigFileManager:1483 - The Die is : DIE431
2023-05-12 17:14:19,424 [INFO] ApiDbMcu:507 - Load IP Config File for FATFS
2023-05-12 17:14:19,424 [INFO] ApiDbMcu:507 - Load IP Config File for LIBJPEG
2023-05-12 17:14:19,440 [INFO] ApiDbMcu:507 - Load IP Config File for MBEDTLS
2023-05-12 17:14:19,456 [INFO] ApiDbMcu:507 - Load IP Config File for USB_DEVICE
2023-05-12 17:14:19,473 [INFO] ApiDbMcu:507 - Load IP Config File for USB_HOST
2023-05-12 17:14:20,591 [INFO] LogOutputStream:77 - [STDOUT_REDIRECT] 
2023-05-12 17:14:22,232 [INFO] ProjectBuilder:4505 - Time for Generating toolchain IDE Files: 3091mS.
2023-05-12 17:14:22,232 [INFO] ProjectBuilder:2867 - Time for Copy CMSIS : 0mS.
2023-05-12 17:14:22,232 [INFO] ProjectBuilder:2867 - Time for Copy CMSIS : 0mS.
