2023-05-10 19:08:53,874 [INFO] Activator:176 - 


2023-05-10 19:08:53,882 [INFO] Activator:177 - !SESSION log4j initialized
2023-05-10 19:09:03,187 [INFO] LogOutputStream:77 - [STDOUT_REDIRECT] 
2023-05-10 19:09:28,194 [ERROR] LogOutputStream:75 - [STDERR_REDIRECT] SLF4J: Failed to load class "org.slf4j.impl.StaticLoggerBinder".
2023-05-10 19:09:28,194 [ERROR] LogOutputStream:75 - [STDERR_REDIRECT] SLF4J: Defaulting to no-operation (NOP) logger implementation
2023-05-10 19:09:28,199 [ERROR] LogOutputStream:75 - [STDERR_REDIRECT] SLF4J: See http://www.slf4j.org/codes.html#StaticLoggerBinder for further details.
2023-05-10 19:16:54,101 [INFO] ApplicationProperties:184 - Using Application install path: C:\ST\STM32CubeIDE_1.8.0\STM32CubeIDE\plugins\com.st.stm32cube.common.mx_6.8.1.202304191431
2023-05-10 19:16:54,134 [INFO] DbMcusXml:78 - Set database path to: C:\ST\STM32CubeIDE_1.8.0\STM32CubeIDE\plugins\com.st.stm32cube.common.mx_6.8.1.202304191431\\db\/mcu/
2023-05-10 19:16:54,134 [INFO] ApiDb:274 - Set plugin database path to: C:\ST\STM32CubeIDE_1.8.0\STM32CubeIDE\plugins\com.st.stm32cube.common.mx_6.8.1.202304191431\\db\/plugins/boardmanager/
2023-05-10 19:16:54,148 [WARN] ApiDb:259 - Overriding images path with different value:  => C:\ST\STM32CubeIDE_1.8.0\STM32CubeIDE\plugins\com.st.stm32cube.common.mx_6.8.1.202304191431\\db\/plugins/mcufinder/images/
2023-05-10 19:16:54,166 [INFO] ApiDb:250 - Set database path to: C:\Users\sbrot\.stmcufinder\plugins\mcufinder//mcu/
2023-05-10 19:16:54,181 [INFO] DbMcusAds:125 - Set database path to: C:\Users\sbrot\.stmcufinder\plugins\mcufinder//mcu/
2023-05-10 19:16:54,307 [INFO] CrossReferenceDbSqlite:203 - Set database path to: C:\Users\sbrot\.stmcufinder\plugins\mcufinder//mcu/cs/
2023-05-10 19:16:54,547 [INFO] RulesReader:64 - Compatibility file has been processed (293 Rules)
2023-05-10 19:16:54,720 [INFO] DbMcusXml:78 - Set database path to: C:\ST\STM32CubeIDE_1.8.0\STM32CubeIDE\plugins\com.st.stm32cube.common.mx_6.8.1.202304191431\\db\/mcu/
2023-05-10 19:16:54,720 [INFO] ApiDb:274 - Set plugin database path to: C:\ST\STM32CubeIDE_1.8.0\STM32CubeIDE\plugins\com.st.stm32cube.common.mx_6.8.1.202304191431\\db\/plugins/boardmanager/
2023-05-10 19:16:54,720 [INFO] ApiDb:261 - Set plugin images path to: C:\ST\STM32CubeIDE_1.8.0\STM32CubeIDE\plugins\com.st.stm32cube.common.mx_6.8.1.202304191431\\db\/plugins/mcufinder/images/
2023-05-10 19:16:54,720 [WARN] DbFile:41 - Overriding database path with different value: C:\Users\sbrot\.stmcufinder\plugins\mcufinder/ => C:\Users\sbrot\.stmcufinder\plugins\mcufinder
2023-05-10 19:16:54,720 [INFO] ApiDb:250 - Set database path to: C:\Users\sbrot\.stmcufinder\plugins\mcufinder//mcu/
2023-05-10 19:16:54,720 [WARN] DbFile:41 - Overriding database path with different value: C:\Users\sbrot\.stmcufinder\plugins\mcufinder/ => C:\Users\sbrot\.stmcufinder\plugins\mcufinder
2023-05-10 19:16:54,720 [INFO] DbMcusAds:125 - Set database path to: C:\Users\sbrot\.stmcufinder\plugins\mcufinder//mcu/
2023-05-10 19:16:54,720 [WARN] DbFile:41 - Overriding database path with different value: C:\Users\sbrot\.stmcufinder\plugins\mcufinder/ => C:\Users\sbrot\.stmcufinder\plugins\mcufinder
2023-05-10 19:16:54,720 [WARN] DbFile:41 - Overriding database path with different value: C:\Users\sbrot\.stmcufinder\plugins\mcufinder/ => C:\Users\sbrot\.stmcufinder\plugins\mcufinder
2023-05-10 19:16:54,720 [INFO] CrossReferenceDbSqlite:203 - Set database path to: C:\Users\sbrot\.stmcufinder\plugins\mcufinder//mcu/cs/
2023-05-10 19:16:54,890 [INFO] MainPanel:253 - HeapMemory: 461373440
2023-05-10 19:16:55,095 [INFO] DbMcusXml:78 - Set database path to: C:\ST\STM32CubeIDE_1.8.0\STM32CubeIDE\plugins\com.st.stm32cube.common.mx_6.8.1.202304191431\\db\/mcu/
2023-05-10 19:16:55,095 [INFO] ApiDb:274 - Set plugin database path to: C:\ST\STM32CubeIDE_1.8.0\STM32CubeIDE\plugins\com.st.stm32cube.common.mx_6.8.1.202304191431\\db\/plugins/boardmanager/
2023-05-10 19:16:55,095 [INFO] ApiDb:261 - Set plugin images path to: C:\ST\STM32CubeIDE_1.8.0\STM32CubeIDE\plugins\com.st.stm32cube.common.mx_6.8.1.202304191431\\db\/plugins/mcufinder/images/
2023-05-10 19:16:55,095 [WARN] DbFile:41 - Overriding database path with different value: C:\Users\sbrot\.stmcufinder\plugins\mcufinder/ => C:\Users\sbrot\.stmcufinder\plugins\mcufinder
2023-05-10 19:16:55,095 [INFO] ApiDb:250 - Set database path to: C:\Users\sbrot\.stmcufinder\plugins\mcufinder//mcu/
2023-05-10 19:16:55,095 [WARN] DbFile:41 - Overriding database path with different value: C:\Users\sbrot\.stmcufinder\plugins\mcufinder/ => C:\Users\sbrot\.stmcufinder\plugins\mcufinder
2023-05-10 19:16:55,095 [INFO] DbMcusAds:125 - Set database path to: C:\Users\sbrot\.stmcufinder\plugins\mcufinder//mcu/
2023-05-10 19:16:55,095 [WARN] DbFile:41 - Overriding database path with different value: C:\Users\sbrot\.stmcufinder\plugins\mcufinder/ => C:\Users\sbrot\.stmcufinder\plugins\mcufinder
2023-05-10 19:16:55,095 [WARN] DbFile:41 - Overriding database path with different value: C:\Users\sbrot\.stmcufinder\plugins\mcufinder/ => C:\Users\sbrot\.stmcufinder\plugins\mcufinder
2023-05-10 19:16:55,095 [INFO] CrossReferenceDbSqlite:203 - Set database path to: C:\Users\sbrot\.stmcufinder\plugins\mcufinder//mcu/cs/
2023-05-10 19:16:55,137 [INFO] ApplicationProperties:184 - Using Application install path: C:\ST\STM32CubeIDE_1.8.0\STM32CubeIDE\plugins\com.st.stm32cube.common.mx_6.8.1.202304191431
2023-05-10 19:16:55,143 [INFO] PluginManage:196 - Search for loadable plugins [exclusion list=, ]
2023-05-10 19:16:55,143 [INFO] PluginManage:310 - Check plugin analytics
2023-05-10 19:16:55,546 [INFO] AnalyticsPlugin:253 - Accepted Software Licenses: 
2023-05-10 19:16:55,546 [INFO] AnalyticsPlugin:255 - Accepted CMSIS Pack Licenses: 
2023-05-10 19:16:55,546 [INFO] AnalyticsPlugin:257 - Accepted Firmware Licenses: 
2023-05-10 19:16:55,600 [INFO] PluginManage:359 - Loaded plugin analytics (category:tool,tabindex:-1)
2023-05-10 19:16:55,608 [INFO] PluginManage:310 - Check plugin cadmodel
2023-05-10 19:16:55,616 [INFO] CADModel:105 - Init CAD model plugin
2023-05-10 19:16:55,631 [INFO] PluginManage:359 - Loaded plugin cadmodel (category:power,tabindex:5)
2023-05-10 19:16:55,631 [INFO] PluginManage:310 - Check plugin clock
2023-05-10 19:16:55,665 [INFO] PluginManage:359 - Loaded plugin clock (category:base,tabindex:2)
2023-05-10 19:16:55,665 [INFO] PluginManage:310 - Check plugin ddr
2023-05-10 19:16:55,665 [INFO] PluginManage:359 - Loaded plugin ddr (category:tool,tabindex:6)
2023-05-10 19:16:55,665 [INFO] PluginManage:310 - Check plugin filemanager
2023-05-10 19:16:55,915 [INFO] PluginManage:359 - Loaded plugin filemanager (category:base,tabindex:10)
2023-05-10 19:16:55,915 [INFO] PluginManage:310 - Check plugin ipmanager
2023-05-10 19:16:55,924 [INFO] PluginManage:359 - Loaded plugin ipmanager (category:base,tabindex:5)
2023-05-10 19:16:55,924 [INFO] PluginManage:310 - Check plugin lpbam
2023-05-10 19:16:55,947 [INFO] PluginManage:359 - Loaded plugin lpbam (category:base,tabindex:0)
2023-05-10 19:16:55,947 [INFO] PluginManage:310 - Check plugin pinoutandconfiguration
2023-05-10 19:16:55,962 [INFO] PluginManage:359 - Loaded plugin pinoutandconfiguration (category:base,tabindex:1)
2023-05-10 19:16:55,962 [INFO] PluginManage:310 - Check plugin pinoutconfig
2023-05-10 19:16:56,104 [WARN] SupportedApi:132 - Cannot load RTOS API schema: s4s-elt-must-match.1: The content of 'definitions' must match (annotation?, (simpleType | complexType)?, (unique | key | keyref)*)). A problem was found starting at: attribute.
2023-05-10 19:16:56,293 [INFO] PluginManage:359 - Loaded plugin pinoutconfig (category:base,tabindex:0)
2023-05-10 19:16:56,293 [INFO] PluginManage:310 - Check plugin power
2023-05-10 19:16:56,325 [INFO] PluginManage:359 - Loaded plugin power (category:power,tabindex:4)
2023-05-10 19:16:56,325 [INFO] PluginManage:310 - Check plugin projectmanager
2023-05-10 19:16:56,357 [INFO] PluginManage:359 - Loaded plugin projectmanager (category:projectmanager,tabindex:3)
2023-05-10 19:16:56,357 [INFO] PluginManage:310 - Check plugin thirdparty
2023-05-10 19:16:56,672 [WARN] IntegrityCheckThread:84 - waiting for thirdparty lock release [integrity check]
2023-05-10 19:16:56,672 [INFO] IntegrityCheckThread:86 - entering critical section [integrity check]
2023-05-10 19:16:56,672 [INFO] PluginManage:359 - Loaded plugin thirdparty (category:base,tabindex:-1)
2023-05-10 19:16:56,672 [INFO] PluginManage:310 - Check plugin tools
2023-05-10 19:16:56,672 [INFO] ThirdPartyUpdaterWithRetryManager:70 - Updater plugin not ready yet. [1/15]
2023-05-10 19:16:56,704 [INFO] PluginManage:359 - Loaded plugin tools (category:base,tabindex:7)
2023-05-10 19:16:56,704 [INFO] PluginManage:310 - Check plugin tutovideos
2023-05-10 19:16:57,061 [INFO] PluginManage:359 - Loaded plugin tutovideos (category:base,tabindex:-1)
2023-05-10 19:16:57,061 [INFO] PluginManage:310 - Check plugin updater
2023-05-10 19:16:57,087 [INFO] PluginManage:359 - Loaded plugin updater (category:base,tabindex:12)
2023-05-10 19:16:57,087 [INFO] PluginManage:283 - PluginManage : Loaded plugins [15]
2023-05-10 19:16:57,495 [INFO] PinOutPanel:1499 - setPackage(No Configuration,No Configuration)
2023-05-10 19:16:57,648 [INFO] CADModel:165 - CPN selected for project level
2023-05-10 19:16:57,648 [INFO] CADModel:114 - Register for checkConnection events
2023-05-10 19:16:57,683 [INFO] IPUIPlugin:80 - create IPUIPlugin
2023-05-10 19:16:57,683 [INFO] PluginManager:220 - loadIPPluginJar : add adc
2023-05-10 19:16:57,715 [INFO] IPUIPlugin:80 - create IPUIPlugin
2023-05-10 19:16:57,715 [INFO] PluginManager:220 - loadIPPluginJar : add aes
2023-05-10 19:16:57,761 [INFO] IPUIPlugin:80 - create IPUIPlugin
2023-05-10 19:16:57,761 [INFO] PluginManager:220 - loadIPPluginJar : add can
2023-05-10 19:16:57,777 [INFO] IPUIPlugin:80 - create IPUIPlugin
2023-05-10 19:16:57,777 [INFO] PluginManager:220 - loadIPPluginJar : add comp
2023-05-10 19:16:57,810 [INFO] IPUIPlugin:80 - create IPUIPlugin
2023-05-10 19:16:57,810 [INFO] PluginManager:220 - loadIPPluginJar : add cryp
2023-05-10 19:16:57,840 [INFO] IPUIPlugin:80 - create IPUIPlugin
2023-05-10 19:16:57,840 [INFO] PluginManager:220 - loadIPPluginJar : add dfsdm
2023-05-10 19:16:57,856 [INFO] IPUIPlugin:80 - create IPUIPlugin
2023-05-10 19:16:57,856 [INFO] PluginManager:220 - loadIPPluginJar : add dma
2023-05-10 19:16:57,912 [INFO] IPUIPlugin:80 - create IPUIPlugin
2023-05-10 19:16:57,912 [INFO] PluginManager:220 - loadIPPluginJar : add dma3
2023-05-10 19:16:57,920 [INFO] IPUIPlugin:80 - create IPUIPlugin
2023-05-10 19:16:57,920 [INFO] PluginManager:220 - loadIPPluginJar : add fatfs
2023-05-10 19:16:57,977 [INFO] IPUIPlugin:80 - create IPUIPlugin
2023-05-10 19:16:57,977 [INFO] PluginManager:220 - loadIPPluginJar : add fmc
2023-05-10 19:16:57,999 [INFO] IPUIPlugin:80 - create IPUIPlugin
2023-05-10 19:16:57,999 [INFO] PluginManager:220 - loadIPPluginJar : add freertos
2023-05-10 19:16:58,021 [INFO] IPUIPlugin:80 - create IPUIPlugin
2023-05-10 19:16:58,021 [INFO] PluginManager:220 - loadIPPluginJar : add genericplugin
2023-05-10 19:16:58,094 [INFO] IPUIPlugin:80 - create IPUIPlugin
2023-05-10 19:16:58,094 [INFO] PluginManager:220 - loadIPPluginJar : add gfxmmu
2023-05-10 19:16:58,220 [INFO] IPUIPlugin:80 - create IPUIPlugin
2023-05-10 19:16:58,220 [INFO] PluginManager:220 - loadIPPluginJar : add gic
2023-05-10 19:16:58,252 [INFO] IPUIPlugin:80 - create IPUIPlugin
2023-05-10 19:16:58,252 [INFO] PluginManager:220 - loadIPPluginJar : add gpio
2023-05-10 19:16:58,330 [INFO] IPUIPlugin:80 - create IPUIPlugin
2023-05-10 19:16:58,330 [INFO] PluginManager:220 - loadIPPluginJar : add gtzc
2023-05-10 19:16:58,361 [INFO] IPUIPlugin:80 - create IPUIPlugin
2023-05-10 19:16:58,361 [INFO] PluginManager:220 - loadIPPluginJar : add hash
2023-05-10 19:16:58,422 [INFO] IPUIPlugin:80 - create IPUIPlugin
2023-05-10 19:16:58,422 [INFO] PluginManager:220 - loadIPPluginJar : add i2c
2023-05-10 19:16:58,456 [INFO] IPUIPlugin:80 - create IPUIPlugin
2023-05-10 19:16:58,456 [INFO] PluginManager:220 - loadIPPluginJar : add i2s
2023-05-10 19:16:58,487 [INFO] IPUIPlugin:80 - create IPUIPlugin
2023-05-10 19:16:58,487 [INFO] PluginManager:220 - loadIPPluginJar : add i3c
2023-05-10 19:16:58,618 [INFO] IPUIPlugin:80 - create IPUIPlugin
2023-05-10 19:16:58,618 [INFO] PluginManager:220 - loadIPPluginJar : add ipddr
2023-05-10 19:16:58,709 [INFO] IPUIPlugin:80 - create IPUIPlugin
2023-05-10 19:16:58,709 [INFO] PluginManager:220 - loadIPPluginJar : add linkedlist
2023-05-10 19:16:58,740 [INFO] IPUIPlugin:80 - create IPUIPlugin
2023-05-10 19:16:58,740 [INFO] PluginManager:220 - loadIPPluginJar : add lorawan
2023-05-10 19:16:58,772 [INFO] IPUIPlugin:80 - create IPUIPlugin
2023-05-10 19:16:58,772 [INFO] PluginManager:220 - loadIPPluginJar : add ltdc
2023-05-10 19:16:58,787 [INFO] IPUIPlugin:80 - create IPUIPlugin
2023-05-10 19:16:58,787 [INFO] PluginManager:220 - loadIPPluginJar : add mdma
2023-05-10 19:16:58,809 [INFO] IPUIPlugin:80 - create IPUIPlugin
2023-05-10 19:16:58,810 [INFO] PluginManager:220 - loadIPPluginJar : add nvic
2023-05-10 19:16:58,845 [INFO] IPUIPlugin:80 - create IPUIPlugin
2023-05-10 19:16:58,847 [INFO] PluginManager:220 - loadIPPluginJar : add opamp
2023-05-10 19:16:58,902 [INFO] IPUIPlugin:80 - create IPUIPlugin
2023-05-10 19:16:58,902 [INFO] PluginManager:220 - loadIPPluginJar : add openamp
2023-05-10 19:16:58,945 [INFO] IPUIPlugin:80 - create IPUIPlugin
2023-05-10 19:16:58,945 [INFO] PluginManager:220 - loadIPPluginJar : add pdm2pcm
2023-05-10 19:16:58,964 [INFO] IPUIPlugin:80 - create IPUIPlugin
2023-05-10 19:16:58,967 [INFO] PluginManager:220 - loadIPPluginJar : add plateformsettings
2023-05-10 19:16:58,978 [INFO] IPUIPlugin:80 - create IPUIPlugin
2023-05-10 19:16:58,978 [INFO] PluginManager:220 - loadIPPluginJar : add quadspi
2023-05-10 19:16:59,005 [INFO] IPUIPlugin:80 - create IPUIPlugin
2023-05-10 19:16:59,005 [INFO] PluginManager:220 - loadIPPluginJar : add resmgrutility
2023-05-10 19:16:59,042 [INFO] IPUIPlugin:80 - create IPUIPlugin
2023-05-10 19:16:59,042 [INFO] PluginManager:220 - loadIPPluginJar : add sai
2023-05-10 19:16:59,083 [INFO] IPUIPlugin:80 - create IPUIPlugin
2023-05-10 19:16:59,083 [INFO] PluginManager:220 - loadIPPluginJar : add spi
2023-05-10 19:16:59,135 [INFO] IPUIPlugin:80 - create IPUIPlugin
2023-05-10 19:16:59,135 [INFO] PluginManager:220 - loadIPPluginJar : add stm32_wpan
2023-05-10 19:16:59,164 [INFO] IPUIPlugin:80 - create IPUIPlugin
2023-05-10 19:16:59,164 [INFO] PluginManager:220 - loadIPPluginJar : add tim
2023-05-10 19:16:59,214 [INFO] IPUIPlugin:80 - create IPUIPlugin
2023-05-10 19:16:59,214 [INFO] PluginManager:220 - loadIPPluginJar : add touchsensing
2023-05-10 19:16:59,238 [INFO] IPUIPlugin:80 - create IPUIPlugin
2023-05-10 19:16:59,238 [INFO] PluginManager:220 - loadIPPluginJar : add tracer_emb
2023-05-10 19:16:59,262 [INFO] IPUIPlugin:80 - create IPUIPlugin
2023-05-10 19:16:59,262 [INFO] PluginManager:220 - loadIPPluginJar : add ts
2023-05-10 19:16:59,278 [INFO] IPUIPlugin:80 - create IPUIPlugin
2023-05-10 19:16:59,278 [INFO] PluginManager:220 - loadIPPluginJar : add tsc
2023-05-10 19:16:59,294 [INFO] IPUIPlugin:80 - create IPUIPlugin
2023-05-10 19:16:59,294 [INFO] PluginManager:220 - loadIPPluginJar : add ucpd
2023-05-10 19:16:59,340 [INFO] IPUIPlugin:80 - create IPUIPlugin
2023-05-10 19:16:59,340 [INFO] PluginManager:220 - loadIPPluginJar : add usart
2023-05-10 19:16:59,390 [INFO] IPUIPlugin:80 - create IPUIPlugin
2023-05-10 19:16:59,390 [INFO] PluginManager:220 - loadIPPluginJar : add usbx
2023-05-10 19:16:59,536 [INFO] CADModel:165 - CPN selected for project level
2023-05-10 19:16:59,536 [INFO] CADModel:114 - Register for checkConnection events
2023-05-10 19:16:59,536 [FATAL] Updater:308 - Updater called before beeing initialized
2023-05-10 19:16:59,536 [ERROR] CADModel:125 - Updater not yet initialized, retry later 
2023-05-10 19:16:59,673 [INFO] ThirdPartyUpdaterWithRetryManager:70 - Updater plugin not ready yet. [2/15]
2023-05-10 19:16:59,782 [INFO] CADModel:165 - CPN selected for project level
2023-05-10 19:16:59,782 [INFO] CADModel:114 - Register for checkConnection events
2023-05-10 19:16:59,785 [FATAL] Updater:308 - Updater called before beeing initialized
2023-05-10 19:16:59,785 [ERROR] CADModel:125 - Updater not yet initialized, retry later 
2023-05-10 19:16:59,787 [FATAL] Updater:308 - Updater called before beeing initialized
2023-05-10 19:16:59,990 [FATAL] Updater:308 - Updater called before beeing initialized
2023-05-10 19:17:00,005 [INFO] DbMcusAds:53 - JSON generation date=Tue Mar 07 09:50:55 CET 2023 (1678179055335)
2023-05-10 19:17:00,005 [FATAL] Updater:308 - Updater called before beeing initialized
2023-05-10 19:17:00,099 [WARN] DetailPanel:346 - Failed to get advertising image, set to default
2023-05-10 19:17:00,215 [FATAL] Updater:308 - Updater called before beeing initialized
2023-05-10 19:17:00,217 [FATAL] Updater:308 - Updater called before beeing initialized
2023-05-10 19:17:00,217 [FATAL] Updater:308 - Updater called before beeing initialized
2023-05-10 19:17:00,217 [WARN] DetailPanel:346 - Failed to get advertising image, set to default
2023-05-10 19:17:00,217 [FATAL] Updater:308 - Updater called before beeing initialized
2023-05-10 19:17:00,304 [ERROR] Updater:1120 - MainUpdater not yet initialized. External WinMGr cannot be set.
2023-05-10 19:17:00,319 [INFO] Updater:1056 - Updater Version found : 6.8.1
2023-05-10 19:17:00,351 [INFO] ApplicationProperties:184 - Using Application install path: C:\ST\STM32CubeIDE_1.8.0\STM32CubeIDE\plugins\com.st.stm32cube.common.mx_6.8.1.202304191431
2023-05-10 19:17:00,636 [INFO] MainUpdater:2854 - connection check result : 10
2023-05-10 19:17:00,636 [INFO] MainUpdater:3548 - Updater definition file requires update
2023-05-10 19:17:00,636 [INFO] MainUpdater:283 - Updater Check For Update Now.
2023-05-10 19:17:00,636 [INFO] MicroXplorer:498 - Change Database Version : DB.6.0.81
2023-05-10 19:17:00,667 [INFO] ServerAccessManage:473 - Download File updaters.zip
2023-05-10 19:17:00,730 [INFO] FileExtend:240 - Unzip File : updaters.zip
2023-05-10 19:17:00,730 [INFO] FileExtend:255 - Standard Zip Deflate
2023-05-10 19:17:01,330 [INFO] ServerAccessManage:473 - Download File PacksControlFlags.xml
2023-05-10 19:17:01,534 [INFO] ServerAccessManage:473 - Download File cubemx.pidx
2023-05-10 19:17:01,681 [INFO] LoadServerUpdatesThread:373 - End of LoadServerUpdate Thread
2023-05-10 19:17:01,853 [INFO] CheckServerUpdateThread:120 - End of CheckServer Thread
2023-05-10 19:17:01,896 [INFO] MainUpdater:2854 - connection check result : 10
2023-05-10 19:17:01,902 [INFO] MainUpdater:2854 - connection check result : 10
2023-05-10 19:17:02,143 [INFO] MicroXplorer:468 - Change Database Path : 
2023-05-10 19:17:02,143 [INFO] MicroXplorer:498 - Change Database Version : DB.6.0.81
2023-05-10 19:17:02,143 [WARN] ThirdParty:871 - waiting for thirdparty lock release [close project]
2023-05-10 19:17:02,858 [WARN] PackLoader:240 - Cannot read IP mode file for STMicroelectronics.X-CUBE-GNSS1.6.0.0
2023-05-10 19:17:02,922 [WARN] PackLoader:240 - Cannot read IP mode file for STMicroelectronics.X-CUBE-AZRTOS-F4.1.1.0
2023-05-10 19:17:02,938 [WARN] PackLoader:240 - Cannot read IP mode file for STMicroelectronics.X-CUBE-SMBUS.2.1.0
2023-05-10 19:17:02,969 [WARN] PackLoader:240 - Cannot read IP mode file for STMicroelectronics.X-CUBE-AZRTOS-F7.1.1.0
2023-05-10 19:17:03,032 [WARN] PackLoader:240 - Cannot read IP mode file for STMicroelectronics.X-CUBE-MEMS1.9.6.0
2023-05-10 19:17:03,191 [WARN] PackLoader:240 - Cannot read IP mode file for STMicroelectronics.X-CUBE-BLE1.6.2.4
2023-05-10 19:17:03,216 [WARN] PackLoader:240 - Cannot read IP mode file for emotas.I-CUBE-CANOPEN.1.1.3
2023-05-10 19:17:03,231 [WARN] PackLoader:240 - Cannot read IP mode file for STMicroelectronics.X-CUBE-BLEMGR.2.0.0
2023-05-10 19:17:03,254 [WARN] ConditionMgr:438 - getConditionDescription Invalid condition id : UX DEVICE CLASS RTOS Condition cause : null
2023-05-10 19:17:03,254 [WARN] ConditionMgr:438 - getConditionDescription Invalid condition id : UX DEVICE CLASS RTOS Condition cause : null
2023-05-10 19:17:03,254 [WARN] PackLoader:240 - Cannot read IP mode file for STMicroelectronics.X-CUBE-AZRTOS-H7.3.1.0
2023-05-10 19:17:03,254 [WARN] ConditionMgr:1039 - genDependencies : Invalid condition id : UX DEVICE CLASS RTOS Condition cause : null
2023-05-10 19:17:03,254 [WARN] ConditionMgr:1039 - genDependencies : Invalid condition id : UX DEVICE CLASS RTOS Condition cause : null
2023-05-10 19:17:03,254 [WARN] ConditionMgr:1039 - genDependencies : Invalid condition id : UX DEVICE CLASS RTOS Condition cause : null
2023-05-10 19:17:03,254 [WARN] ConditionMgr:1039 - genDependencies : Invalid condition id : UX DEVICE CLASS RTOS Condition cause : null
2023-05-10 19:17:03,254 [WARN] ConditionMgr:1039 - genDependencies : Invalid condition id : UX DEVICE CLASS RTOS Condition cause : null
2023-05-10 19:17:03,269 [WARN] PackLoader:240 - Cannot read IP mode file for STMicroelectronics.X-CUBE-DISPLAY.3.0.0
2023-05-10 19:17:03,300 [WARN] PackLoader:240 - Cannot read IP mode file for wolfSSL.I-CUBE-wolfSSL.5.5.4
2023-05-10 19:17:03,313 [WARN] PackLoader:240 - Cannot read IP mode file for STMicroelectronics.X-CUBE-NFC7.1.0.0
2023-05-10 19:17:03,329 [WARN] PackLoader:240 - Cannot read IP mode file for STMicroelectronics.X-CUBE-EEPRMA1.4.1.0
2023-05-10 19:17:03,332 [WARN] PackLoader:240 - Cannot read IP mode file for WES.I-CUBE-Cesium.1.3.0
2023-05-10 19:17:03,350 [WARN] PackLoader:240 - Cannot read IP mode file for STMicroelectronics.X-CUBE-SFXS2LP1.4.0.0
2023-05-10 19:17:03,376 [WARN] PackLoader:240 - Cannot read IP mode file for STMicroelectronics.X-CUBE-BLE2.3.3.0
2023-05-10 19:17:03,395 [WARN] PackLoader:240 - Cannot read IP mode file for STMicroelectronics.X-CUBE-TOF1.3.2.0
2023-05-10 19:17:03,441 [WARN] PackLoader:240 - Cannot read IP mode file for STMicroelectronics.X-CUBE-AZRTOS-H7.3.0.0
2023-05-10 19:17:03,444 [WARN] PackLoader:240 - Cannot read IP mode file for STMicroelectronics.X-CUBE-ISPU.1.1.0
2023-05-10 19:17:03,473 [WARN] PackLoader:240 - Cannot read IP mode file for RoweBots.I-CUBE-UNISONRTOS.5.5.0-4
2023-05-10 19:17:03,487 [WARN] PackLoader:240 - Cannot read IP mode file for STMicroelectronics.X-CUBE-AI.8.0.0
2023-05-10 19:17:03,491 [WARN] PackLoader:240 - Cannot read IP mode file for STMicroelectronics.X-CUBE-FREERTOS.1.0.0
2023-05-10 19:17:03,506 [WARN] PackLoader:240 - Cannot read IP mode file for STMicroelectronics.X-CUBE-FREERTOS.1.0.1
2023-05-10 19:17:03,527 [WARN] PackLoader:240 - Cannot read IP mode file for STMicroelectronics.X-CUBE-TOUCHGFX.4.21.1
2023-05-10 19:17:03,538 [WARN] PackLoader:240 - Cannot read IP mode file for STMicroelectronics.X-CUBE-TOUCHGFX.4.21.3
2023-05-10 19:17:03,551 [WARN] PackLoader:240 - Cannot read IP mode file for STMicroelectronics.X-CUBE-ALGOBUILD.1.3.0
2023-05-10 19:17:03,574 [WARN] PackLoader:240 - Cannot read IP mode file for STMicroelectronics.X-CUBE-AZRTOS-L5.1.1.0
2023-05-10 19:17:03,618 [WARN] PackLoader:240 - Cannot read IP mode file for STMicroelectronics.X-CUBE-AZRTOS-G0.1.1.0
2023-05-10 19:17:03,633 [WARN] PackLoader:240 - Cannot read IP mode file for STMicroelectronics.X-CUBE-SUBG2.5.0.0
2023-05-10 19:17:03,654 [WARN] PackLoader:240 - Cannot read IP mode file for STMicroelectronics.X-CUBE-NFC4.3.0.0
2023-05-10 19:17:03,665 [WARN] PackLoader:240 - Cannot read IP mode file for STMicroelectronics.X-CUBE-AZRTOS-G4.2.0.0
2023-05-10 19:17:03,696 [WARN] PackLoader:240 - Cannot read IP mode file for STMicroelectronics.X-CUBE-TOF1.3.3.0
2023-05-10 19:17:03,712 [WARN] PackLoader:240 - Cannot read IP mode file for STMicroelectronics.FP-ATR-ASTRA1.1.1.1
2023-05-10 19:17:03,743 [WARN] PackLoader:240 - Cannot read IP mode file for STMicroelectronics.X-CUBE-AZRTOS-G4.1.0.0
2023-05-10 19:17:03,759 [WARN] PackLoader:240 - Cannot read IP mode file for STMicroelectronics.FP-ATR-SIGFOX1.3.2.0
2023-05-10 19:17:03,789 [WARN] PackLoader:240 - Cannot read IP mode file for STMicroelectronics.X-CUBE-AZRTOS-L4.1.0.0
2023-05-10 19:17:03,807 [WARN] PackLoader:240 - Cannot read IP mode file for STMicroelectronics.X-CUBE-AZRTOS-WL.1.0.0
2023-05-10 19:17:03,822 [WARN] PackLoader:240 - Cannot read IP mode file for portGmbH.I-Cube-SoM-uGOAL.1.1.0
2023-05-10 19:17:03,832 [WARN] PackLoader:240 - Cannot read IP mode file for STMicroelectronics.X-CUBE-ALS.1.0.1
2023-05-10 19:17:03,881 [WARN] PackLoader:240 - Cannot read IP mode file for STMicroelectronics.X-CUBE-MEMS1.9.5.0
2023-05-10 19:17:04,049 [WARN] PackLoader:240 - Cannot read IP mode file for STMicroelectronics.X-CUBE-AZRTOS-WB.1.1.0
2023-05-10 19:17:04,093 [WARN] PackLoader:240 - Cannot read IP mode file for SEGGER.I-CUBE-embOS.1.3.1
2023-05-10 19:17:04,139 [WARN] PackLoader:240 - Cannot read IP mode file for STMicroelectronics.FP-ATR-ASTRA1.2.0.0
2023-05-10 19:17:04,139 [INFO] ThirdParty:978 - Integrity check success = true
2023-05-10 19:17:04,139 [INFO] IntegrityCheckThread:100 - exiting critical section [integrity check]
2023-05-10 19:17:04,155 [INFO] ThirdParty:873 - entering critical section [close project]
2023-05-10 19:17:04,155 [INFO] IntegrityCheckThread:103 - End integrity checks thread
2023-05-10 19:17:04,158 [INFO] ThirdParty:883 - exiting critical section [close project]
2023-05-10 19:17:04,186 [INFO] PinOutPanel:1499 - setPackage(No Configuration,No Configuration)
2023-05-10 19:17:04,213 [INFO] UtilMem:75 - Begin LoadConfig() Used Memory: 503623832 Bytes (654311424)
2023-05-10 19:17:12,834 [INFO] ServerAccessManage:473 - Download File stm32cube_db_v6040.zip
2023-05-10 19:17:16,626 [INFO] FileExtend:240 - Unzip File : stm32cube_db_v6040.zip
2023-05-10 19:17:16,626 [INFO] FileExtend:255 - Standard Zip Deflate
2023-05-10 19:17:24,836 [INFO] LoadServerPackagesThread:196 - End of LoadServerPackages Thread
2023-05-10 19:17:25,003 [INFO] CheckServerUpdateThread:120 - End of CheckServer Thread
2023-05-10 19:17:25,013 [INFO] MicroXplorer:468 - Change Database Path : C:/Users/sbrot/.stm32cubemx/databases/DB.6.0.40/db/
2023-05-10 19:17:25,013 [INFO] MicroXplorer:498 - Change Database Version : DB.6.0.40
2023-05-10 19:17:25,013 [INFO] OpenFileManager:308 - Change cursor
2023-05-10 19:17:25,267 [INFO] ApiDb:581 - Connected to CubeFinder SQLite database (C:\Users\sbrot\.stmcufinder\plugins\mcufinder\mcu\cube-finder-db.db)
2023-05-10 19:17:25,345 [INFO] ApiDb:668 - CubeFinder database Data Model version=2.1
2023-05-10 19:17:25,345 [INFO] ApiDb:669 - CubeFinder database Configuration version=3.0.35
2023-05-10 19:17:25,345 [INFO] ApiDb:670 - CubeFinder database generation date=2023-04-03 (1680511692)
2023-05-10 19:17:25,345 [INFO] ApiDb:671 - CubeFinder database FW Pack versions=[FP-ATR-ASTRA1_V2.0.0, STM32Cube_FW_C0_V1.0.1, STM32Cube_FW_F0_V1.11.4, STM32Cube_FW_F3_V1.11.4, STM32Cube_FW_F4_V1.27.1, STM32Cube_FW_F7_V1.17.0, STM32Cube_FW_G0_V1.6.1, STM32Cube_FW_G4_V1.5.1, STM32Cube_FW_H5_V0.5.1, STM32Cube_FW_H5_V1.0.0, STM32Cube_FW_H7_V1.11.0, STM32Cube_FW_L0_V1.12.2, STM32Cube_FW_L5_V1.5.0, STM32Cube_FW_U5_V1.2.0, STM32Cube_FW_WBA_V1.0.0, STM32Cube_FW_WBA_V1.0.0RC1, STM32Cube_FW_WBA_V1.0.0RC3, STM32Cube_FW_WB_V1.15.0RC1, STM32Cube_FW_WB_V1.16.0, STM32Cube_FW_WB_V1.16.0RC2, STM32Cube_FW_WL_V1.3.0, X-CUBE-ALGOBUILD_V1.3.0, X-CUBE-ALS_V1.0.1, X-CUBE-AZRTOS-F4_V1.1.0, X-CUBE-AZRTOS-F7_V1.1.0, X-CUBE-AZRTOS-G0_V1.1.0, X-CUBE-AZRTOS-G4_V1.0.0, X-CUBE-AZRTOS-H7_V3.0.0, X-CUBE-AZRTOS-L4_V1.0.0, X-CUBE-AZRTOS-L5_V1.1.0, X-CUBE-AZRTOS-WB_V1.1.0, X-CUBE-AZRTOS-WL_V1.0.0, X-CUBE-BLE1_V6.2.4, X-CUBE-BLE2_V3.3.0, X-CUBE-BLEMGR_V1.3.0, X-CUBE-EEPRMA1_V4.1.0, X-CUBE-FREERTOS_V1.0.1, X-CUBE-GNSS1_V6.0.0, X-CUBE-MEMS1_V9.1.0, X-CUBE-MEMS1_V9.4.0, X-CUBE-MEMS1_V9.5.0, X-CUBE-NFC4_V3.0.0, X-CUBE-NFC7_V1.0.0, X-CUBE-SFXS2LP1_V4.0.0, X-CUBE-SUBG2_V5.0.0]
2023-05-10 19:17:25,549 [INFO] DbBoardsSqlite:226 - include board P-NUCLEO-WB55-NUCLEO as a kit item of type 'Nucleo-64'
2023-05-10 19:17:25,549 [INFO] DbBoardsSqlite:226 - include board P-NUCLEO-WB55-USBDONGLE as a kit item of type 'Nucleo USB Dongle'
2023-05-10 19:17:25,549 [INFO] DbBoardsSqlite:226 - include board STEVAL-IDP005V1 as a kit item of type 'Evaluation Board'
2023-05-10 19:17:25,549 [INFO] DbBoardsSqlite:226 - include board STEVAL-IDP005V2 as a kit item of type 'Evaluation Board'
2023-05-10 19:17:25,971 [INFO] ApiDb:240 - Found 297 in-development CPN: [B-G473E-ZEST1S, B-WB1M-WPAN1, B-WL5M-SUBG1, NUCLEO-C031C6, NUCLEO-H503RB, NUCLEO-H563ZI, NUCLEO-U545RE-Q, NUCLEO-U5A5ZJ-Q, NUCLEO-WBA52CG, STEVAL-PROTEUS1, STEVAL-STWINBX1, STM320518-EVAL, STM32C0116-DK, STM32C011D6Y3TR, STM32C011D6Y6TR, STM32C011F4P3, STM32C011F4P6, STM32C011F4U3, STM32C011F4U6TR, STM32C011F6P3, STM32C011F6P6, STM32C011F6U3, STM32C011F6U6TR, STM32C011J4M3, STM32C011J4M6, STM32C011J6M3, STM32C011J6M6, STM32C0316-DK, STM32C031C4T3, STM32C031C4T6, STM32C031C4U3, STM32C031C4U6, STM32C031C6T3, STM32C031C6T6, STM32C031C6U3, STM32C031C6U6, STM32C031F4P3, STM32C031F4P6, STM32C031F6P3, STM32C031F6P6, STM32C031G4U3, STM32C031G4U6, STM32C031G6U3, STM32C031G6U6, STM32C031K4T3, STM32C031K4T6, STM32C031K4U3, STM32C031K4U6, STM32C031K6T3, STM32C031K6T6, STM32C031K6U3, STM32C031K6U6, STM32G071K8TXN, STM32G071K8UXN, STM32G081GBU6N, STM32G081KBT6N, STM32G081KBUXN, STM32G0B1CCT6N, STM32G0B1KCT6, STM32G0B1NEY6TR, STM32G0B1RCT6N, STM32G0C1CCT6, STM32G0C1CCT6N, STM32G0C1CCU6N, STM32G0C1CET6N, STM32G0C1CEU6N, STM32G0C1KCT6, STM32G0C1NEY6TR, STM32G0C1RCI6N, STM32G0C1RCT6N, STM32G0C1REI6N, STM32G0C1RET6N, STM32G0C1VCI6, STM32G0C1VEI6, STM32G471CCT6, STM32G471CCU6, STM32G471CET3, STM32G471CET6, STM32G471CEU3, STM32G471CEU6, STM32G471MCT6, STM32G471MET3, STM32G471MET6, STM32G471MEY6TR, STM32G471QCT6, STM32G471QET3, STM32G471RCT6, STM32G471RET3, STM32G471RET6, STM32G471VCH6, STM32G471VCI6, STM32G471VCT6, STM32G471VEH3, STM32G471VEH6, STM32G471VEI3, STM32G471VEI6, STM32G471VET3, STM32G471VET6, STM32G474CCT6, STM32H503CBT6, STM32H503CBU6, STM32H503EBY6TR, STM32H503KBU6, STM32H503RBT6, STM32H562AGI6, STM32H562AII6, STM32H562IGK6, STM32H562IGT6, STM32H562IIK6, STM32H562IIT6, STM32H562RGT6, STM32H562RGV6, STM32H562RIT6, STM32H562RIV6, STM32H562VGT6, STM32H562VIT6, STM32H562ZGT6, STM32H562ZIT6, STM32H563AGI6, STM32H563AII3Q, STM32H563AII6, STM32H563IGK6, STM32H563IGT6, STM32H563IIK3Q, STM32H563IIK6, STM32H563IIT3Q, STM32H563IIT6, STM32H563MIY3QTR, STM32H563RGT6, STM32H563RGV6, STM32H563RIT6, STM32H563RIV6, STM32H563VGT6, STM32H563VIT3Q, STM32H563VIT6, STM32H563ZGT6, STM32H563ZIT3Q, STM32H563ZIT6, STM32H573AII3Q, STM32H573AII6, STM32H573I-DK, STM32H573IIK3Q, STM32H573IIK6, STM32H573IIT3Q, STM32H573IIT6, STM32H573MIY3QTR, STM32H573RIT6, STM32H573RIV6, STM32H573VIT3Q, STM32H573VIT6, STM32H573ZIT3Q, STM32H573ZIT6, STM32L4R5QGI6STR, STM32MP131AAE3, STM32MP131AAF3, STM32MP131AAG3, STM32MP131CAE3, STM32MP131CAF3, STM32MP131CAG3, STM32MP131DAE7, STM32MP131DAF7, STM32MP131DAG7, STM32MP131FAE7, STM32MP131FAF7, STM32MP131FAG7, STM32MP133AAE3, STM32MP133AAF3, STM32MP133AAG3, STM32MP133CAE3, STM32MP133CAF3, STM32MP133CAG3, STM32MP133DAE7, STM32MP133DAF7, STM32MP133DAG7, STM32MP133FAE7, STM32MP133FAF7, STM32MP133FAG7, STM32MP135AAE3, STM32MP135AAF3, STM32MP135AAG3, STM32MP135CAE3, STM32MP135CAF3, STM32MP135CAG3, STM32MP135DAE7, STM32MP135DAF7, STM32MP135DAG7, STM32MP135F-DK, STM32MP135FAE7, STM32MP135FAF7, STM32MP135FAF7T, STM32MP135FAF7U, STM32MP135FAG7, STM32U535CBT6, STM32U535CBT6Q, STM32U535CBU6, STM32U535CBU6Q, STM32U535CCT6, STM32U535CCT6Q, STM32U535CCU6, STM32U535CCU6Q, STM32U535CET6, STM32U535CET6Q, STM32U535CEU6, STM32U535CEU6Q, STM32U535JEY6QTR, STM32U535NCY6QTR, STM32U535NEY6QTR, STM32U535RBI6, STM32U535RBI6Q, STM32U535RBT6, STM32U535RBT6Q, STM32U535RCI6, STM32U535RCI6Q, STM32U535RCT6, STM32U535RCT6Q, STM32U535REI6, STM32U535REI6Q, STM32U535RET6, STM32U535RET6Q, STM32U535VCI6, STM32U535VCI6Q, STM32U535VCT6, STM32U535VCT6Q, STM32U535VEI6, STM32U535VEI6Q, STM32U535VET6, STM32U535VET6Q, STM32U545CET6, STM32U545CET6Q, STM32U545CEU6, STM32U545CEU6Q, STM32U545JEY6QTR, STM32U545NEY6QTR, STM32U545REI6, STM32U545REI6Q, STM32U545RET6, STM32U545RET6Q, STM32U545VEI6, STM32U545VEI6Q, STM32U545VET6, STM32U545VET6Q, STM32U595AIH6, STM32U595AIH6Q, STM32U595AJH6, STM32U595AJH6Q, STM32U595QII6, STM32U595QII6Q, STM32U595QJI6, STM32U595QJI6Q, STM32U595RIT6, STM32U595RIT6Q, STM32U595RJT6, STM32U595RJT6Q, STM32U595VIT6, STM32U595VIT6Q, STM32U595VJT6, STM32U595VJT6Q, STM32U595ZIT6, STM32U595ZIT6Q, STM32U595ZIY6QTR, STM32U595ZJT6, STM32U595ZJT6Q, STM32U595ZJY6QTR, STM32U599BJY6QTR, STM32U599NIH6Q, STM32U599NJH6Q, STM32U599VIT6Q, STM32U599VJT6, STM32U599VJT6Q, STM32U599ZIT6Q, STM32U599ZIY6QTR, STM32U599ZJT6Q, STM32U599ZJY6QTR, STM32U5A5AJH6, STM32U5A5AJH6Q, STM32U5A5QJI6, STM32U5A5QJI6Q, STM32U5A5RJT6, STM32U5A5RJT6Q, STM32U5A5VJT6, STM32U5A5VJT6Q, STM32U5A5ZJT6, STM32U5A5ZJT6Q, STM32U5A5ZJY6QTR, STM32U5A9BJY6QTR, STM32U5A9J-DK, STM32U5A9NJH6Q, STM32U5A9VJT6Q, STM32U5A9ZJT6Q, STM32U5A9ZJY6QTR, STM32WB1MMCH6, STM32WBA52CEU6, STM32WBA52CEU6T, STM32WBA52CGU6, STM32WBA52CGU6T, STM32WL5MOCH6, STM32WL5MOCH6TR]
2023-05-10 19:17:26,081 [INFO] BoardInfo:880 - No configuration file found for board P-NUCLEO-WB55
2023-05-10 19:17:26,081 [INFO] DbBoards:157 - Kit is not supported: P-NUCLEO-WB55
2023-05-10 19:17:26,081 [INFO] BoardInfo:880 - No configuration file found for board STEVAL-BFA001V1B
2023-05-10 19:17:26,081 [INFO] DbBoards:157 - Kit is not supported: STEVAL-BFA001V1B
2023-05-10 19:17:26,081 [INFO] BoardInfo:880 - No configuration file found for board STEVAL-BFA001V2B
2023-05-10 19:17:26,081 [INFO] DbBoards:157 - Kit is not supported: STEVAL-BFA001V2B
2023-05-10 19:17:26,191 [INFO] DbBoards:161 - Found 187 boards, 184 are supported
2023-05-10 19:17:26,191 [INFO] ApiDb:668 - CubeFinder database Data Model version=2.1
2023-05-10 19:17:26,191 [INFO] ApiDb:669 - CubeFinder database Configuration version=3.0.35
2023-05-10 19:17:26,191 [INFO] ApiDb:670 - CubeFinder database generation date=2023-04-03 (1680511692)
2023-05-10 19:17:26,191 [INFO] ApiDb:671 - CubeFinder database FW Pack versions=[FP-ATR-ASTRA1_V2.0.0, STM32Cube_FW_C0_V1.0.1, STM32Cube_FW_F0_V1.11.4, STM32Cube_FW_F3_V1.11.4, STM32Cube_FW_F4_V1.27.1, STM32Cube_FW_F7_V1.17.0, STM32Cube_FW_G0_V1.6.1, STM32Cube_FW_G4_V1.5.1, STM32Cube_FW_H5_V0.5.1, STM32Cube_FW_H5_V1.0.0, STM32Cube_FW_H7_V1.11.0, STM32Cube_FW_L0_V1.12.2, STM32Cube_FW_L5_V1.5.0, STM32Cube_FW_U5_V1.2.0, STM32Cube_FW_WBA_V1.0.0, STM32Cube_FW_WBA_V1.0.0RC1, STM32Cube_FW_WBA_V1.0.0RC3, STM32Cube_FW_WB_V1.15.0RC1, STM32Cube_FW_WB_V1.16.0, STM32Cube_FW_WB_V1.16.0RC2, STM32Cube_FW_WL_V1.3.0, X-CUBE-ALGOBUILD_V1.3.0, X-CUBE-ALS_V1.0.1, X-CUBE-AZRTOS-F4_V1.1.0, X-CUBE-AZRTOS-F7_V1.1.0, X-CUBE-AZRTOS-G0_V1.1.0, X-CUBE-AZRTOS-G4_V1.0.0, X-CUBE-AZRTOS-H7_V3.0.0, X-CUBE-AZRTOS-L4_V1.0.0, X-CUBE-AZRTOS-L5_V1.1.0, X-CUBE-AZRTOS-WB_V1.1.0, X-CUBE-AZRTOS-WL_V1.0.0, X-CUBE-BLE1_V6.2.4, X-CUBE-BLE2_V3.3.0, X-CUBE-BLEMGR_V1.3.0, X-CUBE-EEPRMA1_V4.1.0, X-CUBE-FREERTOS_V1.0.1, X-CUBE-GNSS1_V6.0.0, X-CUBE-MEMS1_V9.1.0, X-CUBE-MEMS1_V9.4.0, X-CUBE-MEMS1_V9.5.0, X-CUBE-NFC4_V3.0.0, X-CUBE-NFC7_V1.0.0, X-CUBE-SFXS2LP1_V4.0.0, X-CUBE-SUBG2_V5.0.0]
2023-05-10 19:17:27,804 [INFO] ApiDb:240 - Found 297 in-development CPN: [B-G473E-ZEST1S, B-WB1M-WPAN1, B-WL5M-SUBG1, NUCLEO-C031C6, NUCLEO-H503RB, NUCLEO-H563ZI, NUCLEO-U545RE-Q, NUCLEO-U5A5ZJ-Q, NUCLEO-WBA52CG, STEVAL-PROTEUS1, STEVAL-STWINBX1, STM320518-EVAL, STM32C0116-DK, STM32C011D6Y3TR, STM32C011D6Y6TR, STM32C011F4P3, STM32C011F4P6, STM32C011F4U3, STM32C011F4U6TR, STM32C011F6P3, STM32C011F6P6, STM32C011F6U3, STM32C011F6U6TR, STM32C011J4M3, STM32C011J4M6, STM32C011J6M3, STM32C011J6M6, STM32C0316-DK, STM32C031C4T3, STM32C031C4T6, STM32C031C4U3, STM32C031C4U6, STM32C031C6T3, STM32C031C6T6, STM32C031C6U3, STM32C031C6U6, STM32C031F4P3, STM32C031F4P6, STM32C031F6P3, STM32C031F6P6, STM32C031G4U3, STM32C031G4U6, STM32C031G6U3, STM32C031G6U6, STM32C031K4T3, STM32C031K4T6, STM32C031K4U3, STM32C031K4U6, STM32C031K6T3, STM32C031K6T6, STM32C031K6U3, STM32C031K6U6, STM32G071K8TXN, STM32G071K8UXN, STM32G081GBU6N, STM32G081KBT6N, STM32G081KBUXN, STM32G0B1CCT6N, STM32G0B1KCT6, STM32G0B1NEY6TR, STM32G0B1RCT6N, STM32G0C1CCT6, STM32G0C1CCT6N, STM32G0C1CCU6N, STM32G0C1CET6N, STM32G0C1CEU6N, STM32G0C1KCT6, STM32G0C1NEY6TR, STM32G0C1RCI6N, STM32G0C1RCT6N, STM32G0C1REI6N, STM32G0C1RET6N, STM32G0C1VCI6, STM32G0C1VEI6, STM32G471CCT6, STM32G471CCU6, STM32G471CET3, STM32G471CET6, STM32G471CEU3, STM32G471CEU6, STM32G471MCT6, STM32G471MET3, STM32G471MET6, STM32G471MEY6TR, STM32G471QCT6, STM32G471QET3, STM32G471RCT6, STM32G471RET3, STM32G471RET6, STM32G471VCH6, STM32G471VCI6, STM32G471VCT6, STM32G471VEH3, STM32G471VEH6, STM32G471VEI3, STM32G471VEI6, STM32G471VET3, STM32G471VET6, STM32G474CCT6, STM32H503CBT6, STM32H503CBU6, STM32H503EBY6TR, STM32H503KBU6, STM32H503RBT6, STM32H562AGI6, STM32H562AII6, STM32H562IGK6, STM32H562IGT6, STM32H562IIK6, STM32H562IIT6, STM32H562RGT6, STM32H562RGV6, STM32H562RIT6, STM32H562RIV6, STM32H562VGT6, STM32H562VIT6, STM32H562ZGT6, STM32H562ZIT6, STM32H563AGI6, STM32H563AII3Q, STM32H563AII6, STM32H563IGK6, STM32H563IGT6, STM32H563IIK3Q, STM32H563IIK6, STM32H563IIT3Q, STM32H563IIT6, STM32H563MIY3QTR, STM32H563RGT6, STM32H563RGV6, STM32H563RIT6, STM32H563RIV6, STM32H563VGT6, STM32H563VIT3Q, STM32H563VIT6, STM32H563ZGT6, STM32H563ZIT3Q, STM32H563ZIT6, STM32H573AII3Q, STM32H573AII6, STM32H573I-DK, STM32H573IIK3Q, STM32H573IIK6, STM32H573IIT3Q, STM32H573IIT6, STM32H573MIY3QTR, STM32H573RIT6, STM32H573RIV6, STM32H573VIT3Q, STM32H573VIT6, STM32H573ZIT3Q, STM32H573ZIT6, STM32L4R5QGI6STR, STM32MP131AAE3, STM32MP131AAF3, STM32MP131AAG3, STM32MP131CAE3, STM32MP131CAF3, STM32MP131CAG3, STM32MP131DAE7, STM32MP131DAF7, STM32MP131DAG7, STM32MP131FAE7, STM32MP131FAF7, STM32MP131FAG7, STM32MP133AAE3, STM32MP133AAF3, STM32MP133AAG3, STM32MP133CAE3, STM32MP133CAF3, STM32MP133CAG3, STM32MP133DAE7, STM32MP133DAF7, STM32MP133DAG7, STM32MP133FAE7, STM32MP133FAF7, STM32MP133FAG7, STM32MP135AAE3, STM32MP135AAF3, STM32MP135AAG3, STM32MP135CAE3, STM32MP135CAF3, STM32MP135CAG3, STM32MP135DAE7, STM32MP135DAF7, STM32MP135DAG7, STM32MP135F-DK, STM32MP135FAE7, STM32MP135FAF7, STM32MP135FAF7T, STM32MP135FAF7U, STM32MP135FAG7, STM32U535CBT6, STM32U535CBT6Q, STM32U535CBU6, STM32U535CBU6Q, STM32U535CCT6, STM32U535CCT6Q, STM32U535CCU6, STM32U535CCU6Q, STM32U535CET6, STM32U535CET6Q, STM32U535CEU6, STM32U535CEU6Q, STM32U535JEY6QTR, STM32U535NCY6QTR, STM32U535NEY6QTR, STM32U535RBI6, STM32U535RBI6Q, STM32U535RBT6, STM32U535RBT6Q, STM32U535RCI6, STM32U535RCI6Q, STM32U535RCT6, STM32U535RCT6Q, STM32U535REI6, STM32U535REI6Q, STM32U535RET6, STM32U535RET6Q, STM32U535VCI6, STM32U535VCI6Q, STM32U535VCT6, STM32U535VCT6Q, STM32U535VEI6, STM32U535VEI6Q, STM32U535VET6, STM32U535VET6Q, STM32U545CET6, STM32U545CET6Q, STM32U545CEU6, STM32U545CEU6Q, STM32U545JEY6QTR, STM32U545NEY6QTR, STM32U545REI6, STM32U545REI6Q, STM32U545RET6, STM32U545RET6Q, STM32U545VEI6, STM32U545VEI6Q, STM32U545VET6, STM32U545VET6Q, STM32U595AIH6, STM32U595AIH6Q, STM32U595AJH6, STM32U595AJH6Q, STM32U595QII6, STM32U595QII6Q, STM32U595QJI6, STM32U595QJI6Q, STM32U595RIT6, STM32U595RIT6Q, STM32U595RJT6, STM32U595RJT6Q, STM32U595VIT6, STM32U595VIT6Q, STM32U595VJT6, STM32U595VJT6Q, STM32U595ZIT6, STM32U595ZIT6Q, STM32U595ZIY6QTR, STM32U595ZJT6, STM32U595ZJT6Q, STM32U595ZJY6QTR, STM32U599BJY6QTR, STM32U599NIH6Q, STM32U599NJH6Q, STM32U599VIT6Q, STM32U599VJT6, STM32U599VJT6Q, STM32U599ZIT6Q, STM32U599ZIY6QTR, STM32U599ZJT6Q, STM32U599ZJY6QTR, STM32U5A5AJH6, STM32U5A5AJH6Q, STM32U5A5QJI6, STM32U5A5QJI6Q, STM32U5A5RJT6, STM32U5A5RJT6Q, STM32U5A5VJT6, STM32U5A5VJT6Q, STM32U5A5ZJT6, STM32U5A5ZJT6Q, STM32U5A5ZJY6QTR, STM32U5A9BJY6QTR, STM32U5A9J-DK, STM32U5A9NJH6Q, STM32U5A9VJT6Q, STM32U5A9ZJT6Q, STM32U5A9ZJY6QTR, STM32WB1MMCH6, STM32WBA52CEU6, STM32WBA52CEU6T, STM32WBA52CGU6, STM32WBA52CGU6T, STM32WL5MOCH6, STM32WL5MOCH6TR]
2023-05-10 19:17:27,820 [INFO] DbMcus:216 - Found 3775 MCUs, 3775 are supported
2023-05-10 19:17:27,820 [INFO] ApiDb:423 - Load user favorites file C:\Users\sbrot/.stm32cubeide/favorites.mcus.txt: 0 item(s)
2023-05-10 19:17:27,820 [INFO] ApiDb:427 - User favorites MCUs=[]
2023-05-10 19:17:27,820 [INFO] DbMcus:222 - Set 0 / 0 favorites MCUs
2023-05-10 19:17:28,024 [INFO] ApiDb:423 - Load user favorites file C:\Users\sbrot/.stm32cubeide/favorites.boards.txt: 0 item(s)
2023-05-10 19:17:28,024 [INFO] ApiDb:427 - User favorites Boards=[]
2023-05-10 19:17:28,024 [INFO] DbBoards:190 - Set 0 / 0 favorites Boards
2023-05-10 19:17:28,024 [INFO] ProjectFactory:402 - No CPN specified for board NUCLEO-F411RE => set CPN to STM32F411RET6
2023-05-10 19:17:28,024 [INFO] Mcu:1937 - Initializing MCU STM32F411R(C-E)Tx STM32F411RETx STM32F411RET6
2023-05-10 19:17:29,460 [INFO] Context:659 - Trying to add GPIOservice into a context  which must be forbidden
2023-05-10 19:17:30,189 [INFO] RtosManager:555 - Registered RTOS mode: class=CMSIS, group=RTOS, mode=CMSIS_V1, owner=FREERTOS
2023-05-10 19:17:30,189 [INFO] RtosManager:555 - Registered RTOS mode: class=CMSIS, group=RTOS2, mode=CMSIS_V2, owner=FREERTOS
2023-05-10 19:17:30,189 [INFO] RtosManager:555 - Registered RTOS mode: class=RTOS, group=Core, mode=CMSIS_V1, owner=FREERTOS
2023-05-10 19:17:30,189 [INFO] RtosManager:555 - Registered RTOS mode: class=RTOS, group=Core, mode=CMSIS_V2, owner=FREERTOS
2023-05-10 19:17:30,189 [WARN] ModelIntegratedComponent:184 - Missing modes for component STMicroelectronics:FreeRTOS:0.0.1:STMicroelectronics:RTOS:FreeRTOS:Core:::10.2.0:
2023-05-10 19:17:30,199 [WARN] ModelIntegratedComponent:182 - Modes not found for component STMicroelectronics:USB_HOST:1.0.0:STMicroelectronics:USB::USB Host:Audio HS::1.0:USB_HOST_1_0_RESTRICTED_HS
2023-05-10 19:17:30,199 [WARN] ModelIntegratedComponent:188 - Modes not found for component STMicroelectronics:USB_HOST:1.0.0:STMicroelectronics:USB::USB Host:Audio HS::1.0:USB_HOST_1_0_RESTRICTED_HS
2023-05-10 19:17:30,201 [WARN] ModelIntegratedComponent:182 - Modes not found for component STMicroelectronics:USB_HOST:1.0.0:STMicroelectronics:USB::USB Host:CDC HS::1.0:USB_HOST_1_0_RESTRICTED_HS
2023-05-10 19:17:30,201 [WARN] ModelIntegratedComponent:188 - Modes not found for component STMicroelectronics:USB_HOST:1.0.0:STMicroelectronics:USB::USB Host:CDC HS::1.0:USB_HOST_1_0_RESTRICTED_HS
2023-05-10 19:17:30,201 [WARN] ModelIntegratedComponent:182 - Modes not found for component STMicroelectronics:USB_HOST:1.0.0:STMicroelectronics:USB::USB Host:MSC HS::1.0:USB_HOST_1_0_RESTRICTED_HS
2023-05-10 19:17:30,201 [WARN] ModelIntegratedComponent:188 - Modes not found for component STMicroelectronics:USB_HOST:1.0.0:STMicroelectronics:USB::USB Host:MSC HS::1.0:USB_HOST_1_0_RESTRICTED_HS
2023-05-10 19:17:30,203 [WARN] ModelIntegratedComponent:182 - Modes not found for component STMicroelectronics:USB_HOST:1.0.0:STMicroelectronics:USB::USB Host:HID HS::1.0:USB_HOST_1_0_RESTRICTED_HS
2023-05-10 19:17:30,203 [WARN] ModelIntegratedComponent:188 - Modes not found for component STMicroelectronics:USB_HOST:1.0.0:STMicroelectronics:USB::USB Host:HID HS::1.0:USB_HOST_1_0_RESTRICTED_HS
2023-05-10 19:17:30,203 [WARN] ModelIntegratedComponent:182 - Modes not found for component STMicroelectronics:USB_HOST:1.0.0:STMicroelectronics:USB::USB Host:MTP HS::1.0:USB_HOST_1_0_RESTRICTED_HS
2023-05-10 19:17:30,203 [WARN] ModelIntegratedComponent:188 - Modes not found for component STMicroelectronics:USB_HOST:1.0.0:STMicroelectronics:USB::USB Host:MTP HS::1.0:USB_HOST_1_0_RESTRICTED_HS
2023-05-10 19:17:30,210 [WARN] ModelIntegratedComponent:63 - No mode defined for component null
2023-05-10 19:17:30,210 [WARN] ModelIntegratedComponent:63 - No mode defined for component null
2023-05-10 19:17:30,210 [WARN] ModelIntegratedComponent:63 - No mode defined for component null
2023-05-10 19:17:30,210 [WARN] ModelIntegratedComponent:63 - No mode defined for component null
2023-05-10 19:17:30,221 [WARN] ModelIntegratedComponent:63 - No mode defined for component null
2023-05-10 19:17:30,221 [WARN] ModelIntegratedComponent:63 - No mode defined for component null
2023-05-10 19:17:30,221 [WARN] ModelIntegratedComponent:63 - No mode defined for component null
2023-05-10 19:17:30,223 [WARN] ModelIntegratedComponent:63 - No mode defined for component null
2023-05-10 19:17:30,223 [WARN] ModelIntegratedComponent:63 - No mode defined for component null
2023-05-10 19:17:30,223 [WARN] ModelIntegratedComponent:63 - No mode defined for component null
2023-05-10 19:17:30,223 [WARN] ModelIntegratedComponent:63 - No mode defined for component null
2023-05-10 19:17:30,223 [WARN] ModelIntegratedComponent:63 - No mode defined for component null
2023-05-10 19:17:30,223 [WARN] ModelIntegratedComponent:63 - No mode defined for component null
2023-05-10 19:17:30,225 [WARN] ModelIntegratedComponent:63 - No mode defined for component null
2023-05-10 19:17:30,225 [WARN] ModelIntegratedComponent:63 - No mode defined for component null
2023-05-10 19:17:30,225 [WARN] ModelIntegratedComponent:63 - No mode defined for component null
2023-05-10 19:17:30,225 [WARN] ModelIntegratedComponent:63 - No mode defined for component null
2023-05-10 19:17:30,225 [WARN] ModelIntegratedComponent:63 - No mode defined for component null
2023-05-10 19:17:30,225 [WARN] ModelIntegratedComponent:63 - No mode defined for component null
2023-05-10 19:17:30,225 [WARN] ModelIntegratedComponent:63 - No mode defined for component null
2023-05-10 19:17:30,225 [WARN] ModelIntegratedComponent:63 - No mode defined for component null
2023-05-10 19:17:30,225 [WARN] ModelIntegratedComponent:63 - No mode defined for component null
2023-05-10 19:17:30,225 [WARN] ModelIntegratedComponent:63 - No mode defined for component null
2023-05-10 19:17:30,225 [WARN] ModelIntegratedComponent:63 - No mode defined for component null
2023-05-10 19:17:30,225 [WARN] ModelIntegratedComponent:63 - No mode defined for component null
2023-05-10 19:17:30,225 [WARN] ModelIntegratedComponent:63 - No mode defined for component null
2023-05-10 19:17:30,225 [WARN] ModelIntegratedComponent:63 - No mode defined for component null
2023-05-10 19:17:30,225 [WARN] ModelIntegratedComponent:63 - No mode defined for component null
2023-05-10 19:17:30,225 [WARN] ModelIntegratedComponent:63 - No mode defined for component null
2023-05-10 19:17:30,225 [WARN] ModelIntegratedComponent:63 - No mode defined for component null
2023-05-10 19:17:30,225 [WARN] ModelIntegratedComponent:63 - No mode defined for component null
2023-05-10 19:17:30,225 [WARN] ModelIntegratedComponent:63 - No mode defined for component null
2023-05-10 19:17:30,225 [WARN] ModelIntegratedComponent:63 - No mode defined for component null
2023-05-10 19:17:30,301 [WARN] ModelIntegratedComponent:182 - Modes not found for component STMicroelectronics:USB_DEVICE:1.0.0:STMicroelectronics:USB::USB Device:Audio HS::1.0:USB_DEVICE_1_0_RESTRICTED_HS
2023-05-10 19:17:30,301 [WARN] ModelIntegratedComponent:188 - Modes not found for component STMicroelectronics:USB_DEVICE:1.0.0:STMicroelectronics:USB::USB Device:Audio HS::1.0:USB_DEVICE_1_0_RESTRICTED_HS
2023-05-10 19:17:30,301 [WARN] ModelIntegratedComponent:182 - Modes not found for component STMicroelectronics:USB_DEVICE:1.0.0:STMicroelectronics:USB::USB Device:CDC HS::1.0:USB_DEVICE_1_0_RESTRICTED_HS
2023-05-10 19:17:30,301 [WARN] ModelIntegratedComponent:188 - Modes not found for component STMicroelectronics:USB_DEVICE:1.0.0:STMicroelectronics:USB::USB Device:CDC HS::1.0:USB_DEVICE_1_0_RESTRICTED_HS
2023-05-10 19:17:30,301 [WARN] ModelIntegratedComponent:182 - Modes not found for component STMicroelectronics:USB_DEVICE:1.0.0:STMicroelectronics:USB::USB Device:DFU HS::1.0:USB_DEVICE_1_0_RESTRICTED_HS
2023-05-10 19:17:30,301 [WARN] ModelIntegratedComponent:188 - Modes not found for component STMicroelectronics:USB_DEVICE:1.0.0:STMicroelectronics:USB::USB Device:DFU HS::1.0:USB_DEVICE_1_0_RESTRICTED_HS
2023-05-10 19:17:30,301 [WARN] ModelIntegratedComponent:182 - Modes not found for component STMicroelectronics:USB_DEVICE:1.0.0:STMicroelectronics:USB::USB Device:HID HS::1.0:USB_DEVICE_1_0_RESTRICTED_HS
2023-05-10 19:17:30,301 [WARN] ModelIntegratedComponent:188 - Modes not found for component STMicroelectronics:USB_DEVICE:1.0.0:STMicroelectronics:USB::USB Device:HID HS::1.0:USB_DEVICE_1_0_RESTRICTED_HS
2023-05-10 19:17:30,301 [WARN] ModelIntegratedComponent:182 - Modes not found for component STMicroelectronics:USB_DEVICE:1.0.0:STMicroelectronics:USB::USB Device:Custom HID HS::1.0:USB_DEVICE_1_0_RESTRICTED_HS
2023-05-10 19:17:30,301 [WARN] ModelIntegratedComponent:188 - Modes not found for component STMicroelectronics:USB_DEVICE:1.0.0:STMicroelectronics:USB::USB Device:Custom HID HS::1.0:USB_DEVICE_1_0_RESTRICTED_HS
2023-05-10 19:17:30,301 [WARN] ModelIntegratedComponent:182 - Modes not found for component STMicroelectronics:USB_DEVICE:1.0.0:STMicroelectronics:USB::USB Device:MSC HS::1.0:USB_DEVICE_1_0_RESTRICTED_HS
2023-05-10 19:17:30,301 [WARN] ModelIntegratedComponent:188 - Modes not found for component STMicroelectronics:USB_DEVICE:1.0.0:STMicroelectronics:USB::USB Device:MSC HS::1.0:USB_DEVICE_1_0_RESTRICTED_HS
2023-05-10 19:17:30,340 [INFO] ThirdPartyModel:298 - Start build external matchings
2023-05-10 19:17:30,693 [INFO] ThirdPartyModel:316 - End build external matchings
2023-05-10 19:17:30,744 [INFO] ImportTextPane:194 - (OptionalMessage_ERROR) IP (RCC) : Parameter (48MHZClocksFreq_Value) has invalid value (84000000)
2023-05-10 19:17:30,745 [INFO] ImportTextPane:194 - (OptionalMessage_ERROR) IP (RCC) : Parameter (FLatency) has Id (AdvancedSettings) currently not set
2023-05-10 19:17:30,745 [INFO] ImportTextPane:194 - (OptionalMessage_ERROR) IP (RCC) : Parameter (RTCHSEDivFreq_Value) has invalid value (4000000)
2023-05-10 19:17:31,175 [INFO] UtilMem:75 - End LoadConfig() Used Memory: 458943392 Bytes (981467136)
2023-05-10 19:17:31,360 [WARN] ThirdParty:833 - waiting for thirdparty lock release [change project]
2023-05-10 19:17:31,360 [INFO] ThirdParty:835 - entering critical section [change project]
2023-05-10 19:17:31,360 [INFO] ThirdParty:1030 - CMSIS Pack Vendor :STMicroelectronics X-CUBE-ISPU 1.1.0
2023-05-10 19:17:31,360 [INFO] ThirdParty:1030 - CMSIS Pack Vendor :RoweBots I-CUBE-UNISONRTOS 5.5.0-4
2023-05-10 19:17:31,360 [INFO] ThirdParty:1030 - CMSIS Pack Vendor :STMicroelectronics X-CUBE-GNSS1 6.0.0
2023-05-10 19:17:31,360 [INFO] ThirdParty:1030 - CMSIS Pack Vendor :STMicroelectronics USB_HOST 2.0.0
2023-05-10 19:17:31,360 [INFO] ThirdParty:1030 - CMSIS Pack Vendor :STMicroelectronics X-CUBE-AZRTOS-F4 1.1.0
2023-05-10 19:17:31,360 [INFO] ThirdParty:1030 - CMSIS Pack Vendor :STMicroelectronics LIBJPEG 8.0.0
2023-05-10 19:17:31,360 [INFO] ThirdParty:1030 - CMSIS Pack Vendor :STMicroelectronics X-CUBE-SMBUS 2.1.0
2023-05-10 19:17:31,360 [INFO] ThirdParty:1030 - CMSIS Pack Vendor :STMicroelectronics USB_DEVICE 3.0.0
2023-05-10 19:17:31,360 [INFO] ThirdParty:1030 - CMSIS Pack Vendor :STMicroelectronics X-CUBE-AI 8.0.0
2023-05-10 19:17:31,360 [INFO] ThirdParty:1030 - CMSIS Pack Vendor :STMicroelectronics X-CUBE-FREERTOS 1.0.0
2023-05-10 19:17:31,360 [INFO] ThirdParty:1030 - CMSIS Pack Vendor :STMicroelectronics X-CUBE-FREERTOS 1.0.1
2023-05-10 19:17:31,360 [INFO] ThirdParty:1030 - CMSIS Pack Vendor :STMicroelectronics X-CUBE-TOUCHGFX 4.21.1
2023-05-10 19:17:31,360 [INFO] ThirdParty:1030 - CMSIS Pack Vendor :STMicroelectronics X-CUBE-TOUCHGFX 4.21.3
2023-05-10 19:17:31,360 [INFO] ThirdParty:1030 - CMSIS Pack Vendor :STMicroelectronics X-CUBE-AZRTOS-F7 1.1.0
2023-05-10 19:17:31,360 [INFO] ThirdParty:1030 - CMSIS Pack Vendor :STMicroelectronics USB_DEVICE 2.0.0
2023-05-10 19:17:31,360 [INFO] ThirdParty:1030 - CMSIS Pack Vendor :STMicroelectronics X-CUBE-MEMS1 9.6.0
2023-05-10 19:17:31,360 [INFO] ThirdParty:1030 - CMSIS Pack Vendor :STMicroelectronics X-CUBE-ALGOBUILD 1.3.0
2023-05-10 19:17:31,360 [INFO] ThirdParty:1030 - CMSIS Pack Vendor :STMicroelectronics X-CUBE-BLE1 6.2.4
2023-05-10 19:17:31,360 [INFO] ThirdParty:1030 - CMSIS Pack Vendor :STMicroelectronics X-CUBE-AZRTOS-L5 1.1.0
2023-05-10 19:17:31,360 [INFO] ThirdParty:1030 - CMSIS Pack Vendor :STMicroelectronics FreeRTOS 0.0.1
2023-05-10 19:17:31,360 [INFO] ThirdParty:1030 - CMSIS Pack Vendor :emotas I-CUBE-CANOPEN 1.1.3
2023-05-10 19:17:31,360 [INFO] ThirdParty:1030 - CMSIS Pack Vendor :STMicroelectronics X-CUBE-AZRTOS-G0 1.1.0
2023-05-10 19:17:31,360 [INFO] ThirdParty:1030 - CMSIS Pack Vendor :STMicroelectronics X-CUBE-BLEMGR 2.0.0
2023-05-10 19:17:31,360 [INFO] ThirdParty:1030 - CMSIS Pack Vendor :STMicroelectronics X-CUBE-SUBG2 5.0.0
2023-05-10 19:17:31,364 [INFO] ThirdParty:1030 - CMSIS Pack Vendor :STMicroelectronics X-CUBE-NFC4 3.0.0
2023-05-10 19:17:31,364 [INFO] ThirdParty:1030 - CMSIS Pack Vendor :STMicroelectronics STM32_WPAN 1.0.0
2023-05-10 19:17:31,364 [INFO] ThirdParty:1030 - CMSIS Pack Vendor :STMicroelectronics lwIP 2.0.3
2023-05-10 19:17:31,364 [INFO] ThirdParty:1030 - CMSIS Pack Vendor :STMicroelectronics USB_HOST 1.0.0
2023-05-10 19:17:31,365 [INFO] ThirdParty:1030 - CMSIS Pack Vendor :STMicroelectronics X-CUBE-AZRTOS-G4 2.0.0
2023-05-10 19:17:31,365 [INFO] ThirdParty:1030 - CMSIS Pack Vendor :STMicroelectronics PDM2PCM 3.1.0
2023-05-10 19:17:31,366 [INFO] ThirdParty:1030 - CMSIS Pack Vendor :STMicroelectronics X-CUBE-AZRTOS-H7 3.1.0
2023-05-10 19:17:31,366 [INFO] ThirdParty:1030 - CMSIS Pack Vendor :STMicroelectronics X-CUBE-TOF1 3.3.0
2023-05-10 19:17:31,366 [INFO] ThirdParty:1030 - CMSIS Pack Vendor :STMicroelectronics FP-ATR-ASTRA1 1.1.1
2023-05-10 19:17:31,367 [INFO] ThirdParty:1030 - CMSIS Pack Vendor :STMicroelectronics PDM2PCM 3.3.0
2023-05-10 19:17:31,367 [INFO] ThirdParty:1030 - CMSIS Pack Vendor :STMicroelectronics X-CUBE-DISPLAY 3.0.0
2023-05-10 19:17:31,367 [INFO] ThirdParty:1030 - CMSIS Pack Vendor :STMicroelectronics X-CUBE-AZRTOS-G4 1.0.0
2023-05-10 19:17:31,367 [INFO] ThirdParty:1030 - CMSIS Pack Vendor :STMicroelectronics FP-ATR-SIGFOX1 3.2.0
2023-05-10 19:17:31,367 [INFO] ThirdParty:1030 - CMSIS Pack Vendor :wolfSSL I-CUBE-wolfSSL 5.5.4
2023-05-10 19:17:31,367 [INFO] ThirdParty:1030 - CMSIS Pack Vendor :STMicroelectronics X-CUBE-AZRTOS-L4 1.0.0
2023-05-10 19:17:31,370 [INFO] ThirdParty:1030 - CMSIS Pack Vendor :STMicroelectronics HAL Drivers 0.0.0
2023-05-10 19:17:31,370 [INFO] ThirdParty:1030 - CMSIS Pack Vendor :STMicroelectronics MBEDTLS 2.16.2
2023-05-10 19:17:31,370 [INFO] ThirdParty:1030 - CMSIS Pack Vendor :STMicroelectronics MBEDTLS 2.14.1
2023-05-10 19:17:31,370 [INFO] ThirdParty:1030 - CMSIS Pack Vendor :STMicroelectronics X-CUBE-NFC7 1.0.0
2023-05-10 19:17:31,370 [INFO] ThirdParty:1030 - CMSIS Pack Vendor :STMicroelectronics X-CUBE-AZRTOS-WL 1.0.0
2023-05-10 19:17:31,370 [INFO] ThirdParty:1030 - CMSIS Pack Vendor :STMicroelectronics X-CUBE-EEPRMA1 4.1.0
2023-05-10 19:17:31,373 [INFO] ThirdParty:1030 - CMSIS Pack Vendor :portGmbH I-Cube-SoM-uGOAL 1.1.0
2023-05-10 19:17:31,373 [INFO] ThirdParty:1030 - CMSIS Pack Vendor :STMicroelectronics X-CUBE-ALS 1.0.1
2023-05-10 19:17:31,373 [INFO] ThirdParty:1030 - CMSIS Pack Vendor :STMicroelectronics X-CUBE-MEMS1 9.5.0
2023-05-10 19:17:31,373 [INFO] ThirdParty:1030 - CMSIS Pack Vendor :STMicroelectronics ThreadX 1.0.0
2023-05-10 19:17:31,375 [INFO] ThirdParty:1030 - CMSIS Pack Vendor :STMicroelectronics X-CUBE-AZRTOS-WB 1.1.0
2023-05-10 19:17:31,375 [INFO] ThirdParty:1030 - CMSIS Pack Vendor :SEGGER I-CUBE-embOS 1.3.1
2023-05-10 19:17:31,375 [INFO] ThirdParty:1030 - CMSIS Pack Vendor :STMicroelectronics USB_DEVICE 1.0.0
2023-05-10 19:17:31,376 [INFO] ThirdParty:1030 - CMSIS Pack Vendor :STMicroelectronics ThreadX 0.0.2
2023-05-10 19:17:31,376 [INFO] ThirdParty:1030 - CMSIS Pack Vendor :WES I-CUBE-Cesium 1.3.0
2023-05-10 19:17:31,376 [INFO] ThirdParty:1030 - CMSIS Pack Vendor :STMicroelectronics FP-ATR-ASTRA1 2.0.0
2023-05-10 19:17:31,376 [INFO] ThirdParty:1030 - CMSIS Pack Vendor :STMicroelectronics lwIP 2.1.2
2023-05-10 19:17:31,376 [INFO] ThirdParty:1030 - CMSIS Pack Vendor :STMicroelectronics X-CUBE-SFXS2LP1 4.0.0
2023-05-10 19:17:31,379 [INFO] ThirdParty:1030 - CMSIS Pack Vendor :STMicroelectronics X-CUBE-BLE2 3.3.0
2023-05-10 19:17:31,379 [INFO] ThirdParty:1030 - CMSIS Pack Vendor :STMicroelectronics X-CUBE-TOF1 3.2.0
2023-05-10 19:17:31,379 [INFO] ThirdParty:1030 - CMSIS Pack Vendor :STMicroelectronics PDM2PCM 3.2.0
2023-05-10 19:17:31,379 [INFO] ThirdParty:1030 - CMSIS Pack Vendor :STMicroelectronics X-CUBE-AZRTOS-H7 3.0.0
2023-05-10 19:17:31,379 [INFO] ThirdParty:841 - exiting critical section [change project]
2023-05-10 19:17:32,298 [INFO] PinOutPanel:1499 - setPackage(No Configuration,No Configuration)
2023-05-10 19:17:32,305 [INFO] PinOutPanel:1499 - setPackage(STM32F411RETx,LQFP64)
2023-05-10 19:17:33,740 [INFO] UtilMem:75 - Before build in PCC Used Memory: 777788544 Bytes (981467136)
2023-05-10 19:17:35,915 [INFO] UtilMem:75 - After build in PCC Used Memory: 479447544 Bytes (981467136)
2023-05-10 19:17:35,944 [INFO] IPUIPlugin:80 - create IPUIPlugin
2023-05-10 19:17:35,944 [INFO] IPUIPlugin:80 - create IPUIPlugin
2023-05-10 19:17:35,950 [INFO] IPUIPlugin:80 - create IPUIPlugin
2023-05-10 19:17:35,950 [INFO] IPUIPlugin:80 - create IPUIPlugin
2023-05-10 19:17:35,950 [INFO] IPUIPlugin:80 - create IPUIPlugin
2023-05-10 19:17:35,951 [INFO] IPUIPlugin:80 - create IPUIPlugin
2023-05-10 19:17:35,951 [INFO] IPUIPlugin:80 - create IPUIPlugin
2023-05-10 19:17:35,953 [INFO] IPUIPlugin:80 - create IPUIPlugin
2023-05-10 19:17:35,953 [INFO] IPUIPlugin:80 - create IPUIPlugin
2023-05-10 19:17:35,954 [INFO] IPUIPlugin:80 - create IPUIPlugin
2023-05-10 19:17:35,954 [INFO] IPUIPlugin:80 - create IPUIPlugin
2023-05-10 19:17:35,954 [INFO] IPUIPlugin:80 - create IPUIPlugin
2023-05-10 19:17:35,954 [INFO] IPUIPlugin:80 - create IPUIPlugin
2023-05-10 19:17:35,954 [INFO] IPUIPlugin:80 - create IPUIPlugin
2023-05-10 19:17:35,957 [INFO] IPUIPlugin:80 - create IPUIPlugin
2023-05-10 19:17:35,957 [INFO] IPUIPlugin:80 - create IPUIPlugin
2023-05-10 19:17:35,957 [INFO] IPUIPlugin:80 - create IPUIPlugin
2023-05-10 19:17:35,957 [INFO] IPUIPlugin:80 - create IPUIPlugin
2023-05-10 19:17:35,960 [INFO] IPUIPlugin:80 - create IPUIPlugin
2023-05-10 19:17:35,960 [INFO] IPUIPlugin:80 - create IPUIPlugin
2023-05-10 19:17:35,960 [INFO] IPUIPlugin:80 - create IPUIPlugin
2023-05-10 19:17:35,963 [INFO] IPUIPlugin:80 - create IPUIPlugin
2023-05-10 19:17:35,963 [INFO] IPUIPlugin:80 - create IPUIPlugin
2023-05-10 19:17:35,964 [INFO] IPUIPlugin:80 - create IPUIPlugin
2023-05-10 19:17:35,964 [INFO] IPUIPlugin:80 - create IPUIPlugin
2023-05-10 19:17:35,964 [INFO] IPUIPlugin:80 - create IPUIPlugin
2023-05-10 19:17:35,965 [INFO] IPUIPlugin:80 - create IPUIPlugin
2023-05-10 19:17:35,965 [INFO] IPUIPlugin:80 - create IPUIPlugin
2023-05-10 19:17:35,965 [INFO] IPUIPlugin:80 - create IPUIPlugin
2023-05-10 19:17:35,965 [INFO] IPUIPlugin:80 - create IPUIPlugin
2023-05-10 19:17:35,968 [INFO] IPUIPlugin:80 - create IPUIPlugin
2023-05-10 19:17:35,968 [INFO] IPUIPlugin:80 - create IPUIPlugin
2023-05-10 19:17:35,968 [INFO] IPUIPlugin:80 - create IPUIPlugin
2023-05-10 19:17:35,970 [INFO] IPUIPlugin:80 - create IPUIPlugin
2023-05-10 19:17:35,970 [INFO] IPUIPlugin:80 - create IPUIPlugin
2023-05-10 19:17:35,970 [INFO] IPUIPlugin:80 - create IPUIPlugin
2023-05-10 19:17:35,972 [INFO] IPUIPlugin:80 - create IPUIPlugin
2023-05-10 19:17:35,972 [INFO] IPUIPlugin:80 - create IPUIPlugin
2023-05-10 19:17:35,972 [INFO] IPUIPlugin:80 - create IPUIPlugin
2023-05-10 19:17:35,973 [INFO] IPUIPlugin:80 - create IPUIPlugin
2023-05-10 19:17:35,973 [INFO] IPUIPlugin:80 - create IPUIPlugin
2023-05-10 19:17:35,973 [INFO] IPUIPlugin:80 - create IPUIPlugin
2023-05-10 19:17:35,973 [INFO] IPUIPlugin:80 - create IPUIPlugin
2023-05-10 19:17:36,102 [INFO] ApiDbMcu:507 - Load IP Config File for PDM2PCM
2023-05-10 19:17:36,647 [INFO] CADModel:165 - CPN selected for project levelSTM32F411RET6
2023-05-10 19:17:36,647 [INFO] CADModel:114 - Register for checkConnection events
2023-05-10 19:17:36,719 [INFO] OpenFileManager:328 - Restore cursor
2023-05-10 19:17:54,565 [INFO] RtosManager:919 - Current active RTOS is FREERTOS [Cortex-M4NS]
2023-05-10 19:17:54,844 [INFO] ApiDbMcu:507 - Load IP Config File for FREERTOS
2023-05-10 19:17:55,032 [WARN] FreeRTOS:563 - Case being investigated as it may cause exception (when called to early by set config state
2023-05-10 19:17:55,616 [ERROR] RtosPanel:558 - Can not restore the selected Tab for FREERTOS(A reason can be that the tab is no more available.)
2023-05-10 19:17:55,772 [ERROR] RtosPanel:558 - Can not restore the selected Tab for FREERTOS(A reason can be that the tab is no more available.)
2023-05-10 19:27:26,592 [INFO] TasksAndQueuesTab:757 - Dynamic
2023-05-10 19:27:26,592 [WARN] TasksAndQueuesTab:763 - 128 128
2023-05-10 19:27:26,592 [WARN] TasksAndQueuesTab:775 - max value is: 3840.0
2023-05-10 19:27:45,081 [INFO] EditThreadDialog:704 - RAM SIZE (in KB): 128
2023-05-10 19:27:45,081 [INFO] EditThreadDialog:706 - RAM SIZE (in words): 32768
2023-05-10 19:27:49,959 [INFO] TasksAndQueuesTab:757 - Dynamic
2023-05-10 19:27:49,959 [WARN] TasksAndQueuesTab:763 - 128 128
2023-05-10 19:27:49,959 [WARN] TasksAndQueuesTab:775 - max value is: 3840.0
2023-05-10 19:27:49,959 [INFO] TasksAndQueuesTab:757 - Dynamic
2023-05-10 19:27:49,959 [WARN] TasksAndQueuesTab:763 - 128 128
2023-05-10 19:27:49,959 [WARN] TasksAndQueuesTab:775 - max value is: 3840.0
2023-05-10 19:27:50,092 [ERROR] RtosPanel:558 - Can not restore the selected Tab for FREERTOS(A reason can be that the tab is no more available.)
2023-05-10 19:27:55,793 [INFO] UtilMem:75 - End SaveConfig() Used Memory: 580449840 Bytes (981467136)
2023-05-10 19:27:56,142 [INFO] UtilMem:75 - End SaveConfig() Used Memory: 599403000 Bytes (981467136)
2023-05-10 19:28:01,649 [INFO] BlockDiagram:2759 - set Specific Code input for plugin: NVIC
2023-05-10 19:28:01,652 [INFO] BlockDiagram:2759 - set Specific Code input for plugin: FREERTOS
2023-05-10 19:28:01,652 [INFO] BlockDiagram:2759 - set Specific Code input for plugin: USART
2023-05-10 19:28:01,652 [INFO] BlockDiagram:2759 - set Specific Code input for plugin: SYS
2023-05-10 19:28:01,652 [INFO] BlockDiagram:2759 - set Specific Code input for plugin: GPIO
2023-05-10 19:28:01,652 [INFO] BlockDiagram:2759 - set Specific Code input for plugin: ADC
2023-05-10 19:28:01,652 [INFO] BlockDiagram:2759 - set Specific Code input for plugin: RCC
2023-05-10 19:28:01,652 [INFO] CodeGenerator:793 - code generatio: config db path: C:/Users/sbrot/.stm32cubemx/databases/DB.6.0.40/db/
2023-05-10 19:28:02,119 [INFO] CodeEngine:255 - oldGeneratedFile, C:\Users\sbrot\STM32CubeIDE\workspace_1.8.0\SEU_EN1_SBC_54016341J\MXTmpFiles\license.tmp_save
2023-05-10 19:28:03,095 [INFO] CodeEngine:279 - Generated code: C:\Users\sbrot\STM32CubeIDE\workspace_1.8.0\SEU_EN1_SBC_54016341J\MXTmpFiles\license.tmp
2023-05-10 19:28:03,234 [INFO] CodeEngine:255 - oldGeneratedFile, C:\Users\sbrot\STM32CubeIDE\workspace_1.8.0\SEU_EN1_SBC_54016341J\MXTmpFiles\gpio.tmp_save
2023-05-10 19:28:03,501 [INFO] CodeEngine:279 - Generated code: C:\Users\sbrot\STM32CubeIDE\workspace_1.8.0\SEU_EN1_SBC_54016341J\MXTmpFiles\gpio.tmp
2023-05-10 19:28:04,023 [INFO] Middleware:1439 - No code input for Bsp Dependency
2023-05-10 19:28:04,035 [INFO] CodeEngine:255 - oldGeneratedFile, C:\Users\sbrot\STM32CubeIDE\workspace_1.8.0\SEU_EN1_SBC_54016341J\MXTmpFiles\rtos_inc.tmp_save
2023-05-10 19:28:04,179 [INFO] CodeEngine:279 - Generated code: C:\Users\sbrot\STM32CubeIDE\workspace_1.8.0\SEU_EN1_SBC_54016341J\MXTmpFiles\rtos_inc.tmp
2023-05-10 19:28:04,179 [INFO] CodeEngine:255 - oldGeneratedFile, C:\Users\sbrot\STM32CubeIDE\workspace_1.8.0\SEU_EN1_SBC_54016341J\MXTmpFiles\rtos_kernelInit.tmp_save
2023-05-10 19:28:04,293 [INFO] CodeEngine:279 - Generated code: C:\Users\sbrot\STM32CubeIDE\workspace_1.8.0\SEU_EN1_SBC_54016341J\MXTmpFiles\rtos_kernelInit.tmp
2023-05-10 19:28:04,295 [INFO] CodeEngine:255 - oldGeneratedFile, C:\Users\sbrot\STM32CubeIDE\workspace_1.8.0\SEU_EN1_SBC_54016341J\MXTmpFiles\rtos_kernelStart.tmp_save
2023-05-10 19:28:04,383 [INFO] CodeEngine:279 - Generated code: C:\Users\sbrot\STM32CubeIDE\workspace_1.8.0\SEU_EN1_SBC_54016341J\MXTmpFiles\rtos_kernelStart.tmp
2023-05-10 19:28:04,397 [INFO] CodeEngine:255 - oldGeneratedFile, C:\Users\sbrot\STM32CubeIDE\workspace_1.8.0\SEU_EN1_SBC_54016341J\MXTmpFiles\rtos_typedefs.tmp_save
2023-05-10 19:28:04,477 [INFO] CodeEngine:279 - Generated code: C:\Users\sbrot\STM32CubeIDE\workspace_1.8.0\SEU_EN1_SBC_54016341J\MXTmpFiles\rtos_typedefs.tmp
2023-05-10 19:28:04,493 [INFO] CodeEngine:255 - oldGeneratedFile, C:\Users\sbrot\STM32CubeIDE\workspace_1.8.0\SEU_EN1_SBC_54016341J\MXTmpFiles\rtos_vars.tmp_save
2023-05-10 19:28:04,595 [INFO] CodeEngine:279 - Generated code: C:\Users\sbrot\STM32CubeIDE\workspace_1.8.0\SEU_EN1_SBC_54016341J\MXTmpFiles\rtos_vars.tmp
2023-05-10 19:28:04,597 [INFO] CodeEngine:255 - oldGeneratedFile, C:\Users\sbrot\STM32CubeIDE\workspace_1.8.0\SEU_EN1_SBC_54016341J\MXTmpFiles\rtos_pfp.tmp_save
2023-05-10 19:28:04,688 [INFO] CodeEngine:279 - Generated code: C:\Users\sbrot\STM32CubeIDE\workspace_1.8.0\SEU_EN1_SBC_54016341J\MXTmpFiles\rtos_pfp.tmp
2023-05-10 19:28:04,693 [INFO] CodeEngine:255 - oldGeneratedFile, C:\Users\sbrot\STM32CubeIDE\workspace_1.8.0\SEU_EN1_SBC_54016341J\MXTmpFiles\rtos_obj_creat.tmp_save
2023-05-10 19:28:04,782 [INFO] CodeEngine:279 - Generated code: C:\Users\sbrot\STM32CubeIDE\workspace_1.8.0\SEU_EN1_SBC_54016341J\MXTmpFiles\rtos_obj_creat.tmp
2023-05-10 19:28:04,793 [INFO] CodeEngine:255 - oldGeneratedFile, C:\Users\sbrot\STM32CubeIDE\workspace_1.8.0\SEU_EN1_SBC_54016341J\MXTmpFiles\rtos_default_thread.tmp_save
2023-05-10 19:28:04,877 [INFO] CodeEngine:279 - Generated code: C:\Users\sbrot\STM32CubeIDE\workspace_1.8.0\SEU_EN1_SBC_54016341J\MXTmpFiles\rtos_default_thread.tmp
2023-05-10 19:28:04,877 [INFO] CodeEngine:255 - oldGeneratedFile, C:\Users\sbrot\STM32CubeIDE\workspace_1.8.0\SEU_EN1_SBC_54016341J\MXTmpFiles\rtos_threads.tmp_save
2023-05-10 19:28:04,950 [INFO] CodeEngine:279 - Generated code: C:\Users\sbrot\STM32CubeIDE\workspace_1.8.0\SEU_EN1_SBC_54016341J\MXTmpFiles\rtos_threads.tmp
2023-05-10 19:28:04,966 [INFO] Middleware:1439 - No code input for Bsp Dependency
2023-05-10 19:28:04,977 [INFO] CodeEngine:255 - oldGeneratedFile, C:\Users\sbrot\STM32CubeIDE\workspace_1.8.0\SEU_EN1_SBC_54016341J\MXTmpFiles\rtos_inc.tmp_save
2023-05-10 19:28:05,036 [INFO] CodeEngine:279 - Generated code: C:\Users\sbrot\STM32CubeIDE\workspace_1.8.0\SEU_EN1_SBC_54016341J\MXTmpFiles\rtos_inc.tmp
2023-05-10 19:28:05,036 [INFO] CodeEngine:255 - oldGeneratedFile, C:\Users\sbrot\STM32CubeIDE\workspace_1.8.0\SEU_EN1_SBC_54016341J\MXTmpFiles\rtos_kernelInit.tmp_save
2023-05-10 19:28:05,097 [INFO] CodeEngine:279 - Generated code: C:\Users\sbrot\STM32CubeIDE\workspace_1.8.0\SEU_EN1_SBC_54016341J\MXTmpFiles\rtos_kernelInit.tmp
2023-05-10 19:28:05,097 [INFO] CodeEngine:255 - oldGeneratedFile, C:\Users\sbrot\STM32CubeIDE\workspace_1.8.0\SEU_EN1_SBC_54016341J\MXTmpFiles\rtos_kernelStart.tmp_save
2023-05-10 19:28:05,159 [INFO] CodeEngine:279 - Generated code: C:\Users\sbrot\STM32CubeIDE\workspace_1.8.0\SEU_EN1_SBC_54016341J\MXTmpFiles\rtos_kernelStart.tmp
2023-05-10 19:28:05,166 [INFO] CodeEngine:255 - oldGeneratedFile, C:\Users\sbrot\STM32CubeIDE\workspace_1.8.0\SEU_EN1_SBC_54016341J\MXTmpFiles\rtos_typedefs.tmp_save
2023-05-10 19:28:05,218 [INFO] CodeEngine:279 - Generated code: C:\Users\sbrot\STM32CubeIDE\workspace_1.8.0\SEU_EN1_SBC_54016341J\MXTmpFiles\rtos_typedefs.tmp
2023-05-10 19:28:05,234 [INFO] CodeEngine:255 - oldGeneratedFile, C:\Users\sbrot\STM32CubeIDE\workspace_1.8.0\SEU_EN1_SBC_54016341J\MXTmpFiles\rtos_vars.tmp_save
2023-05-10 19:28:05,298 [INFO] CodeEngine:279 - Generated code: C:\Users\sbrot\STM32CubeIDE\workspace_1.8.0\SEU_EN1_SBC_54016341J\MXTmpFiles\rtos_vars.tmp
2023-05-10 19:28:05,307 [INFO] CodeEngine:255 - oldGeneratedFile, C:\Users\sbrot\STM32CubeIDE\workspace_1.8.0\SEU_EN1_SBC_54016341J\MXTmpFiles\rtos_pfp.tmp_save
2023-05-10 19:28:05,366 [INFO] CodeEngine:279 - Generated code: C:\Users\sbrot\STM32CubeIDE\workspace_1.8.0\SEU_EN1_SBC_54016341J\MXTmpFiles\rtos_pfp.tmp
2023-05-10 19:28:05,376 [INFO] CodeEngine:255 - oldGeneratedFile, C:\Users\sbrot\STM32CubeIDE\workspace_1.8.0\SEU_EN1_SBC_54016341J\MXTmpFiles\rtos_obj_creat.tmp_save
2023-05-10 19:28:05,435 [INFO] CodeEngine:279 - Generated code: C:\Users\sbrot\STM32CubeIDE\workspace_1.8.0\SEU_EN1_SBC_54016341J\MXTmpFiles\rtos_obj_creat.tmp
2023-05-10 19:28:05,445 [INFO] CodeEngine:255 - oldGeneratedFile, C:\Users\sbrot\STM32CubeIDE\workspace_1.8.0\SEU_EN1_SBC_54016341J\MXTmpFiles\rtos_default_thread.tmp_save
2023-05-10 19:28:05,510 [INFO] CodeEngine:279 - Generated code: C:\Users\sbrot\STM32CubeIDE\workspace_1.8.0\SEU_EN1_SBC_54016341J\MXTmpFiles\rtos_default_thread.tmp
2023-05-10 19:28:05,515 [INFO] CodeEngine:255 - oldGeneratedFile, C:\Users\sbrot\STM32CubeIDE\workspace_1.8.0\SEU_EN1_SBC_54016341J\MXTmpFiles\rtos_threads.tmp_save
2023-05-10 19:28:05,566 [INFO] CodeEngine:279 - Generated code: C:\Users\sbrot\STM32CubeIDE\workspace_1.8.0\SEU_EN1_SBC_54016341J\MXTmpFiles\rtos_threads.tmp
2023-05-10 19:28:05,578 [INFO] CodeEngine:255 - oldGeneratedFile, C:\Users\sbrot\STM32CubeIDE\workspace_1.8.0\SEU_EN1_SBC_54016341J\Core\Inc\FreeRTOSConfig.h_save
2023-05-10 19:28:05,676 [INFO] CodeEngine:279 - Generated code: C:\Users\sbrot\STM32CubeIDE\workspace_1.8.0\SEU_EN1_SBC_54016341J\Core\Inc\FreeRTOSConfig.h
2023-05-10 19:28:05,676 [INFO] CodeEngine:255 - oldGeneratedFile, C:\Users\sbrot\STM32CubeIDE\workspace_1.8.0\SEU_EN1_SBC_54016341J\Core\Src\freertos.c_save
2023-05-10 19:28:05,801 [INFO] CodeEngine:279 - Generated code: C:\Users\sbrot\STM32CubeIDE\workspace_1.8.0\SEU_EN1_SBC_54016341J\Core\Src\freertos.c
2023-05-10 19:28:05,821 [INFO] CodeEngine:255 - oldGeneratedFile, C:\Users\sbrot\STM32CubeIDE\workspace_1.8.0\SEU_EN1_SBC_54016341J\Core\Src\stm32f4xx_it.c_save
2023-05-10 19:28:06,032 [INFO] CodeEngine:279 - Generated code: C:\Users\sbrot\STM32CubeIDE\workspace_1.8.0\SEU_EN1_SBC_54016341J\Core\Src\stm32f4xx_it.c
2023-05-10 19:28:06,041 [INFO] CodeEngine:255 - oldGeneratedFile, C:\Users\sbrot\STM32CubeIDE\workspace_1.8.0\SEU_EN1_SBC_54016341J\Core\Inc\stm32f4xx_it.h_save
2023-05-10 19:28:06,128 [INFO] CodeEngine:279 - Generated code: C:\Users\sbrot\STM32CubeIDE\workspace_1.8.0\SEU_EN1_SBC_54016341J\Core\Inc\stm32f4xx_it.h
2023-05-10 19:28:06,150 [INFO] CodeEngine:255 - oldGeneratedFile, C:\Users\sbrot\STM32CubeIDE\workspace_1.8.0\SEU_EN1_SBC_54016341J\Core\Src\stm32f4xx_hal_msp.c_save
2023-05-10 19:28:06,304 [INFO] CodeEngine:279 - Generated code: C:\Users\sbrot\STM32CubeIDE\workspace_1.8.0\SEU_EN1_SBC_54016341J\Core\Src\stm32f4xx_hal_msp.c
2023-05-10 19:28:06,304 [INFO] CodeEngine:255 - oldGeneratedFile, C:\Users\sbrot\STM32CubeIDE\workspace_1.8.0\SEU_EN1_SBC_54016341J\MXTmpFiles\system.tmp_save
2023-05-10 19:28:06,368 [INFO] CodeEngine:279 - Generated code: C:\Users\sbrot\STM32CubeIDE\workspace_1.8.0\SEU_EN1_SBC_54016341J\MXTmpFiles\system.tmp
2023-05-10 19:28:06,383 [INFO] CodeEngine:311 - oldGeneratedFile, C:\Users\sbrot\STM32CubeIDE\workspace_1.8.0\SEU_EN1_SBC_54016341J\Core\Inc\stm32f4xx_hal_conf.h_save
2023-05-10 19:28:06,508 [INFO] CodeEngine:335 - Generated code: C:\Users\sbrot\STM32CubeIDE\workspace_1.8.0\SEU_EN1_SBC_54016341J\Core\Inc\stm32f4xx_hal_conf.h
2023-05-10 19:28:06,593 [INFO] CodeEngine:255 - oldGeneratedFile, C:\Users\sbrot\STM32CubeIDE\workspace_1.8.0\SEU_EN1_SBC_54016341J\Core\Inc\main.h_save
2023-05-10 19:28:06,687 [INFO] CodeEngine:279 - Generated code: C:\Users\sbrot\STM32CubeIDE\workspace_1.8.0\SEU_EN1_SBC_54016341J\Core\Inc\main.h
2023-05-10 19:28:06,696 [INFO] CodeEngine:255 - oldGeneratedFile, C:\Users\sbrot\STM32CubeIDE\workspace_1.8.0\SEU_EN1_SBC_54016341J\Core\Src\main.c_save
2023-05-10 19:28:06,909 [INFO] CodeEngine:279 - Generated code: C:\Users\sbrot\STM32CubeIDE\workspace_1.8.0\SEU_EN1_SBC_54016341J\Core\Src\main.c
2023-05-10 19:28:07,746 [INFO] ProjectBuilder:2996 - Time for Copy HAL[1] : 325mS.
2023-05-10 19:28:07,753 [INFO] ProjectBuilder:4304 - Project Generator version: 3.19.2
2023-05-10 19:28:08,006 [INFO] ConfigFileManager:1483 - The Die is : DIE431
2023-05-10 19:28:08,021 [INFO] ApiDbMcu:507 - Load IP Config File for FATFS
2023-05-10 19:28:08,022 [INFO] ApiDbMcu:507 - Load IP Config File for LIBJPEG
2023-05-10 19:28:08,026 [INFO] ApiDbMcu:507 - Load IP Config File for MBEDTLS
2023-05-10 19:28:08,034 [INFO] ApiDbMcu:507 - Load IP Config File for USB_DEVICE
2023-05-10 19:28:08,037 [INFO] ApiDbMcu:507 - Load IP Config File for USB_HOST
2023-05-10 19:28:09,437 [INFO] LogOutputStream:77 - [STDOUT_REDIRECT] 
2023-05-10 19:28:12,136 [INFO] ProjectBuilder:4505 - Time for Generating toolchain IDE Files: 4369mS.
2023-05-10 19:28:12,138 [INFO] ProjectBuilder:2867 - Time for Copy CMSIS : 0mS.
2023-05-10 19:28:12,141 [INFO] ProjectBuilder:2867 - Time for Copy CMSIS : 0mS.
