2023-06-21 16:46:44,658 [INFO] Activator:176 - 


2023-06-21 16:46:44,658 [INFO] Activator:177 - !SESSION log4j initialized
2023-06-21 16:46:53,638 [INFO] LogOutputStream:77 - [STDOUT_REDIRECT] 
2023-06-21 16:47:20,646 [ERROR] LogOutputStream:75 - [STDERR_REDIRECT] SLF4J: Failed to load class "org.slf4j.impl.StaticLoggerBinder".
2023-06-21 16:47:20,646 [ERROR] LogOutputStream:75 - [STDERR_REDIRECT] SLF4J: Defaulting to no-operation (NOP) logger implementation
2023-06-21 16:47:20,646 [ERROR] LogOutputStream:75 - [STDERR_REDIRECT] SLF4J: See http://www.slf4j.org/codes.html#StaticLoggerBinder for further details.
2023-06-21 17:34:26,132 [INFO] Activator:176 - 


2023-06-21 17:34:26,134 [INFO] Activator:177 - !SESSION log4j initialized
2023-06-21 17:34:35,687 [INFO] LogOutputStream:77 - [STDOUT_REDIRECT] 
2023-06-21 17:34:58,787 [ERROR] LogOutputStream:75 - [STDERR_REDIRECT] SLF4J: Failed to load class "org.slf4j.impl.StaticLoggerBinder".
2023-06-21 17:34:58,787 [ERROR] LogOutputStream:75 - [STDERR_REDIRECT] SLF4J: Defaulting to no-operation (NOP) logger implementation
2023-06-21 17:34:58,787 [ERROR] LogOutputStream:75 - [STDERR_REDIRECT] SLF4J: See http://www.slf4j.org/codes.html#StaticLoggerBinder for further details.
2023-06-21 18:33:35,978 [INFO] Activator:176 - 


2023-06-21 18:33:35,993 [INFO] Activator:177 - !SESSION log4j initialized
2023-06-21 18:33:42,739 [INFO] LogOutputStream:77 - [STDOUT_REDIRECT] 
2023-06-21 18:34:06,814 [ERROR] LogOutputStream:75 - [STDERR_REDIRECT] SLF4J: Failed to load class "org.slf4j.impl.StaticLoggerBinder".
2023-06-21 18:34:06,814 [ERROR] LogOutputStream:75 - [STDERR_REDIRECT] SLF4J: Defaulting to no-operation (NOP) logger implementation
2023-06-21 18:34:06,820 [ERROR] LogOutputStream:75 - [STDERR_REDIRECT] SLF4J: See http://www.slf4j.org/codes.html#StaticLoggerBinder for further details.
2023-06-21 19:37:16,656 [INFO] Activator:176 - 


2023-06-21 19:37:16,656 [INFO] Activator:177 - !SESSION log4j initialized
2023-06-21 19:37:23,392 [INFO] LogOutputStream:77 - [STDOUT_REDIRECT] 
